05-12-2021 00:19:44.795 [Gauge] [DEBUG] Created gauge_screenshots_dir at C:\Users\TESTINIUM\IdeaProjects\BitexenApiProject\.gauge\screenshots
05-12-2021 00:19:44.806 [Gauge] [DEBUG] Plugin java is already installed.
05-12-2021 00:19:44.814 [Gauge] [DEBUG] Plugin html-report is already installed.
05-12-2021 00:19:44.818 [Gauge] [DEBUG] Parsing started.
05-12-2021 00:19:44.818 [Gauge] [DEBUG] Started concepts parsing.
05-12-2021 00:19:44.833 [Gauge] [DEBUG] 2 concepts parsing completed.
05-12-2021 00:19:44.834 [Gauge] [DEBUG] Started specifications parsing.
05-12-2021 00:19:44.835 [Gauge] [DEBUG] 1 specifications parsing completed.
05-12-2021 00:19:44.836 [Gauge] [DEBUG] Parsing completed.
05-12-2021 00:19:44.839 [Gauge] [DEBUG] Staring java runner
05-12-2021 00:19:45.061 [java] [DEBUG] classpath set to C:\Program Files (x86)\Java\jdk1.8.0_271\jre\lib\charsets.jar;C:\Program Files (x86)\Java\jdk1.8.0_271\jre\lib\deploy.jar;C:\Program Files (x86)\Java\jdk1.8.0_271\jre\lib\ext\access-bridge-32.jar;C:\Program Files (x86)\Java\jdk1.8.0_271\jre\lib\ext\cldrdata.jar;C:\Program Files (x86)\Java\jdk1.8.0_271\jre\lib\ext\dnsns.jar;C:\Program Files (x86)\Java\jdk1.8.0_271\jre\lib\ext\jaccess.jar;C:\Program Files (x86)\Java\jdk1.8.0_271\jre\lib\ext\jfxrt.jar;C:\Program Files (x86)\Java\jdk1.8.0_271\jre\lib\ext\localedata.jar;C:\Program Files (x86)\Java\jdk1.8.0_271\jre\lib\ext\nashorn.jar;C:\Program Files (x86)\Java\jdk1.8.0_271\jre\lib\ext\sunec.jar;C:\Program Files (x86)\Java\jdk1.8.0_271\jre\lib\ext\sunjce_provider.jar;C:\Program Files (x86)\Java\jdk1.8.0_271\jre\lib\ext\sunmscapi.jar;C:\Program Files (x86)\Java\jdk1.8.0_271\jre\lib\ext\sunpkcs11.jar;C:\Program Files (x86)\Java\jdk1.8.0_271\jre\lib\ext\zipfs.jar;C:\Program Files (x86)\Java\jdk1.8.0_271\jre\lib\javaws.jar;C:\Program Files (x86)\Java\jdk1.8.0_271\jre\lib\jce.jar;C:\Program Files (x86)\Java\jdk1.8.0_271\jre\lib\jfr.jar;C:\Program Files (x86)\Java\jdk1.8.0_271\jre\lib\jfxswt.jar;C:\Program Files (x86)\Java\jdk1.8.0_271\jre\lib\jsse.jar;C:\Program Files (x86)\Java\jdk1.8.0_271\jre\lib\management-agent.jar;C:\Program Files (x86)\Java\jdk1.8.0_271\jre\lib\plugin.jar;C:\Program Files (x86)\Java\jdk1.8.0_271\jre\lib\resources.jar;C:\Program Files (x86)\Java\jdk1.8.0_271\jre\lib\rt.jar;C:\Users\TESTINIUM\IdeaProjects\BitexenApiProject\target\test-classes;C:\Users\TESTINIUM\.m2\repository\org\seleniumhq\selenium\selenium-java\3.141.59\selenium-java-3.141.59.jar;C:\Users\TESTINIUM\.m2\repository\org\seleniumhq\selenium\selenium-api\3.141.59\selenium-api-3.141.59.jar;C:\Users\TESTINIUM\.m2\repository\org\seleniumhq\selenium\selenium-edge-driver\3.141.59\selenium-edge-driver-3.141.59.jar;C:\Users\TESTINIUM\.m2\repository\org\seleniumhq\selenium\selenium-firefox-driver\3.141.59\selenium-firefox-driver-3.141.59.jar;C:\Users\TESTINIUM\.m2\repository\org\seleniumhq\selenium\selenium-ie-driver\3.141.59\selenium-ie-driver-3.141.59.jar;C:\Users\TESTINIUM\.m2\repository\org\seleniumhq\selenium\selenium-opera-driver\3.141.59\selenium-opera-driver-3.141.59.jar;C:\Users\TESTINIUM\.m2\repository\org\seleniumhq\selenium\selenium-remote-driver\3.141.59\selenium-remote-driver-3.141.59.jar;C:\Users\TESTINIUM\.m2\repository\org\seleniumhq\selenium\selenium-safari-driver\3.141.59\selenium-safari-driver-3.141.59.jar;C:\Users\TESTINIUM\.m2\repository\org\seleniumhq\selenium\selenium-support\3.141.59\selenium-support-3.141.59.jar;C:\Users\TESTINIUM\.m2\repository\net\bytebuddy\byte-buddy\1.8.15\byte-buddy-1.8.15.jar;C:\Users\TESTINIUM\.m2\repository\org\apache\commons\commons-exec\1.3\commons-exec-1.3.jar;C:\Users\TESTINIUM\.m2\repository\com\google\guava\guava\25.0-jre\guava-25.0-jre.jar;C:\Users\TESTINIUM\.m2\repository\com\google\code\findbugs\jsr305\1.3.9\jsr305-1.3.9.jar;C:\Users\TESTINIUM\.m2\repository\org\checkerframework\checker-compat-qual\2.0.0\checker-compat-qual-2.0.0.jar;C:\Users\TESTINIUM\.m2\repository\com\google\errorprone\error_prone_annotations\2.1.3\error_prone_annotations-2.1.3.jar;C:\Users\TESTINIUM\.m2\repository\com\google\j2objc\j2objc-annotations\1.1\j2objc-annotations-1.1.jar;C:\Users\TESTINIUM\.m2\repository\org\codehaus\mojo\animal-sniffer-annotations\1.14\animal-sniffer-annotations-1.14.jar;C:\Users\TESTINIUM\.m2\repository\com\squareup\okhttp3\okhttp\3.11.0\okhttp-3.11.0.jar;C:\Users\TESTINIUM\.m2\repository\com\squareup\okio\okio\1.14.0\okio-1.14.0.jar;C:\Users\TESTINIUM\.m2\repository\org\seleniumhq\selenium\selenium-chrome-driver\3.141.59\selenium-chrome-driver-3.141.59.jar;C:\Users\TESTINIUM\.m2\repository\org\junit\jupiter\junit-jupiter-api\5.7.0\junit-jupiter-api-5.7.0.jar;C:\Users\TESTINIUM\.m2\repository\org\apiguardian\apiguardian-api\1.1.0\apiguardian-api-1.1.0.jar;C:\Users\TESTINIUM\.m2\repository\org\opentest4j\opentest4j\1.2.0\opentest4j-1.2.0.jar;C:\Users\TESTINIUM\.m2\repository\org\junit\platform\junit-platform-commons\1.7.0\junit-platform-commons-1.7.0.jar;C:\Users\TESTINIUM\.m2\repository\com\thoughtworks\gauge\gauge-java\0.7.3\gauge-java-0.7.3.jar;C:\Users\TESTINIUM\.m2\repository\org\assertj\assertj-core\3.14.0\assertj-core-3.14.0.jar;C:\Users\TESTINIUM\.m2\repository\org\reflections\reflections\0.9.11\reflections-0.9.11.jar;C:\Users\TESTINIUM\.m2\repository\org\javassist\javassist\3.21.0-GA\javassist-3.21.0-GA.jar;C:\Users\TESTINIUM\.m2\repository\com\github\javaparser\javaparser-core\2.5.1\javaparser-core-2.5.1.jar;C:\Users\TESTINIUM\.m2\repository\commons-io\commons-io\2.6\commons-io-2.6.jar;C:\Users\TESTINIUM\.m2\repository\commons-lang\commons-lang\2.6\commons-lang-2.6.jar;C:\Users\TESTINIUM\.m2\repository\com\google\protobuf\protobuf-java\3.10.0\protobuf-java-3.10.0.jar;C:\Users\TESTINIUM\.m2\repository\io\grpc\grpc-netty-shaded\1.25.0\grpc-netty-shaded-1.25.0.jar;C:\Users\TESTINIUM\.m2\repository\io\grpc\grpc-core\1.25.0\grpc-core-1.25.0.jar;C:\Users\TESTINIUM\.m2\repository\io\grpc\grpc-api\1.25.0\grpc-api-1.25.0.jar;C:\Users\TESTINIUM\.m2\repository\io\grpc\grpc-context\1.25.0\grpc-context-1.25.0.jar;C:\Users\TESTINIUM\.m2\repository\com\google\android\annotations\4.1.1.4\annotations-4.1.1.4.jar;C:\Users\TESTINIUM\.m2\repository\io\perfmark\perfmark-api\0.19.0\perfmark-api-0.19.0.jar;C:\Users\TESTINIUM\.m2\repository\io\opencensus\opencensus-api\0.21.0\opencensus-api-0.21.0.jar;C:\Users\TESTINIUM\.m2\repository\io\opencensus\opencensus-contrib-grpc-metrics\0.21.0\opencensus-contrib-grpc-metrics-0.21.0.jar;C:\Users\TESTINIUM\.m2\repository\io\grpc\grpc-protobuf\1.24.1\grpc-protobuf-1.24.1.jar;C:\Users\TESTINIUM\.m2\repository\com\google\api\grpc\proto-google-common-protos\1.12.0\proto-google-common-protos-1.12.0.jar;C:\Users\TESTINIUM\.m2\repository\io\grpc\grpc-protobuf-lite\1.24.1\grpc-protobuf-lite-1.24.1.jar;C:\Users\TESTINIUM\.m2\repository\io\grpc\grpc-stub\1.24.1\grpc-stub-1.24.1.jar;C:\Users\TESTINIUM\.m2\repository\javax\annotation\javax.annotation-api\1.3.2\javax.annotation-api-1.3.2.jar;C:\Users\TESTINIUM\.m2\repository\junit\junit\4.13.2\junit-4.13.2.jar;C:\Users\TESTINIUM\.m2\repository\org\hamcrest\hamcrest-core\1.3\hamcrest-core-1.3.jar;C:\Users\TESTINIUM\.m2\repository\org\json\json\20210307\json-20210307.jar;C:\Users\TESTINIUM\.m2\repository\io\github\bonigarcia\webdrivermanager\5.0.3\webdrivermanager-5.0.3.jar;C:\Users\TESTINIUM\.m2\repository\org\slf4j\slf4j-api\1.7.32\slf4j-api-1.7.32.jar;C:\Users\TESTINIUM\.m2\repository\com\google\code\gson\gson\2.8.8\gson-2.8.8.jar;C:\Users\TESTINIUM\.m2\repository\org\jsoup\jsoup\1.14.2\jsoup-1.14.2.jar;C:\Users\TESTINIUM\.m2\repository\com\github\docker-java\docker-java\3.2.12\docker-java-3.2.12.jar;C:\Users\TESTINIUM\.m2\repository\com\github\docker-java\docker-java-core\3.2.12\docker-java-core-3.2.12.jar;C:\Users\TESTINIUM\.m2\repository\com\github\docker-java\docker-java-api\3.2.12\docker-java-api-3.2.12.jar;C:\Users\TESTINIUM\.m2\repository\com\fasterxml\jackson\core\jackson-annotations\2.10.3\jackson-annotations-2.10.3.jar;C:\Users\TESTINIUM\.m2\repository\org\apache\commons\commons-compress\1.21\commons-compress-1.21.jar;C:\Users\TESTINIUM\.m2\repository\com\fasterxml\jackson\core\jackson-databind\2.10.3\jackson-databind-2.10.3.jar;C:\Users\TESTINIUM\.m2\repository\com\fasterxml\jackson\core\jackson-core\2.10.3\jackson-core-2.10.3.jar;C:\Users\TESTINIUM\.m2\repository\org\bouncycastle\bcpkix-jdk15on\1.64\bcpkix-jdk15on-1.64.jar;C:\Users\TESTINIUM\.m2\repository\org\bouncycastle\bcprov-jdk15on\1.64\bcprov-jdk15on-1.64.jar;C:\Users\TESTINIUM\.m2\repository\org\slf4j\jcl-over-slf4j\1.7.30\jcl-over-slf4j-1.7.30.jar;C:\Users\TESTINIUM\.m2\repository\com\github\docker-java\docker-java-transport-httpclient5\3.2.12\docker-java-transport-httpclient5-3.2.12.jar;C:\Users\TESTINIUM\.m2\repository\com\github\docker-java\docker-java-transport\3.2.12\docker-java-transport-3.2.12.jar;C:\Users\TESTINIUM\.m2\repository\org\apache\httpcomponents\client5\httpclient5\5.0.3\httpclient5-5.0.3.jar;C:\Users\TESTINIUM\.m2\repository\org\apache\httpcomponents\core5\httpcore5\5.0.2\httpcore5-5.0.2.jar;C:\Users\TESTINIUM\.m2\repository\net\java\dev\jna\jna\5.8.0\jna-5.8.0.jar;C:\Users\TESTINIUM\.m2\repository\org\brotli\dec\0.1.2\dec-0.1.2.jar;C:\Users\TESTINIUM\.m2\repository\io\rest-assured\rest-assured\4.4.0\rest-assured-4.4.0.jar;C:\Users\TESTINIUM\.m2\repository\org\codehaus\groovy\groovy\3.0.8\groovy-3.0.8.jar;C:\Users\TESTINIUM\.m2\repository\org\codehaus\groovy\groovy-xml\3.0.8\groovy-xml-3.0.8.jar;C:\Users\TESTINIUM\.m2\repository\org\apache\httpcomponents\httpclient\4.5.13\httpclient-4.5.13.jar;C:\Users\TESTINIUM\.m2\repository\org\apache\httpcomponents\httpcore\4.4.13\httpcore-4.4.13.jar;C:\Users\TESTINIUM\.m2\repository\commons-logging\commons-logging\1.2\commons-logging-1.2.jar;C:\Users\TESTINIUM\.m2\repository\commons-codec\commons-codec\1.11\commons-codec-1.11.jar;C:\Users\TESTINIUM\.m2\repository\org\apache\httpcomponents\httpmime\4.5.13\httpmime-4.5.13.jar;C:\Users\TESTINIUM\.m2\repository\org\hamcrest\hamcrest\2.1\hamcrest-2.1.jar;C:\Users\TESTINIUM\.m2\repository\org\ccil\cowan\tagsoup\tagsoup\1.2.1\tagsoup-1.2.1.jar;C:\Users\TESTINIUM\.m2\repository\io\rest-assured\json-path\4.4.0\json-path-4.4.0.jar;C:\Users\TESTINIUM\.m2\repository\org\codehaus\groovy\groovy-json\3.0.8\groovy-json-3.0.8.jar;C:\Users\TESTINIUM\.m2\repository\io\rest-assured\rest-assured-common\4.4.0\rest-assured-common-4.4.0.jar;C:\Users\TESTINIUM\.m2\repository\io\rest-assured\xml-path\4.4.0\xml-path-4.4.0.jar;C:\Users\TESTINIUM\.m2\repository\org\apache\commons\commons-lang3\3.11\commons-lang3-3.11.jar;C:\Users\TESTINIUM\.m2\repository\jakarta\xml\bind\jakarta.xml.bind-api\2.3.3\jakarta.xml.bind-api-2.3.3.jar;C:\Users\TESTINIUM\.m2\repository\jakarta\activation\jakarta.activation-api\1.2.2\jakarta.activation-api-1.2.2.jar;C:\Users\TESTINIUM\.m2\repository\com\sun\xml\bind\jaxb-impl\2.3.3\jaxb-impl-2.3.3.jar
05-12-2021 00:19:45.185 [Gauge] [DEBUG] Checking updates...
05-12-2021 00:19:45.195 [Gauge] [DEBUG] Downloading https://downloads.gauge.org/plugin/html-report?l=java&p=html-report,java,screenshot,spectacle,xml-report&o=windows&a=amd64
05-12-2021 00:19:45.590 [Gauge] [DEBUG] Downloading https://downloads.gauge.org/plugin/java?l=java&p=html-report,java,screenshot,spectacle,xml-report&o=windows&a=amd64
05-12-2021 00:19:45.757 [Gauge] [DEBUG] Downloading https://downloads.gauge.org/plugin/screenshot?l=java&p=html-report,java,screenshot,spectacle,xml-report&o=windows&a=amd64
05-12-2021 00:19:45.911 [java] [DEBUG] Connecting to port: 61566
05-12-2021 00:19:45.936 [Gauge] [DEBUG] Established connection to runner.
05-12-2021 00:19:45.937 [Gauge] [DEBUG] Validation started.
05-12-2021 00:19:45.937 [java] [DEBUG] Connected to 127.0.0.1:61566
05-12-2021 00:19:45.980 [Gauge] [DEBUG] Downloading https://downloads.gauge.org/plugin/spectacle?l=java&p=html-report,java,screenshot,spectacle,xml-report&o=windows&a=amd64
05-12-2021 00:19:46.205 [Gauge] [DEBUG] Downloading https://downloads.gauge.org/plugin/xml-report?l=java&p=html-report,java,screenshot,spectacle,xml-report&o=windows&a=amd64
05-12-2021 00:19:55.049 [java] [DEBUG] Scanning packages for steps
05-12-2021 00:19:55.093 [java] [DEBUG] Scanning packages for hooks
05-12-2021 00:20:00.481 [Gauge] [DEBUG] Validation completed.
05-12-2021 00:20:00.482 [Gauge] [DEBUG] Run started
05-12-2021 00:20:00.484 [Gauge] [DEBUG] Starting Html Report plugin
05-12-2021 00:20:00.520 [Gauge] [DEBUG] Attempting to connect to grpc server at port: 61603
05-12-2021 00:20:00.528 [Gauge] [DEBUG] Successfully made the connection with plugin with port: 61603
05-12-2021 00:20:00.528 [Gauge] [DEBUG] Initialising suite data store.
05-12-2021 00:20:01.846 [html-report] [DEBUG] Transformed SuiteResult to report structure
05-12-2021 00:20:02.217 [html-report] [INFO] Successfully generated html-report to => C:\Users\TESTINIUM\IdeaProjects\BitexenApiProject\reports\html-report\index.html
05-12-2021 00:20:02.217 [html-report] [DEBUG] Done generating HTML report using theme from C:\Users\TESTINIUM\AppData\Roaming\gauge\plugins\html-report\4.0.12\themes\default
05-12-2021 00:20:02.217 [Gauge] [DEBUG] Sending kill message to Html Report plugin.
05-12-2021 00:20:02.218 [Gauge] [DEBUG] Sending kill message to runner.
05-12-2021 00:20:02.219 [java] [DEBUG] Kill process request recieved
05-12-2021 00:20:02.426 [Gauge] [DEBUG] Runner with PID:15800 has exited
05-12-2021 00:20:02.426 [Gauge] [INFO] Specifications:	1 executed	0 passed	1 failed	0 skipped
05-12-2021 00:20:02.426 [Gauge] [INFO] Scenarios:	1 executed	0 passed	1 failed	0 skipped
05-12-2021 00:20:02.426 [Gauge] [INFO] 
Total time taken: 1.354s
05-12-2021 00:20:02.426 [Gauge] [INFO] Updates are available. Run `gauge update -c` for more info.
05-12-2021 23:12:28.366 [Gauge] [DEBUG] Created gauge_screenshots_dir at C:\Users\TESTINIUM\IdeaProjects\BitexenApiProject\.gauge\screenshots
05-12-2021 23:12:28.378 [Gauge] [DEBUG] Plugin java is already installed.
05-12-2021 23:12:28.392 [Gauge] [DEBUG] Plugin html-report is already installed.
05-12-2021 23:12:28.397 [Gauge] [DEBUG] Parsing started.
05-12-2021 23:12:28.397 [Gauge] [DEBUG] Started concepts parsing.
05-12-2021 23:12:28.405 [Gauge] [DEBUG] 1 concepts parsing completed.
05-12-2021 23:12:28.405 [Gauge] [DEBUG] Started specifications parsing.
05-12-2021 23:12:28.409 [Gauge] [DEBUG] 1 specifications parsing completed.
05-12-2021 23:12:28.410 [Gauge] [DEBUG] Parsing completed.
05-12-2021 23:12:28.415 [Gauge] [DEBUG] Staring java runner
05-12-2021 23:12:28.543 [java] [DEBUG] classpath set to C:\Program Files (x86)\Java\jdk1.8.0_271\jre\lib\charsets.jar;C:\Program Files (x86)\Java\jdk1.8.0_271\jre\lib\deploy.jar;C:\Program Files (x86)\Java\jdk1.8.0_271\jre\lib\ext\access-bridge-32.jar;C:\Program Files (x86)\Java\jdk1.8.0_271\jre\lib\ext\cldrdata.jar;C:\Program Files (x86)\Java\jdk1.8.0_271\jre\lib\ext\dnsns.jar;C:\Program Files (x86)\Java\jdk1.8.0_271\jre\lib\ext\jaccess.jar;C:\Program Files (x86)\Java\jdk1.8.0_271\jre\lib\ext\jfxrt.jar;C:\Program Files (x86)\Java\jdk1.8.0_271\jre\lib\ext\localedata.jar;C:\Program Files (x86)\Java\jdk1.8.0_271\jre\lib\ext\nashorn.jar;C:\Program Files (x86)\Java\jdk1.8.0_271\jre\lib\ext\sunec.jar;C:\Program Files (x86)\Java\jdk1.8.0_271\jre\lib\ext\sunjce_provider.jar;C:\Program Files (x86)\Java\jdk1.8.0_271\jre\lib\ext\sunmscapi.jar;C:\Program Files (x86)\Java\jdk1.8.0_271\jre\lib\ext\sunpkcs11.jar;C:\Program Files (x86)\Java\jdk1.8.0_271\jre\lib\ext\zipfs.jar;C:\Program Files (x86)\Java\jdk1.8.0_271\jre\lib\javaws.jar;C:\Program Files (x86)\Java\jdk1.8.0_271\jre\lib\jce.jar;C:\Program Files (x86)\Java\jdk1.8.0_271\jre\lib\jfr.jar;C:\Program Files (x86)\Java\jdk1.8.0_271\jre\lib\jfxswt.jar;C:\Program Files (x86)\Java\jdk1.8.0_271\jre\lib\jsse.jar;C:\Program Files (x86)\Java\jdk1.8.0_271\jre\lib\management-agent.jar;C:\Program Files (x86)\Java\jdk1.8.0_271\jre\lib\plugin.jar;C:\Program Files (x86)\Java\jdk1.8.0_271\jre\lib\resources.jar;C:\Program Files (x86)\Java\jdk1.8.0_271\jre\lib\rt.jar;C:\Users\TESTINIUM\IdeaProjects\BitexenApiProject\target\test-classes;C:\Users\TESTINIUM\.m2\repository\org\seleniumhq\selenium\selenium-java\3.141.59\selenium-java-3.141.59.jar;C:\Users\TESTINIUM\.m2\repository\org\seleniumhq\selenium\selenium-api\3.141.59\selenium-api-3.141.59.jar;C:\Users\TESTINIUM\.m2\repository\org\seleniumhq\selenium\selenium-edge-driver\3.141.59\selenium-edge-driver-3.141.59.jar;C:\Users\TESTINIUM\.m2\repository\org\seleniumhq\selenium\selenium-firefox-driver\3.141.59\selenium-firefox-driver-3.141.59.jar;C:\Users\TESTINIUM\.m2\repository\org\seleniumhq\selenium\selenium-ie-driver\3.141.59\selenium-ie-driver-3.141.59.jar;C:\Users\TESTINIUM\.m2\repository\org\seleniumhq\selenium\selenium-opera-driver\3.141.59\selenium-opera-driver-3.141.59.jar;C:\Users\TESTINIUM\.m2\repository\org\seleniumhq\selenium\selenium-remote-driver\3.141.59\selenium-remote-driver-3.141.59.jar;C:\Users\TESTINIUM\.m2\repository\org\seleniumhq\selenium\selenium-safari-driver\3.141.59\selenium-safari-driver-3.141.59.jar;C:\Users\TESTINIUM\.m2\repository\org\seleniumhq\selenium\selenium-support\3.141.59\selenium-support-3.141.59.jar;C:\Users\TESTINIUM\.m2\repository\net\bytebuddy\byte-buddy\1.8.15\byte-buddy-1.8.15.jar;C:\Users\TESTINIUM\.m2\repository\org\apache\commons\commons-exec\1.3\commons-exec-1.3.jar;C:\Users\TESTINIUM\.m2\repository\com\google\guava\guava\25.0-jre\guava-25.0-jre.jar;C:\Users\TESTINIUM\.m2\repository\com\google\code\findbugs\jsr305\1.3.9\jsr305-1.3.9.jar;C:\Users\TESTINIUM\.m2\repository\org\checkerframework\checker-compat-qual\2.0.0\checker-compat-qual-2.0.0.jar;C:\Users\TESTINIUM\.m2\repository\com\google\errorprone\error_prone_annotations\2.1.3\error_prone_annotations-2.1.3.jar;C:\Users\TESTINIUM\.m2\repository\com\google\j2objc\j2objc-annotations\1.1\j2objc-annotations-1.1.jar;C:\Users\TESTINIUM\.m2\repository\org\codehaus\mojo\animal-sniffer-annotations\1.14\animal-sniffer-annotations-1.14.jar;C:\Users\TESTINIUM\.m2\repository\com\squareup\okhttp3\okhttp\3.11.0\okhttp-3.11.0.jar;C:\Users\TESTINIUM\.m2\repository\com\squareup\okio\okio\1.14.0\okio-1.14.0.jar;C:\Users\TESTINIUM\.m2\repository\org\seleniumhq\selenium\selenium-chrome-driver\3.141.59\selenium-chrome-driver-3.141.59.jar;C:\Users\TESTINIUM\.m2\repository\org\junit\jupiter\junit-jupiter-api\5.7.0\junit-jupiter-api-5.7.0.jar;C:\Users\TESTINIUM\.m2\repository\org\apiguardian\apiguardian-api\1.1.0\apiguardian-api-1.1.0.jar;C:\Users\TESTINIUM\.m2\repository\org\opentest4j\opentest4j\1.2.0\opentest4j-1.2.0.jar;C:\Users\TESTINIUM\.m2\repository\org\junit\platform\junit-platform-commons\1.7.0\junit-platform-commons-1.7.0.jar;C:\Users\TESTINIUM\.m2\repository\com\thoughtworks\gauge\gauge-java\0.7.3\gauge-java-0.7.3.jar;C:\Users\TESTINIUM\.m2\repository\org\assertj\assertj-core\3.14.0\assertj-core-3.14.0.jar;C:\Users\TESTINIUM\.m2\repository\org\reflections\reflections\0.9.11\reflections-0.9.11.jar;C:\Users\TESTINIUM\.m2\repository\org\javassist\javassist\3.21.0-GA\javassist-3.21.0-GA.jar;C:\Users\TESTINIUM\.m2\repository\com\github\javaparser\javaparser-core\2.5.1\javaparser-core-2.5.1.jar;C:\Users\TESTINIUM\.m2\repository\commons-io\commons-io\2.6\commons-io-2.6.jar;C:\Users\TESTINIUM\.m2\repository\commons-lang\commons-lang\2.6\commons-lang-2.6.jar;C:\Users\TESTINIUM\.m2\repository\com\google\protobuf\protobuf-java\3.10.0\protobuf-java-3.10.0.jar;C:\Users\TESTINIUM\.m2\repository\io\grpc\grpc-netty-shaded\1.25.0\grpc-netty-shaded-1.25.0.jar;C:\Users\TESTINIUM\.m2\repository\io\grpc\grpc-core\1.25.0\grpc-core-1.25.0.jar;C:\Users\TESTINIUM\.m2\repository\io\grpc\grpc-api\1.25.0\grpc-api-1.25.0.jar;C:\Users\TESTINIUM\.m2\repository\io\grpc\grpc-context\1.25.0\grpc-context-1.25.0.jar;C:\Users\TESTINIUM\.m2\repository\com\google\android\annotations\4.1.1.4\annotations-4.1.1.4.jar;C:\Users\TESTINIUM\.m2\repository\io\perfmark\perfmark-api\0.19.0\perfmark-api-0.19.0.jar;C:\Users\TESTINIUM\.m2\repository\io\opencensus\opencensus-api\0.21.0\opencensus-api-0.21.0.jar;C:\Users\TESTINIUM\.m2\repository\io\opencensus\opencensus-contrib-grpc-metrics\0.21.0\opencensus-contrib-grpc-metrics-0.21.0.jar;C:\Users\TESTINIUM\.m2\repository\io\grpc\grpc-protobuf\1.24.1\grpc-protobuf-1.24.1.jar;C:\Users\TESTINIUM\.m2\repository\com\google\api\grpc\proto-google-common-protos\1.12.0\proto-google-common-protos-1.12.0.jar;C:\Users\TESTINIUM\.m2\repository\io\grpc\grpc-protobuf-lite\1.24.1\grpc-protobuf-lite-1.24.1.jar;C:\Users\TESTINIUM\.m2\repository\io\grpc\grpc-stub\1.24.1\grpc-stub-1.24.1.jar;C:\Users\TESTINIUM\.m2\repository\javax\annotation\javax.annotation-api\1.3.2\javax.annotation-api-1.3.2.jar;C:\Users\TESTINIUM\.m2\repository\junit\junit\4.13.2\junit-4.13.2.jar;C:\Users\TESTINIUM\.m2\repository\org\hamcrest\hamcrest-core\1.3\hamcrest-core-1.3.jar;C:\Users\TESTINIUM\.m2\repository\org\json\json\20210307\json-20210307.jar;C:\Users\TESTINIUM\.m2\repository\io\github\bonigarcia\webdrivermanager\5.0.3\webdrivermanager-5.0.3.jar;C:\Users\TESTINIUM\.m2\repository\org\slf4j\slf4j-api\1.7.32\slf4j-api-1.7.32.jar;C:\Users\TESTINIUM\.m2\repository\com\google\code\gson\gson\2.8.8\gson-2.8.8.jar;C:\Users\TESTINIUM\.m2\repository\org\jsoup\jsoup\1.14.2\jsoup-1.14.2.jar;C:\Users\TESTINIUM\.m2\repository\com\github\docker-java\docker-java\3.2.12\docker-java-3.2.12.jar;C:\Users\TESTINIUM\.m2\repository\com\github\docker-java\docker-java-core\3.2.12\docker-java-core-3.2.12.jar;C:\Users\TESTINIUM\.m2\repository\com\github\docker-java\docker-java-api\3.2.12\docker-java-api-3.2.12.jar;C:\Users\TESTINIUM\.m2\repository\com\fasterxml\jackson\core\jackson-annotations\2.10.3\jackson-annotations-2.10.3.jar;C:\Users\TESTINIUM\.m2\repository\org\apache\commons\commons-compress\1.21\commons-compress-1.21.jar;C:\Users\TESTINIUM\.m2\repository\com\fasterxml\jackson\core\jackson-databind\2.10.3\jackson-databind-2.10.3.jar;C:\Users\TESTINIUM\.m2\repository\com\fasterxml\jackson\core\jackson-core\2.10.3\jackson-core-2.10.3.jar;C:\Users\TESTINIUM\.m2\repository\org\bouncycastle\bcpkix-jdk15on\1.64\bcpkix-jdk15on-1.64.jar;C:\Users\TESTINIUM\.m2\repository\org\bouncycastle\bcprov-jdk15on\1.64\bcprov-jdk15on-1.64.jar;C:\Users\TESTINIUM\.m2\repository\org\slf4j\jcl-over-slf4j\1.7.30\jcl-over-slf4j-1.7.30.jar;C:\Users\TESTINIUM\.m2\repository\com\github\docker-java\docker-java-transport-httpclient5\3.2.12\docker-java-transport-httpclient5-3.2.12.jar;C:\Users\TESTINIUM\.m2\repository\com\github\docker-java\docker-java-transport\3.2.12\docker-java-transport-3.2.12.jar;C:\Users\TESTINIUM\.m2\repository\org\apache\httpcomponents\client5\httpclient5\5.0.3\httpclient5-5.0.3.jar;C:\Users\TESTINIUM\.m2\repository\org\apache\httpcomponents\core5\httpcore5\5.0.2\httpcore5-5.0.2.jar;C:\Users\TESTINIUM\.m2\repository\net\java\dev\jna\jna\5.8.0\jna-5.8.0.jar;C:\Users\TESTINIUM\.m2\repository\org\brotli\dec\0.1.2\dec-0.1.2.jar;C:\Users\TESTINIUM\.m2\repository\io\rest-assured\rest-assured\4.4.0\rest-assured-4.4.0.jar;C:\Users\TESTINIUM\.m2\repository\org\codehaus\groovy\groovy\3.0.8\groovy-3.0.8.jar;C:\Users\TESTINIUM\.m2\repository\org\codehaus\groovy\groovy-xml\3.0.8\groovy-xml-3.0.8.jar;C:\Users\TESTINIUM\.m2\repository\org\apache\httpcomponents\httpclient\4.5.13\httpclient-4.5.13.jar;C:\Users\TESTINIUM\.m2\repository\org\apache\httpcomponents\httpcore\4.4.13\httpcore-4.4.13.jar;C:\Users\TESTINIUM\.m2\repository\commons-logging\commons-logging\1.2\commons-logging-1.2.jar;C:\Users\TESTINIUM\.m2\repository\commons-codec\commons-codec\1.11\commons-codec-1.11.jar;C:\Users\TESTINIUM\.m2\repository\org\apache\httpcomponents\httpmime\4.5.13\httpmime-4.5.13.jar;C:\Users\TESTINIUM\.m2\repository\org\hamcrest\hamcrest\2.1\hamcrest-2.1.jar;C:\Users\TESTINIUM\.m2\repository\org\ccil\cowan\tagsoup\tagsoup\1.2.1\tagsoup-1.2.1.jar;C:\Users\TESTINIUM\.m2\repository\io\rest-assured\json-path\4.4.0\json-path-4.4.0.jar;C:\Users\TESTINIUM\.m2\repository\org\codehaus\groovy\groovy-json\3.0.8\groovy-json-3.0.8.jar;C:\Users\TESTINIUM\.m2\repository\io\rest-assured\rest-assured-common\4.4.0\rest-assured-common-4.4.0.jar;C:\Users\TESTINIUM\.m2\repository\io\rest-assured\xml-path\4.4.0\xml-path-4.4.0.jar;C:\Users\TESTINIUM\.m2\repository\org\apache\commons\commons-lang3\3.11\commons-lang3-3.11.jar;C:\Users\TESTINIUM\.m2\repository\jakarta\xml\bind\jakarta.xml.bind-api\2.3.3\jakarta.xml.bind-api-2.3.3.jar;C:\Users\TESTINIUM\.m2\repository\jakarta\activation\jakarta.activation-api\1.2.2\jakarta.activation-api-1.2.2.jar;C:\Users\TESTINIUM\.m2\repository\com\sun\xml\bind\jaxb-impl\2.3.3\jaxb-impl-2.3.3.jar
05-12-2021 23:12:29.209 [Gauge] [DEBUG] Checking updates...
05-12-2021 23:12:29.214 [Gauge] [DEBUG] Downloading https://downloads.gauge.org/plugin/html-report?l=java&p=html-report,java,screenshot,spectacle,xml-report&o=windows&a=amd64
05-12-2021 23:12:29.981 [java] [DEBUG] Connecting to port: 50942
05-12-2021 23:12:30.002 [Gauge] [DEBUG] Established connection to runner.
05-12-2021 23:12:30.002 [Gauge] [DEBUG] Validation started.
05-12-2021 23:12:30.002 [java] [DEBUG] Connected to 127.0.0.1:50942
05-12-2021 23:12:30.154 [Gauge] [DEBUG] Downloading https://downloads.gauge.org/plugin/java?l=java&p=html-report,java,screenshot,spectacle,xml-report&o=windows&a=amd64
05-12-2021 23:12:30.293 [Gauge] [DEBUG] Downloading https://downloads.gauge.org/plugin/screenshot?l=java&p=html-report,java,screenshot,spectacle,xml-report&o=windows&a=amd64
05-12-2021 23:12:30.490 [Gauge] [DEBUG] Downloading https://downloads.gauge.org/plugin/spectacle?l=java&p=html-report,java,screenshot,spectacle,xml-report&o=windows&a=amd64
05-12-2021 23:12:30.663 [Gauge] [DEBUG] Downloading https://downloads.gauge.org/plugin/xml-report?l=java&p=html-report,java,screenshot,spectacle,xml-report&o=windows&a=amd64
05-12-2021 23:12:39.493 [java] [DEBUG] Scanning packages for steps
05-12-2021 23:12:39.576 [java] [DEBUG] Scanning packages for hooks
05-12-2021 23:12:45.597 [Gauge] [DEBUG] Validation completed.
05-12-2021 23:12:45.603 [Gauge] [DEBUG] Run started
05-12-2021 23:12:45.606 [Gauge] [DEBUG] Starting Html Report plugin
05-12-2021 23:12:45.667 [Gauge] [DEBUG] Attempting to connect to grpc server at port: 50952
05-12-2021 23:12:45.674 [Gauge] [DEBUG] Successfully made the connection with plugin with port: 50952
05-12-2021 23:12:45.675 [Gauge] [DEBUG] Initialising suite data store.
05-12-2021 23:12:46.144 [java] [INFO] SLF4J: Failed to load class "org.slf4j.impl.StaticLoggerBinder".
05-12-2021 23:12:46.144 [java] [INFO] SLF4J: Defaulting to no-operation (NOP) logger implementation
05-12-2021 23:12:46.144 [java] [INFO] SLF4J: See http://www.slf4j.org/codes.html#StaticLoggerBinder for further details.
05-12-2021 23:12:52.862 [html-report] [DEBUG] Transformed SuiteResult to report structure
05-12-2021 23:12:52.955 [html-report] [INFO] Successfully generated html-report to => C:\Users\TESTINIUM\IdeaProjects\BitexenApiProject\reports\html-report\index.html
05-12-2021 23:12:52.955 [html-report] [DEBUG] Done generating HTML report using theme from C:\Users\TESTINIUM\AppData\Roaming\gauge\plugins\html-report\4.0.12\themes\default
05-12-2021 23:12:52.956 [Gauge] [DEBUG] Sending kill message to Html Report plugin.
05-12-2021 23:12:52.958 [Gauge] [DEBUG] Sending kill message to runner.
05-12-2021 23:12:52.960 [java] [DEBUG] Kill process request recieved
05-12-2021 23:12:53.293 [Gauge] [DEBUG] Runner with PID:9864 has exited
05-12-2021 23:12:53.294 [Gauge] [INFO] Specifications:	1 executed	0 passed	1 failed	0 skipped
05-12-2021 23:12:53.303 [Gauge] [INFO] Scenarios:	1 executed	0 passed	1 failed	0 skipped
05-12-2021 23:12:53.303 [Gauge] [INFO] 
Total time taken: 7.245s
05-12-2021 23:12:53.304 [Gauge] [INFO] Updates are available. Run `gauge update -c` for more info.
05-12-2021 23:17:47.907 [Gauge] [DEBUG] Created gauge_screenshots_dir at C:\Users\TESTINIUM\IdeaProjects\BitexenApiProject\.gauge\screenshots
05-12-2021 23:17:47.912 [Gauge] [DEBUG] Plugin html-report is already installed.
05-12-2021 23:17:47.913 [Gauge] [DEBUG] Plugin java is already installed.
05-12-2021 23:17:47.913 [Gauge] [DEBUG] Parsing started.
05-12-2021 23:17:47.914 [Gauge] [DEBUG] Started concepts parsing.
05-12-2021 23:17:47.923 [Gauge] [DEBUG] 1 concepts parsing completed.
05-12-2021 23:17:47.923 [Gauge] [DEBUG] Started specifications parsing.
05-12-2021 23:17:47.924 [Gauge] [DEBUG] 1 specifications parsing completed.
05-12-2021 23:17:47.924 [Gauge] [DEBUG] Parsing completed.
05-12-2021 23:17:47.926 [Gauge] [DEBUG] Staring java runner
05-12-2021 23:17:48.052 [java] [DEBUG] classpath set to C:\Program Files (x86)\Java\jdk1.8.0_271\jre\lib\charsets.jar;C:\Program Files (x86)\Java\jdk1.8.0_271\jre\lib\deploy.jar;C:\Program Files (x86)\Java\jdk1.8.0_271\jre\lib\ext\access-bridge-32.jar;C:\Program Files (x86)\Java\jdk1.8.0_271\jre\lib\ext\cldrdata.jar;C:\Program Files (x86)\Java\jdk1.8.0_271\jre\lib\ext\dnsns.jar;C:\Program Files (x86)\Java\jdk1.8.0_271\jre\lib\ext\jaccess.jar;C:\Program Files (x86)\Java\jdk1.8.0_271\jre\lib\ext\jfxrt.jar;C:\Program Files (x86)\Java\jdk1.8.0_271\jre\lib\ext\localedata.jar;C:\Program Files (x86)\Java\jdk1.8.0_271\jre\lib\ext\nashorn.jar;C:\Program Files (x86)\Java\jdk1.8.0_271\jre\lib\ext\sunec.jar;C:\Program Files (x86)\Java\jdk1.8.0_271\jre\lib\ext\sunjce_provider.jar;C:\Program Files (x86)\Java\jdk1.8.0_271\jre\lib\ext\sunmscapi.jar;C:\Program Files (x86)\Java\jdk1.8.0_271\jre\lib\ext\sunpkcs11.jar;C:\Program Files (x86)\Java\jdk1.8.0_271\jre\lib\ext\zipfs.jar;C:\Program Files (x86)\Java\jdk1.8.0_271\jre\lib\javaws.jar;C:\Program Files (x86)\Java\jdk1.8.0_271\jre\lib\jce.jar;C:\Program Files (x86)\Java\jdk1.8.0_271\jre\lib\jfr.jar;C:\Program Files (x86)\Java\jdk1.8.0_271\jre\lib\jfxswt.jar;C:\Program Files (x86)\Java\jdk1.8.0_271\jre\lib\jsse.jar;C:\Program Files (x86)\Java\jdk1.8.0_271\jre\lib\management-agent.jar;C:\Program Files (x86)\Java\jdk1.8.0_271\jre\lib\plugin.jar;C:\Program Files (x86)\Java\jdk1.8.0_271\jre\lib\resources.jar;C:\Program Files (x86)\Java\jdk1.8.0_271\jre\lib\rt.jar;C:\Users\TESTINIUM\IdeaProjects\BitexenApiProject\target\test-classes;C:\Users\TESTINIUM\.m2\repository\org\seleniumhq\selenium\selenium-java\3.141.59\selenium-java-3.141.59.jar;C:\Users\TESTINIUM\.m2\repository\org\seleniumhq\selenium\selenium-api\3.141.59\selenium-api-3.141.59.jar;C:\Users\TESTINIUM\.m2\repository\org\seleniumhq\selenium\selenium-edge-driver\3.141.59\selenium-edge-driver-3.141.59.jar;C:\Users\TESTINIUM\.m2\repository\org\seleniumhq\selenium\selenium-firefox-driver\3.141.59\selenium-firefox-driver-3.141.59.jar;C:\Users\TESTINIUM\.m2\repository\org\seleniumhq\selenium\selenium-ie-driver\3.141.59\selenium-ie-driver-3.141.59.jar;C:\Users\TESTINIUM\.m2\repository\org\seleniumhq\selenium\selenium-opera-driver\3.141.59\selenium-opera-driver-3.141.59.jar;C:\Users\TESTINIUM\.m2\repository\org\seleniumhq\selenium\selenium-remote-driver\3.141.59\selenium-remote-driver-3.141.59.jar;C:\Users\TESTINIUM\.m2\repository\org\seleniumhq\selenium\selenium-safari-driver\3.141.59\selenium-safari-driver-3.141.59.jar;C:\Users\TESTINIUM\.m2\repository\org\seleniumhq\selenium\selenium-support\3.141.59\selenium-support-3.141.59.jar;C:\Users\TESTINIUM\.m2\repository\net\bytebuddy\byte-buddy\1.8.15\byte-buddy-1.8.15.jar;C:\Users\TESTINIUM\.m2\repository\org\apache\commons\commons-exec\1.3\commons-exec-1.3.jar;C:\Users\TESTINIUM\.m2\repository\com\google\guava\guava\25.0-jre\guava-25.0-jre.jar;C:\Users\TESTINIUM\.m2\repository\com\google\code\findbugs\jsr305\1.3.9\jsr305-1.3.9.jar;C:\Users\TESTINIUM\.m2\repository\org\checkerframework\checker-compat-qual\2.0.0\checker-compat-qual-2.0.0.jar;C:\Users\TESTINIUM\.m2\repository\com\google\errorprone\error_prone_annotations\2.1.3\error_prone_annotations-2.1.3.jar;C:\Users\TESTINIUM\.m2\repository\com\google\j2objc\j2objc-annotations\1.1\j2objc-annotations-1.1.jar;C:\Users\TESTINIUM\.m2\repository\org\codehaus\mojo\animal-sniffer-annotations\1.14\animal-sniffer-annotations-1.14.jar;C:\Users\TESTINIUM\.m2\repository\com\squareup\okhttp3\okhttp\3.11.0\okhttp-3.11.0.jar;C:\Users\TESTINIUM\.m2\repository\com\squareup\okio\okio\1.14.0\okio-1.14.0.jar;C:\Users\TESTINIUM\.m2\repository\org\seleniumhq\selenium\selenium-chrome-driver\3.141.59\selenium-chrome-driver-3.141.59.jar;C:\Users\TESTINIUM\.m2\repository\org\junit\jupiter\junit-jupiter-api\5.7.0\junit-jupiter-api-5.7.0.jar;C:\Users\TESTINIUM\.m2\repository\org\apiguardian\apiguardian-api\1.1.0\apiguardian-api-1.1.0.jar;C:\Users\TESTINIUM\.m2\repository\org\opentest4j\opentest4j\1.2.0\opentest4j-1.2.0.jar;C:\Users\TESTINIUM\.m2\repository\org\junit\platform\junit-platform-commons\1.7.0\junit-platform-commons-1.7.0.jar;C:\Users\TESTINIUM\.m2\repository\com\thoughtworks\gauge\gauge-java\0.7.3\gauge-java-0.7.3.jar;C:\Users\TESTINIUM\.m2\repository\org\assertj\assertj-core\3.14.0\assertj-core-3.14.0.jar;C:\Users\TESTINIUM\.m2\repository\org\reflections\reflections\0.9.11\reflections-0.9.11.jar;C:\Users\TESTINIUM\.m2\repository\org\javassist\javassist\3.21.0-GA\javassist-3.21.0-GA.jar;C:\Users\TESTINIUM\.m2\repository\com\github\javaparser\javaparser-core\2.5.1\javaparser-core-2.5.1.jar;C:\Users\TESTINIUM\.m2\repository\commons-io\commons-io\2.6\commons-io-2.6.jar;C:\Users\TESTINIUM\.m2\repository\commons-lang\commons-lang\2.6\commons-lang-2.6.jar;C:\Users\TESTINIUM\.m2\repository\com\google\protobuf\protobuf-java\3.10.0\protobuf-java-3.10.0.jar;C:\Users\TESTINIUM\.m2\repository\io\grpc\grpc-netty-shaded\1.25.0\grpc-netty-shaded-1.25.0.jar;C:\Users\TESTINIUM\.m2\repository\io\grpc\grpc-core\1.25.0\grpc-core-1.25.0.jar;C:\Users\TESTINIUM\.m2\repository\io\grpc\grpc-api\1.25.0\grpc-api-1.25.0.jar;C:\Users\TESTINIUM\.m2\repository\io\grpc\grpc-context\1.25.0\grpc-context-1.25.0.jar;C:\Users\TESTINIUM\.m2\repository\com\google\android\annotations\4.1.1.4\annotations-4.1.1.4.jar;C:\Users\TESTINIUM\.m2\repository\io\perfmark\perfmark-api\0.19.0\perfmark-api-0.19.0.jar;C:\Users\TESTINIUM\.m2\repository\io\opencensus\opencensus-api\0.21.0\opencensus-api-0.21.0.jar;C:\Users\TESTINIUM\.m2\repository\io\opencensus\opencensus-contrib-grpc-metrics\0.21.0\opencensus-contrib-grpc-metrics-0.21.0.jar;C:\Users\TESTINIUM\.m2\repository\io\grpc\grpc-protobuf\1.24.1\grpc-protobuf-1.24.1.jar;C:\Users\TESTINIUM\.m2\repository\com\google\api\grpc\proto-google-common-protos\1.12.0\proto-google-common-protos-1.12.0.jar;C:\Users\TESTINIUM\.m2\repository\io\grpc\grpc-protobuf-lite\1.24.1\grpc-protobuf-lite-1.24.1.jar;C:\Users\TESTINIUM\.m2\repository\io\grpc\grpc-stub\1.24.1\grpc-stub-1.24.1.jar;C:\Users\TESTINIUM\.m2\repository\javax\annotation\javax.annotation-api\1.3.2\javax.annotation-api-1.3.2.jar;C:\Users\TESTINIUM\.m2\repository\junit\junit\4.13.2\junit-4.13.2.jar;C:\Users\TESTINIUM\.m2\repository\org\hamcrest\hamcrest-core\1.3\hamcrest-core-1.3.jar;C:\Users\TESTINIUM\.m2\repository\org\json\json\20210307\json-20210307.jar;C:\Users\TESTINIUM\.m2\repository\io\github\bonigarcia\webdrivermanager\5.0.3\webdrivermanager-5.0.3.jar;C:\Users\TESTINIUM\.m2\repository\org\slf4j\slf4j-api\1.7.32\slf4j-api-1.7.32.jar;C:\Users\TESTINIUM\.m2\repository\com\google\code\gson\gson\2.8.8\gson-2.8.8.jar;C:\Users\TESTINIUM\.m2\repository\org\jsoup\jsoup\1.14.2\jsoup-1.14.2.jar;C:\Users\TESTINIUM\.m2\repository\com\github\docker-java\docker-java\3.2.12\docker-java-3.2.12.jar;C:\Users\TESTINIUM\.m2\repository\com\github\docker-java\docker-java-core\3.2.12\docker-java-core-3.2.12.jar;C:\Users\TESTINIUM\.m2\repository\com\github\docker-java\docker-java-api\3.2.12\docker-java-api-3.2.12.jar;C:\Users\TESTINIUM\.m2\repository\com\fasterxml\jackson\core\jackson-annotations\2.10.3\jackson-annotations-2.10.3.jar;C:\Users\TESTINIUM\.m2\repository\org\apache\commons\commons-compress\1.21\commons-compress-1.21.jar;C:\Users\TESTINIUM\.m2\repository\com\fasterxml\jackson\core\jackson-databind\2.10.3\jackson-databind-2.10.3.jar;C:\Users\TESTINIUM\.m2\repository\com\fasterxml\jackson\core\jackson-core\2.10.3\jackson-core-2.10.3.jar;C:\Users\TESTINIUM\.m2\repository\org\bouncycastle\bcpkix-jdk15on\1.64\bcpkix-jdk15on-1.64.jar;C:\Users\TESTINIUM\.m2\repository\org\bouncycastle\bcprov-jdk15on\1.64\bcprov-jdk15on-1.64.jar;C:\Users\TESTINIUM\.m2\repository\org\slf4j\jcl-over-slf4j\1.7.30\jcl-over-slf4j-1.7.30.jar;C:\Users\TESTINIUM\.m2\repository\com\github\docker-java\docker-java-transport-httpclient5\3.2.12\docker-java-transport-httpclient5-3.2.12.jar;C:\Users\TESTINIUM\.m2\repository\com\github\docker-java\docker-java-transport\3.2.12\docker-java-transport-3.2.12.jar;C:\Users\TESTINIUM\.m2\repository\org\apache\httpcomponents\client5\httpclient5\5.0.3\httpclient5-5.0.3.jar;C:\Users\TESTINIUM\.m2\repository\org\apache\httpcomponents\core5\httpcore5\5.0.2\httpcore5-5.0.2.jar;C:\Users\TESTINIUM\.m2\repository\net\java\dev\jna\jna\5.8.0\jna-5.8.0.jar;C:\Users\TESTINIUM\.m2\repository\org\brotli\dec\0.1.2\dec-0.1.2.jar;C:\Users\TESTINIUM\.m2\repository\io\rest-assured\rest-assured\4.4.0\rest-assured-4.4.0.jar;C:\Users\TESTINIUM\.m2\repository\org\codehaus\groovy\groovy\3.0.8\groovy-3.0.8.jar;C:\Users\TESTINIUM\.m2\repository\org\codehaus\groovy\groovy-xml\3.0.8\groovy-xml-3.0.8.jar;C:\Users\TESTINIUM\.m2\repository\org\apache\httpcomponents\httpclient\4.5.13\httpclient-4.5.13.jar;C:\Users\TESTINIUM\.m2\repository\org\apache\httpcomponents\httpcore\4.4.13\httpcore-4.4.13.jar;C:\Users\TESTINIUM\.m2\repository\commons-logging\commons-logging\1.2\commons-logging-1.2.jar;C:\Users\TESTINIUM\.m2\repository\commons-codec\commons-codec\1.11\commons-codec-1.11.jar;C:\Users\TESTINIUM\.m2\repository\org\apache\httpcomponents\httpmime\4.5.13\httpmime-4.5.13.jar;C:\Users\TESTINIUM\.m2\repository\org\hamcrest\hamcrest\2.1\hamcrest-2.1.jar;C:\Users\TESTINIUM\.m2\repository\org\ccil\cowan\tagsoup\tagsoup\1.2.1\tagsoup-1.2.1.jar;C:\Users\TESTINIUM\.m2\repository\io\rest-assured\json-path\4.4.0\json-path-4.4.0.jar;C:\Users\TESTINIUM\.m2\repository\org\codehaus\groovy\groovy-json\3.0.8\groovy-json-3.0.8.jar;C:\Users\TESTINIUM\.m2\repository\io\rest-assured\rest-assured-common\4.4.0\rest-assured-common-4.4.0.jar;C:\Users\TESTINIUM\.m2\repository\io\rest-assured\xml-path\4.4.0\xml-path-4.4.0.jar;C:\Users\TESTINIUM\.m2\repository\org\apache\commons\commons-lang3\3.11\commons-lang3-3.11.jar;C:\Users\TESTINIUM\.m2\repository\jakarta\xml\bind\jakarta.xml.bind-api\2.3.3\jakarta.xml.bind-api-2.3.3.jar;C:\Users\TESTINIUM\.m2\repository\jakarta\activation\jakarta.activation-api\1.2.2\jakarta.activation-api-1.2.2.jar;C:\Users\TESTINIUM\.m2\repository\com\sun\xml\bind\jaxb-impl\2.3.3\jaxb-impl-2.3.3.jar
05-12-2021 23:17:48.277 [Gauge] [DEBUG] Checking updates...
05-12-2021 23:17:48.283 [Gauge] [DEBUG] Downloading https://downloads.gauge.org/plugin/html-report?l=java&p=html-report,java,screenshot,spectacle,xml-report&o=windows&a=amd64
05-12-2021 23:17:48.817 [java] [DEBUG] Connecting to port: 60306
05-12-2021 23:17:48.830 [Gauge] [DEBUG] Established connection to runner.
05-12-2021 23:17:48.830 [Gauge] [DEBUG] Validation started.
05-12-2021 23:17:48.831 [java] [DEBUG] Connected to 127.0.0.1:60306
05-12-2021 23:17:50.133 [Gauge] [DEBUG] Downloading https://downloads.gauge.org/plugin/java?l=java&p=html-report,java,screenshot,spectacle,xml-report&o=windows&a=amd64
05-12-2021 23:17:50.295 [Gauge] [DEBUG] Downloading https://downloads.gauge.org/plugin/screenshot?l=java&p=html-report,java,screenshot,spectacle,xml-report&o=windows&a=amd64
05-12-2021 23:17:50.475 [Gauge] [DEBUG] Downloading https://downloads.gauge.org/plugin/spectacle?l=java&p=html-report,java,screenshot,spectacle,xml-report&o=windows&a=amd64
05-12-2021 23:17:50.675 [Gauge] [DEBUG] Downloading https://downloads.gauge.org/plugin/xml-report?l=java&p=html-report,java,screenshot,spectacle,xml-report&o=windows&a=amd64
05-12-2021 23:17:58.502 [java] [DEBUG] Scanning packages for steps
05-12-2021 23:17:58.553 [java] [DEBUG] Scanning packages for hooks
05-12-2021 23:18:05.906 [Gauge] [DEBUG] Validation completed.
05-12-2021 23:18:05.907 [Gauge] [DEBUG] Run started
05-12-2021 23:18:05.909 [Gauge] [DEBUG] Starting Html Report plugin
05-12-2021 23:18:05.966 [Gauge] [DEBUG] Attempting to connect to grpc server at port: 60317
05-12-2021 23:18:05.967 [Gauge] [DEBUG] Successfully made the connection with plugin with port: 60317
05-12-2021 23:18:05.967 [Gauge] [DEBUG] Initialising suite data store.
05-12-2021 23:18:06.491 [java] [INFO] SLF4J: Failed to load class "org.slf4j.impl.StaticLoggerBinder".
05-12-2021 23:18:06.491 [java] [INFO] SLF4J: Defaulting to no-operation (NOP) logger implementation
05-12-2021 23:18:06.491 [java] [INFO] SLF4J: See http://www.slf4j.org/codes.html#StaticLoggerBinder for further details.
05-12-2021 23:18:11.530 [html-report] [DEBUG] Transformed SuiteResult to report structure
05-12-2021 23:18:11.565 [html-report] [INFO] Successfully generated html-report to => C:\Users\TESTINIUM\IdeaProjects\BitexenApiProject\reports\html-report\index.html
05-12-2021 23:18:11.565 [html-report] [DEBUG] Done generating HTML report using theme from C:\Users\TESTINIUM\AppData\Roaming\gauge\plugins\html-report\4.0.12\themes\default
05-12-2021 23:18:11.565 [Gauge] [DEBUG] Sending kill message to Html Report plugin.
05-12-2021 23:18:11.566 [Gauge] [DEBUG] Sending kill message to runner.
05-12-2021 23:18:11.568 [java] [DEBUG] Kill process request recieved
05-12-2021 23:18:11.787 [Gauge] [DEBUG] Runner with PID:15924 has exited
05-12-2021 23:18:11.787 [Gauge] [INFO] Specifications:	1 executed	0 passed	1 failed	0 skipped
05-12-2021 23:18:11.788 [Gauge] [INFO] Scenarios:	1 executed	0 passed	1 failed	0 skipped
05-12-2021 23:18:11.788 [Gauge] [INFO] 
Total time taken: 5.609s
05-12-2021 23:18:11.790 [Gauge] [INFO] Updates are available. Run `gauge update -c` for more info.
05-12-2021 23:19:06.983 [Gauge] [DEBUG] Created gauge_screenshots_dir at C:\Users\TESTINIUM\IdeaProjects\BitexenApiProject\.gauge\screenshots
05-12-2021 23:19:06.986 [Gauge] [DEBUG] Plugin java is already installed.
05-12-2021 23:19:06.988 [Gauge] [DEBUG] Plugin html-report is already installed.
05-12-2021 23:19:06.994 [Gauge] [DEBUG] Parsing started.
05-12-2021 23:19:06.994 [Gauge] [DEBUG] Started concepts parsing.
05-12-2021 23:19:07.015 [Gauge] [DEBUG] 1 concepts parsing completed.
05-12-2021 23:19:07.017 [Gauge] [DEBUG] Started specifications parsing.
05-12-2021 23:19:07.018 [Gauge] [DEBUG] 1 specifications parsing completed.
05-12-2021 23:19:07.018 [Gauge] [DEBUG] Parsing completed.
05-12-2021 23:19:07.028 [Gauge] [DEBUG] Staring java runner
05-12-2021 23:19:07.173 [java] [DEBUG] classpath set to C:\Program Files (x86)\Java\jdk1.8.0_271\jre\lib\charsets.jar;C:\Program Files (x86)\Java\jdk1.8.0_271\jre\lib\deploy.jar;C:\Program Files (x86)\Java\jdk1.8.0_271\jre\lib\ext\access-bridge-32.jar;C:\Program Files (x86)\Java\jdk1.8.0_271\jre\lib\ext\cldrdata.jar;C:\Program Files (x86)\Java\jdk1.8.0_271\jre\lib\ext\dnsns.jar;C:\Program Files (x86)\Java\jdk1.8.0_271\jre\lib\ext\jaccess.jar;C:\Program Files (x86)\Java\jdk1.8.0_271\jre\lib\ext\jfxrt.jar;C:\Program Files (x86)\Java\jdk1.8.0_271\jre\lib\ext\localedata.jar;C:\Program Files (x86)\Java\jdk1.8.0_271\jre\lib\ext\nashorn.jar;C:\Program Files (x86)\Java\jdk1.8.0_271\jre\lib\ext\sunec.jar;C:\Program Files (x86)\Java\jdk1.8.0_271\jre\lib\ext\sunjce_provider.jar;C:\Program Files (x86)\Java\jdk1.8.0_271\jre\lib\ext\sunmscapi.jar;C:\Program Files (x86)\Java\jdk1.8.0_271\jre\lib\ext\sunpkcs11.jar;C:\Program Files (x86)\Java\jdk1.8.0_271\jre\lib\ext\zipfs.jar;C:\Program Files (x86)\Java\jdk1.8.0_271\jre\lib\javaws.jar;C:\Program Files (x86)\Java\jdk1.8.0_271\jre\lib\jce.jar;C:\Program Files (x86)\Java\jdk1.8.0_271\jre\lib\jfr.jar;C:\Program Files (x86)\Java\jdk1.8.0_271\jre\lib\jfxswt.jar;C:\Program Files (x86)\Java\jdk1.8.0_271\jre\lib\jsse.jar;C:\Program Files (x86)\Java\jdk1.8.0_271\jre\lib\management-agent.jar;C:\Program Files (x86)\Java\jdk1.8.0_271\jre\lib\plugin.jar;C:\Program Files (x86)\Java\jdk1.8.0_271\jre\lib\resources.jar;C:\Program Files (x86)\Java\jdk1.8.0_271\jre\lib\rt.jar;C:\Users\TESTINIUM\IdeaProjects\BitexenApiProject\target\test-classes;C:\Users\TESTINIUM\.m2\repository\org\seleniumhq\selenium\selenium-java\3.141.59\selenium-java-3.141.59.jar;C:\Users\TESTINIUM\.m2\repository\org\seleniumhq\selenium\selenium-api\3.141.59\selenium-api-3.141.59.jar;C:\Users\TESTINIUM\.m2\repository\org\seleniumhq\selenium\selenium-edge-driver\3.141.59\selenium-edge-driver-3.141.59.jar;C:\Users\TESTINIUM\.m2\repository\org\seleniumhq\selenium\selenium-firefox-driver\3.141.59\selenium-firefox-driver-3.141.59.jar;C:\Users\TESTINIUM\.m2\repository\org\seleniumhq\selenium\selenium-ie-driver\3.141.59\selenium-ie-driver-3.141.59.jar;C:\Users\TESTINIUM\.m2\repository\org\seleniumhq\selenium\selenium-opera-driver\3.141.59\selenium-opera-driver-3.141.59.jar;C:\Users\TESTINIUM\.m2\repository\org\seleniumhq\selenium\selenium-remote-driver\3.141.59\selenium-remote-driver-3.141.59.jar;C:\Users\TESTINIUM\.m2\repository\org\seleniumhq\selenium\selenium-safari-driver\3.141.59\selenium-safari-driver-3.141.59.jar;C:\Users\TESTINIUM\.m2\repository\org\seleniumhq\selenium\selenium-support\3.141.59\selenium-support-3.141.59.jar;C:\Users\TESTINIUM\.m2\repository\net\bytebuddy\byte-buddy\1.8.15\byte-buddy-1.8.15.jar;C:\Users\TESTINIUM\.m2\repository\org\apache\commons\commons-exec\1.3\commons-exec-1.3.jar;C:\Users\TESTINIUM\.m2\repository\com\google\guava\guava\25.0-jre\guava-25.0-jre.jar;C:\Users\TESTINIUM\.m2\repository\com\google\code\findbugs\jsr305\1.3.9\jsr305-1.3.9.jar;C:\Users\TESTINIUM\.m2\repository\org\checkerframework\checker-compat-qual\2.0.0\checker-compat-qual-2.0.0.jar;C:\Users\TESTINIUM\.m2\repository\com\google\errorprone\error_prone_annotations\2.1.3\error_prone_annotations-2.1.3.jar;C:\Users\TESTINIUM\.m2\repository\com\google\j2objc\j2objc-annotations\1.1\j2objc-annotations-1.1.jar;C:\Users\TESTINIUM\.m2\repository\org\codehaus\mojo\animal-sniffer-annotations\1.14\animal-sniffer-annotations-1.14.jar;C:\Users\TESTINIUM\.m2\repository\com\squareup\okhttp3\okhttp\3.11.0\okhttp-3.11.0.jar;C:\Users\TESTINIUM\.m2\repository\com\squareup\okio\okio\1.14.0\okio-1.14.0.jar;C:\Users\TESTINIUM\.m2\repository\org\seleniumhq\selenium\selenium-chrome-driver\3.141.59\selenium-chrome-driver-3.141.59.jar;C:\Users\TESTINIUM\.m2\repository\org\junit\jupiter\junit-jupiter-api\5.7.0\junit-jupiter-api-5.7.0.jar;C:\Users\TESTINIUM\.m2\repository\org\apiguardian\apiguardian-api\1.1.0\apiguardian-api-1.1.0.jar;C:\Users\TESTINIUM\.m2\repository\org\opentest4j\opentest4j\1.2.0\opentest4j-1.2.0.jar;C:\Users\TESTINIUM\.m2\repository\org\junit\platform\junit-platform-commons\1.7.0\junit-platform-commons-1.7.0.jar;C:\Users\TESTINIUM\.m2\repository\com\thoughtworks\gauge\gauge-java\0.7.3\gauge-java-0.7.3.jar;C:\Users\TESTINIUM\.m2\repository\org\assertj\assertj-core\3.14.0\assertj-core-3.14.0.jar;C:\Users\TESTINIUM\.m2\repository\org\reflections\reflections\0.9.11\reflections-0.9.11.jar;C:\Users\TESTINIUM\.m2\repository\org\javassist\javassist\3.21.0-GA\javassist-3.21.0-GA.jar;C:\Users\TESTINIUM\.m2\repository\com\github\javaparser\javaparser-core\2.5.1\javaparser-core-2.5.1.jar;C:\Users\TESTINIUM\.m2\repository\commons-io\commons-io\2.6\commons-io-2.6.jar;C:\Users\TESTINIUM\.m2\repository\commons-lang\commons-lang\2.6\commons-lang-2.6.jar;C:\Users\TESTINIUM\.m2\repository\com\google\protobuf\protobuf-java\3.10.0\protobuf-java-3.10.0.jar;C:\Users\TESTINIUM\.m2\repository\io\grpc\grpc-netty-shaded\1.25.0\grpc-netty-shaded-1.25.0.jar;C:\Users\TESTINIUM\.m2\repository\io\grpc\grpc-core\1.25.0\grpc-core-1.25.0.jar;C:\Users\TESTINIUM\.m2\repository\io\grpc\grpc-api\1.25.0\grpc-api-1.25.0.jar;C:\Users\TESTINIUM\.m2\repository\io\grpc\grpc-context\1.25.0\grpc-context-1.25.0.jar;C:\Users\TESTINIUM\.m2\repository\com\google\android\annotations\4.1.1.4\annotations-4.1.1.4.jar;C:\Users\TESTINIUM\.m2\repository\io\perfmark\perfmark-api\0.19.0\perfmark-api-0.19.0.jar;C:\Users\TESTINIUM\.m2\repository\io\opencensus\opencensus-api\0.21.0\opencensus-api-0.21.0.jar;C:\Users\TESTINIUM\.m2\repository\io\opencensus\opencensus-contrib-grpc-metrics\0.21.0\opencensus-contrib-grpc-metrics-0.21.0.jar;C:\Users\TESTINIUM\.m2\repository\io\grpc\grpc-protobuf\1.24.1\grpc-protobuf-1.24.1.jar;C:\Users\TESTINIUM\.m2\repository\com\google\api\grpc\proto-google-common-protos\1.12.0\proto-google-common-protos-1.12.0.jar;C:\Users\TESTINIUM\.m2\repository\io\grpc\grpc-protobuf-lite\1.24.1\grpc-protobuf-lite-1.24.1.jar;C:\Users\TESTINIUM\.m2\repository\io\grpc\grpc-stub\1.24.1\grpc-stub-1.24.1.jar;C:\Users\TESTINIUM\.m2\repository\javax\annotation\javax.annotation-api\1.3.2\javax.annotation-api-1.3.2.jar;C:\Users\TESTINIUM\.m2\repository\junit\junit\4.13.2\junit-4.13.2.jar;C:\Users\TESTINIUM\.m2\repository\org\hamcrest\hamcrest-core\1.3\hamcrest-core-1.3.jar;C:\Users\TESTINIUM\.m2\repository\org\json\json\20210307\json-20210307.jar;C:\Users\TESTINIUM\.m2\repository\io\github\bonigarcia\webdrivermanager\5.0.3\webdrivermanager-5.0.3.jar;C:\Users\TESTINIUM\.m2\repository\org\slf4j\slf4j-api\1.7.32\slf4j-api-1.7.32.jar;C:\Users\TESTINIUM\.m2\repository\com\google\code\gson\gson\2.8.8\gson-2.8.8.jar;C:\Users\TESTINIUM\.m2\repository\org\jsoup\jsoup\1.14.2\jsoup-1.14.2.jar;C:\Users\TESTINIUM\.m2\repository\com\github\docker-java\docker-java\3.2.12\docker-java-3.2.12.jar;C:\Users\TESTINIUM\.m2\repository\com\github\docker-java\docker-java-core\3.2.12\docker-java-core-3.2.12.jar;C:\Users\TESTINIUM\.m2\repository\com\github\docker-java\docker-java-api\3.2.12\docker-java-api-3.2.12.jar;C:\Users\TESTINIUM\.m2\repository\com\fasterxml\jackson\core\jackson-annotations\2.10.3\jackson-annotations-2.10.3.jar;C:\Users\TESTINIUM\.m2\repository\org\apache\commons\commons-compress\1.21\commons-compress-1.21.jar;C:\Users\TESTINIUM\.m2\repository\com\fasterxml\jackson\core\jackson-databind\2.10.3\jackson-databind-2.10.3.jar;C:\Users\TESTINIUM\.m2\repository\com\fasterxml\jackson\core\jackson-core\2.10.3\jackson-core-2.10.3.jar;C:\Users\TESTINIUM\.m2\repository\org\bouncycastle\bcpkix-jdk15on\1.64\bcpkix-jdk15on-1.64.jar;C:\Users\TESTINIUM\.m2\repository\org\bouncycastle\bcprov-jdk15on\1.64\bcprov-jdk15on-1.64.jar;C:\Users\TESTINIUM\.m2\repository\org\slf4j\jcl-over-slf4j\1.7.30\jcl-over-slf4j-1.7.30.jar;C:\Users\TESTINIUM\.m2\repository\com\github\docker-java\docker-java-transport-httpclient5\3.2.12\docker-java-transport-httpclient5-3.2.12.jar;C:\Users\TESTINIUM\.m2\repository\com\github\docker-java\docker-java-transport\3.2.12\docker-java-transport-3.2.12.jar;C:\Users\TESTINIUM\.m2\repository\org\apache\httpcomponents\client5\httpclient5\5.0.3\httpclient5-5.0.3.jar;C:\Users\TESTINIUM\.m2\repository\org\apache\httpcomponents\core5\httpcore5\5.0.2\httpcore5-5.0.2.jar;C:\Users\TESTINIUM\.m2\repository\net\java\dev\jna\jna\5.8.0\jna-5.8.0.jar;C:\Users\TESTINIUM\.m2\repository\org\brotli\dec\0.1.2\dec-0.1.2.jar;C:\Users\TESTINIUM\.m2\repository\io\rest-assured\rest-assured\4.4.0\rest-assured-4.4.0.jar;C:\Users\TESTINIUM\.m2\repository\org\codehaus\groovy\groovy\3.0.8\groovy-3.0.8.jar;C:\Users\TESTINIUM\.m2\repository\org\codehaus\groovy\groovy-xml\3.0.8\groovy-xml-3.0.8.jar;C:\Users\TESTINIUM\.m2\repository\org\apache\httpcomponents\httpclient\4.5.13\httpclient-4.5.13.jar;C:\Users\TESTINIUM\.m2\repository\org\apache\httpcomponents\httpcore\4.4.13\httpcore-4.4.13.jar;C:\Users\TESTINIUM\.m2\repository\commons-logging\commons-logging\1.2\commons-logging-1.2.jar;C:\Users\TESTINIUM\.m2\repository\commons-codec\commons-codec\1.11\commons-codec-1.11.jar;C:\Users\TESTINIUM\.m2\repository\org\apache\httpcomponents\httpmime\4.5.13\httpmime-4.5.13.jar;C:\Users\TESTINIUM\.m2\repository\org\hamcrest\hamcrest\2.1\hamcrest-2.1.jar;C:\Users\TESTINIUM\.m2\repository\org\ccil\cowan\tagsoup\tagsoup\1.2.1\tagsoup-1.2.1.jar;C:\Users\TESTINIUM\.m2\repository\io\rest-assured\json-path\4.4.0\json-path-4.4.0.jar;C:\Users\TESTINIUM\.m2\repository\org\codehaus\groovy\groovy-json\3.0.8\groovy-json-3.0.8.jar;C:\Users\TESTINIUM\.m2\repository\io\rest-assured\rest-assured-common\4.4.0\rest-assured-common-4.4.0.jar;C:\Users\TESTINIUM\.m2\repository\io\rest-assured\xml-path\4.4.0\xml-path-4.4.0.jar;C:\Users\TESTINIUM\.m2\repository\org\apache\commons\commons-lang3\3.11\commons-lang3-3.11.jar;C:\Users\TESTINIUM\.m2\repository\jakarta\xml\bind\jakarta.xml.bind-api\2.3.3\jakarta.xml.bind-api-2.3.3.jar;C:\Users\TESTINIUM\.m2\repository\jakarta\activation\jakarta.activation-api\1.2.2\jakarta.activation-api-1.2.2.jar;C:\Users\TESTINIUM\.m2\repository\com\sun\xml\bind\jaxb-impl\2.3.3\jaxb-impl-2.3.3.jar
05-12-2021 23:19:07.867 [java] [DEBUG] Connecting to port: 60323
05-12-2021 23:19:07.889 [Gauge] [DEBUG] Established connection to runner.
05-12-2021 23:19:07.889 [Gauge] [DEBUG] Validation started.
05-12-2021 23:19:07.889 [java] [DEBUG] Connected to 127.0.0.1:60323
05-12-2021 23:19:08.238 [Gauge] [DEBUG] Checking updates...
05-12-2021 23:19:08.245 [Gauge] [DEBUG] Downloading https://downloads.gauge.org/plugin/html-report?l=java&p=html-report,java,screenshot,spectacle,xml-report&o=windows&a=amd64
05-12-2021 23:19:08.685 [Gauge] [DEBUG] Downloading https://downloads.gauge.org/plugin/java?l=java&p=html-report,java,screenshot,spectacle,xml-report&o=windows&a=amd64
05-12-2021 23:19:08.833 [Gauge] [DEBUG] Downloading https://downloads.gauge.org/plugin/screenshot?l=java&p=html-report,java,screenshot,spectacle,xml-report&o=windows&a=amd64
05-12-2021 23:19:09.008 [Gauge] [DEBUG] Downloading https://downloads.gauge.org/plugin/spectacle?l=java&p=html-report,java,screenshot,spectacle,xml-report&o=windows&a=amd64
05-12-2021 23:19:09.204 [Gauge] [DEBUG] Downloading https://downloads.gauge.org/plugin/xml-report?l=java&p=html-report,java,screenshot,spectacle,xml-report&o=windows&a=amd64
05-12-2021 23:19:17.174 [java] [DEBUG] Scanning packages for steps
05-12-2021 23:19:17.213 [java] [DEBUG] Scanning packages for hooks
05-12-2021 23:19:23.474 [Gauge] [DEBUG] Validation completed.
05-12-2021 23:19:23.476 [Gauge] [DEBUG] Run started
05-12-2021 23:19:23.479 [Gauge] [DEBUG] Starting Html Report plugin
05-12-2021 23:19:23.531 [Gauge] [DEBUG] Attempting to connect to grpc server at port: 60333
05-12-2021 23:19:23.532 [Gauge] [DEBUG] Successfully made the connection with plugin with port: 60333
05-12-2021 23:19:23.532 [Gauge] [DEBUG] Initialising suite data store.
05-12-2021 23:19:23.944 [java] [INFO] SLF4J: Failed to load class "org.slf4j.impl.StaticLoggerBinder".
05-12-2021 23:19:23.944 [java] [INFO] SLF4J: Defaulting to no-operation (NOP) logger implementation
05-12-2021 23:19:23.944 [java] [INFO] SLF4J: See http://www.slf4j.org/codes.html#StaticLoggerBinder for further details.
05-12-2021 23:19:28.007 [html-report] [DEBUG] Transformed SuiteResult to report structure
05-12-2021 23:19:28.029 [html-report] [INFO] Successfully generated html-report to => C:\Users\TESTINIUM\IdeaProjects\BitexenApiProject\reports\html-report\index.html
05-12-2021 23:19:28.029 [html-report] [DEBUG] Done generating HTML report using theme from C:\Users\TESTINIUM\AppData\Roaming\gauge\plugins\html-report\4.0.12\themes\default
05-12-2021 23:19:28.029 [Gauge] [DEBUG] Sending kill message to Html Report plugin.
05-12-2021 23:19:28.030 [Gauge] [DEBUG] Sending kill message to runner.
05-12-2021 23:19:28.032 [java] [DEBUG] Kill process request recieved
05-12-2021 23:19:28.342 [Gauge] [DEBUG] Runner with PID:10596 has exited
05-12-2021 23:19:28.342 [Gauge] [INFO] Specifications:	1 executed	0 passed	1 failed	0 skipped
05-12-2021 23:19:28.343 [Gauge] [INFO] Scenarios:	1 executed	0 passed	1 failed	0 skipped
05-12-2021 23:19:28.343 [Gauge] [INFO] 
Total time taken: 4.521s
05-12-2021 23:19:28.345 [Gauge] [INFO] Updates are available. Run `gauge update -c` for more info.
05-12-2021 23:26:11.175 [Gauge] [DEBUG] Created gauge_screenshots_dir at C:\Users\TESTINIUM\IdeaProjects\BitexenApiProject\.gauge\screenshots
05-12-2021 23:26:11.178 [Gauge] [DEBUG] Plugin java is already installed.
05-12-2021 23:26:11.189 [Gauge] [DEBUG] Plugin html-report is already installed.
05-12-2021 23:26:11.196 [Gauge] [DEBUG] Parsing started.
05-12-2021 23:26:11.196 [Gauge] [DEBUG] Started concepts parsing.
05-12-2021 23:26:11.212 [Gauge] [DEBUG] 1 concepts parsing completed.
05-12-2021 23:26:11.213 [Gauge] [DEBUG] Started specifications parsing.
05-12-2021 23:26:11.214 [Gauge] [DEBUG] 1 specifications parsing completed.
05-12-2021 23:26:11.214 [Gauge] [DEBUG] Parsing completed.
05-12-2021 23:26:11.218 [Gauge] [DEBUG] Staring java runner
05-12-2021 23:26:11.307 [java] [DEBUG] classpath set to C:\Program Files (x86)\Java\jdk1.8.0_271\jre\lib\charsets.jar;C:\Program Files (x86)\Java\jdk1.8.0_271\jre\lib\deploy.jar;C:\Program Files (x86)\Java\jdk1.8.0_271\jre\lib\ext\access-bridge-32.jar;C:\Program Files (x86)\Java\jdk1.8.0_271\jre\lib\ext\cldrdata.jar;C:\Program Files (x86)\Java\jdk1.8.0_271\jre\lib\ext\dnsns.jar;C:\Program Files (x86)\Java\jdk1.8.0_271\jre\lib\ext\jaccess.jar;C:\Program Files (x86)\Java\jdk1.8.0_271\jre\lib\ext\jfxrt.jar;C:\Program Files (x86)\Java\jdk1.8.0_271\jre\lib\ext\localedata.jar;C:\Program Files (x86)\Java\jdk1.8.0_271\jre\lib\ext\nashorn.jar;C:\Program Files (x86)\Java\jdk1.8.0_271\jre\lib\ext\sunec.jar;C:\Program Files (x86)\Java\jdk1.8.0_271\jre\lib\ext\sunjce_provider.jar;C:\Program Files (x86)\Java\jdk1.8.0_271\jre\lib\ext\sunmscapi.jar;C:\Program Files (x86)\Java\jdk1.8.0_271\jre\lib\ext\sunpkcs11.jar;C:\Program Files (x86)\Java\jdk1.8.0_271\jre\lib\ext\zipfs.jar;C:\Program Files (x86)\Java\jdk1.8.0_271\jre\lib\javaws.jar;C:\Program Files (x86)\Java\jdk1.8.0_271\jre\lib\jce.jar;C:\Program Files (x86)\Java\jdk1.8.0_271\jre\lib\jfr.jar;C:\Program Files (x86)\Java\jdk1.8.0_271\jre\lib\jfxswt.jar;C:\Program Files (x86)\Java\jdk1.8.0_271\jre\lib\jsse.jar;C:\Program Files (x86)\Java\jdk1.8.0_271\jre\lib\management-agent.jar;C:\Program Files (x86)\Java\jdk1.8.0_271\jre\lib\plugin.jar;C:\Program Files (x86)\Java\jdk1.8.0_271\jre\lib\resources.jar;C:\Program Files (x86)\Java\jdk1.8.0_271\jre\lib\rt.jar;C:\Users\TESTINIUM\IdeaProjects\BitexenApiProject\target\test-classes;C:\Users\TESTINIUM\.m2\repository\org\seleniumhq\selenium\selenium-java\3.141.59\selenium-java-3.141.59.jar;C:\Users\TESTINIUM\.m2\repository\org\seleniumhq\selenium\selenium-api\3.141.59\selenium-api-3.141.59.jar;C:\Users\TESTINIUM\.m2\repository\org\seleniumhq\selenium\selenium-edge-driver\3.141.59\selenium-edge-driver-3.141.59.jar;C:\Users\TESTINIUM\.m2\repository\org\seleniumhq\selenium\selenium-firefox-driver\3.141.59\selenium-firefox-driver-3.141.59.jar;C:\Users\TESTINIUM\.m2\repository\org\seleniumhq\selenium\selenium-ie-driver\3.141.59\selenium-ie-driver-3.141.59.jar;C:\Users\TESTINIUM\.m2\repository\org\seleniumhq\selenium\selenium-opera-driver\3.141.59\selenium-opera-driver-3.141.59.jar;C:\Users\TESTINIUM\.m2\repository\org\seleniumhq\selenium\selenium-remote-driver\3.141.59\selenium-remote-driver-3.141.59.jar;C:\Users\TESTINIUM\.m2\repository\org\seleniumhq\selenium\selenium-safari-driver\3.141.59\selenium-safari-driver-3.141.59.jar;C:\Users\TESTINIUM\.m2\repository\org\seleniumhq\selenium\selenium-support\3.141.59\selenium-support-3.141.59.jar;C:\Users\TESTINIUM\.m2\repository\net\bytebuddy\byte-buddy\1.8.15\byte-buddy-1.8.15.jar;C:\Users\TESTINIUM\.m2\repository\org\apache\commons\commons-exec\1.3\commons-exec-1.3.jar;C:\Users\TESTINIUM\.m2\repository\com\google\guava\guava\25.0-jre\guava-25.0-jre.jar;C:\Users\TESTINIUM\.m2\repository\com\google\code\findbugs\jsr305\1.3.9\jsr305-1.3.9.jar;C:\Users\TESTINIUM\.m2\repository\org\checkerframework\checker-compat-qual\2.0.0\checker-compat-qual-2.0.0.jar;C:\Users\TESTINIUM\.m2\repository\com\google\errorprone\error_prone_annotations\2.1.3\error_prone_annotations-2.1.3.jar;C:\Users\TESTINIUM\.m2\repository\com\google\j2objc\j2objc-annotations\1.1\j2objc-annotations-1.1.jar;C:\Users\TESTINIUM\.m2\repository\org\codehaus\mojo\animal-sniffer-annotations\1.14\animal-sniffer-annotations-1.14.jar;C:\Users\TESTINIUM\.m2\repository\com\squareup\okhttp3\okhttp\3.11.0\okhttp-3.11.0.jar;C:\Users\TESTINIUM\.m2\repository\com\squareup\okio\okio\1.14.0\okio-1.14.0.jar;C:\Users\TESTINIUM\.m2\repository\org\seleniumhq\selenium\selenium-chrome-driver\3.141.59\selenium-chrome-driver-3.141.59.jar;C:\Users\TESTINIUM\.m2\repository\org\junit\jupiter\junit-jupiter-api\5.7.0\junit-jupiter-api-5.7.0.jar;C:\Users\TESTINIUM\.m2\repository\org\apiguardian\apiguardian-api\1.1.0\apiguardian-api-1.1.0.jar;C:\Users\TESTINIUM\.m2\repository\org\opentest4j\opentest4j\1.2.0\opentest4j-1.2.0.jar;C:\Users\TESTINIUM\.m2\repository\org\junit\platform\junit-platform-commons\1.7.0\junit-platform-commons-1.7.0.jar;C:\Users\TESTINIUM\.m2\repository\com\thoughtworks\gauge\gauge-java\0.7.3\gauge-java-0.7.3.jar;C:\Users\TESTINIUM\.m2\repository\org\assertj\assertj-core\3.14.0\assertj-core-3.14.0.jar;C:\Users\TESTINIUM\.m2\repository\org\reflections\reflections\0.9.11\reflections-0.9.11.jar;C:\Users\TESTINIUM\.m2\repository\org\javassist\javassist\3.21.0-GA\javassist-3.21.0-GA.jar;C:\Users\TESTINIUM\.m2\repository\com\github\javaparser\javaparser-core\2.5.1\javaparser-core-2.5.1.jar;C:\Users\TESTINIUM\.m2\repository\commons-io\commons-io\2.6\commons-io-2.6.jar;C:\Users\TESTINIUM\.m2\repository\commons-lang\commons-lang\2.6\commons-lang-2.6.jar;C:\Users\TESTINIUM\.m2\repository\com\google\protobuf\protobuf-java\3.10.0\protobuf-java-3.10.0.jar;C:\Users\TESTINIUM\.m2\repository\io\grpc\grpc-netty-shaded\1.25.0\grpc-netty-shaded-1.25.0.jar;C:\Users\TESTINIUM\.m2\repository\io\grpc\grpc-core\1.25.0\grpc-core-1.25.0.jar;C:\Users\TESTINIUM\.m2\repository\io\grpc\grpc-api\1.25.0\grpc-api-1.25.0.jar;C:\Users\TESTINIUM\.m2\repository\io\grpc\grpc-context\1.25.0\grpc-context-1.25.0.jar;C:\Users\TESTINIUM\.m2\repository\com\google\android\annotations\4.1.1.4\annotations-4.1.1.4.jar;C:\Users\TESTINIUM\.m2\repository\io\perfmark\perfmark-api\0.19.0\perfmark-api-0.19.0.jar;C:\Users\TESTINIUM\.m2\repository\io\opencensus\opencensus-api\0.21.0\opencensus-api-0.21.0.jar;C:\Users\TESTINIUM\.m2\repository\io\opencensus\opencensus-contrib-grpc-metrics\0.21.0\opencensus-contrib-grpc-metrics-0.21.0.jar;C:\Users\TESTINIUM\.m2\repository\io\grpc\grpc-protobuf\1.24.1\grpc-protobuf-1.24.1.jar;C:\Users\TESTINIUM\.m2\repository\com\google\api\grpc\proto-google-common-protos\1.12.0\proto-google-common-protos-1.12.0.jar;C:\Users\TESTINIUM\.m2\repository\io\grpc\grpc-protobuf-lite\1.24.1\grpc-protobuf-lite-1.24.1.jar;C:\Users\TESTINIUM\.m2\repository\io\grpc\grpc-stub\1.24.1\grpc-stub-1.24.1.jar;C:\Users\TESTINIUM\.m2\repository\javax\annotation\javax.annotation-api\1.3.2\javax.annotation-api-1.3.2.jar;C:\Users\TESTINIUM\.m2\repository\junit\junit\4.13.2\junit-4.13.2.jar;C:\Users\TESTINIUM\.m2\repository\org\hamcrest\hamcrest-core\1.3\hamcrest-core-1.3.jar;C:\Users\TESTINIUM\.m2\repository\org\json\json\20210307\json-20210307.jar;C:\Users\TESTINIUM\.m2\repository\io\github\bonigarcia\webdrivermanager\5.0.3\webdrivermanager-5.0.3.jar;C:\Users\TESTINIUM\.m2\repository\org\slf4j\slf4j-api\1.7.32\slf4j-api-1.7.32.jar;C:\Users\TESTINIUM\.m2\repository\com\google\code\gson\gson\2.8.8\gson-2.8.8.jar;C:\Users\TESTINIUM\.m2\repository\org\jsoup\jsoup\1.14.2\jsoup-1.14.2.jar;C:\Users\TESTINIUM\.m2\repository\com\github\docker-java\docker-java\3.2.12\docker-java-3.2.12.jar;C:\Users\TESTINIUM\.m2\repository\com\github\docker-java\docker-java-core\3.2.12\docker-java-core-3.2.12.jar;C:\Users\TESTINIUM\.m2\repository\com\github\docker-java\docker-java-api\3.2.12\docker-java-api-3.2.12.jar;C:\Users\TESTINIUM\.m2\repository\com\fasterxml\jackson\core\jackson-annotations\2.10.3\jackson-annotations-2.10.3.jar;C:\Users\TESTINIUM\.m2\repository\org\apache\commons\commons-compress\1.21\commons-compress-1.21.jar;C:\Users\TESTINIUM\.m2\repository\com\fasterxml\jackson\core\jackson-databind\2.10.3\jackson-databind-2.10.3.jar;C:\Users\TESTINIUM\.m2\repository\com\fasterxml\jackson\core\jackson-core\2.10.3\jackson-core-2.10.3.jar;C:\Users\TESTINIUM\.m2\repository\org\bouncycastle\bcpkix-jdk15on\1.64\bcpkix-jdk15on-1.64.jar;C:\Users\TESTINIUM\.m2\repository\org\bouncycastle\bcprov-jdk15on\1.64\bcprov-jdk15on-1.64.jar;C:\Users\TESTINIUM\.m2\repository\org\slf4j\jcl-over-slf4j\1.7.30\jcl-over-slf4j-1.7.30.jar;C:\Users\TESTINIUM\.m2\repository\com\github\docker-java\docker-java-transport-httpclient5\3.2.12\docker-java-transport-httpclient5-3.2.12.jar;C:\Users\TESTINIUM\.m2\repository\com\github\docker-java\docker-java-transport\3.2.12\docker-java-transport-3.2.12.jar;C:\Users\TESTINIUM\.m2\repository\org\apache\httpcomponents\client5\httpclient5\5.0.3\httpclient5-5.0.3.jar;C:\Users\TESTINIUM\.m2\repository\org\apache\httpcomponents\core5\httpcore5\5.0.2\httpcore5-5.0.2.jar;C:\Users\TESTINIUM\.m2\repository\net\java\dev\jna\jna\5.8.0\jna-5.8.0.jar;C:\Users\TESTINIUM\.m2\repository\org\brotli\dec\0.1.2\dec-0.1.2.jar;C:\Users\TESTINIUM\.m2\repository\io\rest-assured\rest-assured\4.4.0\rest-assured-4.4.0.jar;C:\Users\TESTINIUM\.m2\repository\org\codehaus\groovy\groovy\3.0.8\groovy-3.0.8.jar;C:\Users\TESTINIUM\.m2\repository\org\codehaus\groovy\groovy-xml\3.0.8\groovy-xml-3.0.8.jar;C:\Users\TESTINIUM\.m2\repository\org\apache\httpcomponents\httpclient\4.5.13\httpclient-4.5.13.jar;C:\Users\TESTINIUM\.m2\repository\org\apache\httpcomponents\httpcore\4.4.13\httpcore-4.4.13.jar;C:\Users\TESTINIUM\.m2\repository\commons-logging\commons-logging\1.2\commons-logging-1.2.jar;C:\Users\TESTINIUM\.m2\repository\commons-codec\commons-codec\1.11\commons-codec-1.11.jar;C:\Users\TESTINIUM\.m2\repository\org\apache\httpcomponents\httpmime\4.5.13\httpmime-4.5.13.jar;C:\Users\TESTINIUM\.m2\repository\org\hamcrest\hamcrest\2.1\hamcrest-2.1.jar;C:\Users\TESTINIUM\.m2\repository\org\ccil\cowan\tagsoup\tagsoup\1.2.1\tagsoup-1.2.1.jar;C:\Users\TESTINIUM\.m2\repository\io\rest-assured\json-path\4.4.0\json-path-4.4.0.jar;C:\Users\TESTINIUM\.m2\repository\org\codehaus\groovy\groovy-json\3.0.8\groovy-json-3.0.8.jar;C:\Users\TESTINIUM\.m2\repository\io\rest-assured\rest-assured-common\4.4.0\rest-assured-common-4.4.0.jar;C:\Users\TESTINIUM\.m2\repository\io\rest-assured\xml-path\4.4.0\xml-path-4.4.0.jar;C:\Users\TESTINIUM\.m2\repository\org\apache\commons\commons-lang3\3.11\commons-lang3-3.11.jar;C:\Users\TESTINIUM\.m2\repository\jakarta\xml\bind\jakarta.xml.bind-api\2.3.3\jakarta.xml.bind-api-2.3.3.jar;C:\Users\TESTINIUM\.m2\repository\jakarta\activation\jakarta.activation-api\1.2.2\jakarta.activation-api-1.2.2.jar;C:\Users\TESTINIUM\.m2\repository\com\sun\xml\bind\jaxb-impl\2.3.3\jaxb-impl-2.3.3.jar
05-12-2021 23:26:11.558 [Gauge] [DEBUG] Checking updates...
05-12-2021 23:26:11.562 [Gauge] [DEBUG] Downloading https://downloads.gauge.org/plugin/html-report?l=java&p=html-report,java,screenshot,spectacle,xml-report&o=windows&a=amd64
05-12-2021 23:26:11.996 [java] [DEBUG] Connecting to port: 52403
05-12-2021 23:26:12.005 [Gauge] [DEBUG] Downloading https://downloads.gauge.org/plugin/java?l=java&p=html-report,java,screenshot,spectacle,xml-report&o=windows&a=amd64
05-12-2021 23:26:12.015 [Gauge] [DEBUG] Established connection to runner.
05-12-2021 23:26:12.015 [Gauge] [DEBUG] Validation started.
05-12-2021 23:26:12.015 [java] [DEBUG] Connected to 127.0.0.1:52403
05-12-2021 23:26:12.157 [Gauge] [DEBUG] Downloading https://downloads.gauge.org/plugin/screenshot?l=java&p=html-report,java,screenshot,spectacle,xml-report&o=windows&a=amd64
05-12-2021 23:26:12.375 [Gauge] [DEBUG] Downloading https://downloads.gauge.org/plugin/spectacle?l=java&p=html-report,java,screenshot,spectacle,xml-report&o=windows&a=amd64
05-12-2021 23:26:12.597 [Gauge] [DEBUG] Downloading https://downloads.gauge.org/plugin/xml-report?l=java&p=html-report,java,screenshot,spectacle,xml-report&o=windows&a=amd64
05-12-2021 23:26:21.384 [java] [DEBUG] Scanning packages for steps
05-12-2021 23:26:21.417 [java] [DEBUG] Scanning packages for hooks
05-12-2021 23:26:27.507 [Gauge] [DEBUG] Validation completed.
05-12-2021 23:26:27.508 [Gauge] [DEBUG] Run started
05-12-2021 23:26:27.509 [Gauge] [DEBUG] Starting Html Report plugin
05-12-2021 23:26:27.589 [Gauge] [DEBUG] Attempting to connect to grpc server at port: 52413
05-12-2021 23:26:27.591 [Gauge] [DEBUG] Successfully made the connection with plugin with port: 52413
05-12-2021 23:26:27.591 [Gauge] [DEBUG] Initialising suite data store.
05-12-2021 23:26:28.021 [java] [INFO] SLF4J: Failed to load class "org.slf4j.impl.StaticLoggerBinder".
05-12-2021 23:26:28.021 [java] [INFO] SLF4J: Defaulting to no-operation (NOP) logger implementation
05-12-2021 23:26:28.021 [java] [INFO] SLF4J: See http://www.slf4j.org/codes.html#StaticLoggerBinder for further details.
05-12-2021 23:26:32.856 [html-report] [DEBUG] Transformed SuiteResult to report structure
05-12-2021 23:26:32.899 [html-report] [INFO] Successfully generated html-report to => C:\Users\TESTINIUM\IdeaProjects\BitexenApiProject\reports\html-report\index.html
05-12-2021 23:26:32.899 [html-report] [DEBUG] Done generating HTML report using theme from C:\Users\TESTINIUM\AppData\Roaming\gauge\plugins\html-report\4.0.12\themes\default
05-12-2021 23:26:32.900 [Gauge] [DEBUG] Sending kill message to Html Report plugin.
05-12-2021 23:26:32.903 [Gauge] [DEBUG] Sending kill message to runner.
05-12-2021 23:26:32.912 [java] [DEBUG] Kill process request recieved
05-12-2021 23:26:33.244 [Gauge] [DEBUG] Runner with PID:11360 has exited
05-12-2021 23:26:33.245 [Gauge] [INFO] Specifications:	1 executed	0 passed	1 failed	0 skipped
05-12-2021 23:26:33.245 [Gauge] [INFO] Scenarios:	1 executed	0 passed	1 failed	0 skipped
05-12-2021 23:26:33.245 [Gauge] [INFO] 
Total time taken: 5.333s
05-12-2021 23:26:33.247 [Gauge] [INFO] Updates are available. Run `gauge update -c` for more info.
05-12-2021 23:28:29.438 [Gauge] [DEBUG] Created gauge_screenshots_dir at C:\Users\TESTINIUM\IdeaProjects\BitexenApiProject\.gauge\screenshots
05-12-2021 23:28:29.443 [Gauge] [DEBUG] Plugin java is already installed.
05-12-2021 23:28:29.445 [Gauge] [DEBUG] Plugin html-report is already installed.
05-12-2021 23:28:29.450 [Gauge] [DEBUG] Parsing started.
05-12-2021 23:28:29.450 [Gauge] [DEBUG] Started concepts parsing.
05-12-2021 23:28:29.471 [Gauge] [DEBUG] 1 concepts parsing completed.
05-12-2021 23:28:29.471 [Gauge] [DEBUG] Started specifications parsing.
05-12-2021 23:28:29.472 [Gauge] [DEBUG] 1 specifications parsing completed.
05-12-2021 23:28:29.472 [Gauge] [DEBUG] Parsing completed.
05-12-2021 23:28:29.474 [Gauge] [DEBUG] Staring java runner
05-12-2021 23:28:29.567 [java] [DEBUG] classpath set to C:\Program Files (x86)\Java\jdk1.8.0_271\jre\lib\charsets.jar;C:\Program Files (x86)\Java\jdk1.8.0_271\jre\lib\deploy.jar;C:\Program Files (x86)\Java\jdk1.8.0_271\jre\lib\ext\access-bridge-32.jar;C:\Program Files (x86)\Java\jdk1.8.0_271\jre\lib\ext\cldrdata.jar;C:\Program Files (x86)\Java\jdk1.8.0_271\jre\lib\ext\dnsns.jar;C:\Program Files (x86)\Java\jdk1.8.0_271\jre\lib\ext\jaccess.jar;C:\Program Files (x86)\Java\jdk1.8.0_271\jre\lib\ext\jfxrt.jar;C:\Program Files (x86)\Java\jdk1.8.0_271\jre\lib\ext\localedata.jar;C:\Program Files (x86)\Java\jdk1.8.0_271\jre\lib\ext\nashorn.jar;C:\Program Files (x86)\Java\jdk1.8.0_271\jre\lib\ext\sunec.jar;C:\Program Files (x86)\Java\jdk1.8.0_271\jre\lib\ext\sunjce_provider.jar;C:\Program Files (x86)\Java\jdk1.8.0_271\jre\lib\ext\sunmscapi.jar;C:\Program Files (x86)\Java\jdk1.8.0_271\jre\lib\ext\sunpkcs11.jar;C:\Program Files (x86)\Java\jdk1.8.0_271\jre\lib\ext\zipfs.jar;C:\Program Files (x86)\Java\jdk1.8.0_271\jre\lib\javaws.jar;C:\Program Files (x86)\Java\jdk1.8.0_271\jre\lib\jce.jar;C:\Program Files (x86)\Java\jdk1.8.0_271\jre\lib\jfr.jar;C:\Program Files (x86)\Java\jdk1.8.0_271\jre\lib\jfxswt.jar;C:\Program Files (x86)\Java\jdk1.8.0_271\jre\lib\jsse.jar;C:\Program Files (x86)\Java\jdk1.8.0_271\jre\lib\management-agent.jar;C:\Program Files (x86)\Java\jdk1.8.0_271\jre\lib\plugin.jar;C:\Program Files (x86)\Java\jdk1.8.0_271\jre\lib\resources.jar;C:\Program Files (x86)\Java\jdk1.8.0_271\jre\lib\rt.jar;C:\Users\TESTINIUM\IdeaProjects\BitexenApiProject\target\test-classes;C:\Users\TESTINIUM\.m2\repository\org\seleniumhq\selenium\selenium-java\3.141.59\selenium-java-3.141.59.jar;C:\Users\TESTINIUM\.m2\repository\org\seleniumhq\selenium\selenium-api\3.141.59\selenium-api-3.141.59.jar;C:\Users\TESTINIUM\.m2\repository\org\seleniumhq\selenium\selenium-edge-driver\3.141.59\selenium-edge-driver-3.141.59.jar;C:\Users\TESTINIUM\.m2\repository\org\seleniumhq\selenium\selenium-firefox-driver\3.141.59\selenium-firefox-driver-3.141.59.jar;C:\Users\TESTINIUM\.m2\repository\org\seleniumhq\selenium\selenium-ie-driver\3.141.59\selenium-ie-driver-3.141.59.jar;C:\Users\TESTINIUM\.m2\repository\org\seleniumhq\selenium\selenium-opera-driver\3.141.59\selenium-opera-driver-3.141.59.jar;C:\Users\TESTINIUM\.m2\repository\org\seleniumhq\selenium\selenium-remote-driver\3.141.59\selenium-remote-driver-3.141.59.jar;C:\Users\TESTINIUM\.m2\repository\org\seleniumhq\selenium\selenium-safari-driver\3.141.59\selenium-safari-driver-3.141.59.jar;C:\Users\TESTINIUM\.m2\repository\org\seleniumhq\selenium\selenium-support\3.141.59\selenium-support-3.141.59.jar;C:\Users\TESTINIUM\.m2\repository\net\bytebuddy\byte-buddy\1.8.15\byte-buddy-1.8.15.jar;C:\Users\TESTINIUM\.m2\repository\org\apache\commons\commons-exec\1.3\commons-exec-1.3.jar;C:\Users\TESTINIUM\.m2\repository\com\google\guava\guava\25.0-jre\guava-25.0-jre.jar;C:\Users\TESTINIUM\.m2\repository\com\google\code\findbugs\jsr305\1.3.9\jsr305-1.3.9.jar;C:\Users\TESTINIUM\.m2\repository\org\checkerframework\checker-compat-qual\2.0.0\checker-compat-qual-2.0.0.jar;C:\Users\TESTINIUM\.m2\repository\com\google\errorprone\error_prone_annotations\2.1.3\error_prone_annotations-2.1.3.jar;C:\Users\TESTINIUM\.m2\repository\com\google\j2objc\j2objc-annotations\1.1\j2objc-annotations-1.1.jar;C:\Users\TESTINIUM\.m2\repository\org\codehaus\mojo\animal-sniffer-annotations\1.14\animal-sniffer-annotations-1.14.jar;C:\Users\TESTINIUM\.m2\repository\com\squareup\okhttp3\okhttp\3.11.0\okhttp-3.11.0.jar;C:\Users\TESTINIUM\.m2\repository\com\squareup\okio\okio\1.14.0\okio-1.14.0.jar;C:\Users\TESTINIUM\.m2\repository\org\seleniumhq\selenium\selenium-chrome-driver\3.141.59\selenium-chrome-driver-3.141.59.jar;C:\Users\TESTINIUM\.m2\repository\org\junit\jupiter\junit-jupiter-api\5.7.0\junit-jupiter-api-5.7.0.jar;C:\Users\TESTINIUM\.m2\repository\org\apiguardian\apiguardian-api\1.1.0\apiguardian-api-1.1.0.jar;C:\Users\TESTINIUM\.m2\repository\org\opentest4j\opentest4j\1.2.0\opentest4j-1.2.0.jar;C:\Users\TESTINIUM\.m2\repository\org\junit\platform\junit-platform-commons\1.7.0\junit-platform-commons-1.7.0.jar;C:\Users\TESTINIUM\.m2\repository\com\thoughtworks\gauge\gauge-java\0.7.3\gauge-java-0.7.3.jar;C:\Users\TESTINIUM\.m2\repository\org\assertj\assertj-core\3.14.0\assertj-core-3.14.0.jar;C:\Users\TESTINIUM\.m2\repository\org\reflections\reflections\0.9.11\reflections-0.9.11.jar;C:\Users\TESTINIUM\.m2\repository\org\javassist\javassist\3.21.0-GA\javassist-3.21.0-GA.jar;C:\Users\TESTINIUM\.m2\repository\com\github\javaparser\javaparser-core\2.5.1\javaparser-core-2.5.1.jar;C:\Users\TESTINIUM\.m2\repository\commons-io\commons-io\2.6\commons-io-2.6.jar;C:\Users\TESTINIUM\.m2\repository\commons-lang\commons-lang\2.6\commons-lang-2.6.jar;C:\Users\TESTINIUM\.m2\repository\com\google\protobuf\protobuf-java\3.10.0\protobuf-java-3.10.0.jar;C:\Users\TESTINIUM\.m2\repository\io\grpc\grpc-netty-shaded\1.25.0\grpc-netty-shaded-1.25.0.jar;C:\Users\TESTINIUM\.m2\repository\io\grpc\grpc-core\1.25.0\grpc-core-1.25.0.jar;C:\Users\TESTINIUM\.m2\repository\io\grpc\grpc-api\1.25.0\grpc-api-1.25.0.jar;C:\Users\TESTINIUM\.m2\repository\io\grpc\grpc-context\1.25.0\grpc-context-1.25.0.jar;C:\Users\TESTINIUM\.m2\repository\com\google\android\annotations\4.1.1.4\annotations-4.1.1.4.jar;C:\Users\TESTINIUM\.m2\repository\io\perfmark\perfmark-api\0.19.0\perfmark-api-0.19.0.jar;C:\Users\TESTINIUM\.m2\repository\io\opencensus\opencensus-api\0.21.0\opencensus-api-0.21.0.jar;C:\Users\TESTINIUM\.m2\repository\io\opencensus\opencensus-contrib-grpc-metrics\0.21.0\opencensus-contrib-grpc-metrics-0.21.0.jar;C:\Users\TESTINIUM\.m2\repository\io\grpc\grpc-protobuf\1.24.1\grpc-protobuf-1.24.1.jar;C:\Users\TESTINIUM\.m2\repository\com\google\api\grpc\proto-google-common-protos\1.12.0\proto-google-common-protos-1.12.0.jar;C:\Users\TESTINIUM\.m2\repository\io\grpc\grpc-protobuf-lite\1.24.1\grpc-protobuf-lite-1.24.1.jar;C:\Users\TESTINIUM\.m2\repository\io\grpc\grpc-stub\1.24.1\grpc-stub-1.24.1.jar;C:\Users\TESTINIUM\.m2\repository\javax\annotation\javax.annotation-api\1.3.2\javax.annotation-api-1.3.2.jar;C:\Users\TESTINIUM\.m2\repository\junit\junit\4.13.2\junit-4.13.2.jar;C:\Users\TESTINIUM\.m2\repository\org\hamcrest\hamcrest-core\1.3\hamcrest-core-1.3.jar;C:\Users\TESTINIUM\.m2\repository\org\json\json\20210307\json-20210307.jar;C:\Users\TESTINIUM\.m2\repository\io\github\bonigarcia\webdrivermanager\5.0.3\webdrivermanager-5.0.3.jar;C:\Users\TESTINIUM\.m2\repository\org\slf4j\slf4j-api\1.7.32\slf4j-api-1.7.32.jar;C:\Users\TESTINIUM\.m2\repository\com\google\code\gson\gson\2.8.8\gson-2.8.8.jar;C:\Users\TESTINIUM\.m2\repository\org\jsoup\jsoup\1.14.2\jsoup-1.14.2.jar;C:\Users\TESTINIUM\.m2\repository\com\github\docker-java\docker-java\3.2.12\docker-java-3.2.12.jar;C:\Users\TESTINIUM\.m2\repository\com\github\docker-java\docker-java-core\3.2.12\docker-java-core-3.2.12.jar;C:\Users\TESTINIUM\.m2\repository\com\github\docker-java\docker-java-api\3.2.12\docker-java-api-3.2.12.jar;C:\Users\TESTINIUM\.m2\repository\com\fasterxml\jackson\core\jackson-annotations\2.10.3\jackson-annotations-2.10.3.jar;C:\Users\TESTINIUM\.m2\repository\org\apache\commons\commons-compress\1.21\commons-compress-1.21.jar;C:\Users\TESTINIUM\.m2\repository\com\fasterxml\jackson\core\jackson-databind\2.10.3\jackson-databind-2.10.3.jar;C:\Users\TESTINIUM\.m2\repository\com\fasterxml\jackson\core\jackson-core\2.10.3\jackson-core-2.10.3.jar;C:\Users\TESTINIUM\.m2\repository\org\bouncycastle\bcpkix-jdk15on\1.64\bcpkix-jdk15on-1.64.jar;C:\Users\TESTINIUM\.m2\repository\org\bouncycastle\bcprov-jdk15on\1.64\bcprov-jdk15on-1.64.jar;C:\Users\TESTINIUM\.m2\repository\org\slf4j\jcl-over-slf4j\1.7.30\jcl-over-slf4j-1.7.30.jar;C:\Users\TESTINIUM\.m2\repository\com\github\docker-java\docker-java-transport-httpclient5\3.2.12\docker-java-transport-httpclient5-3.2.12.jar;C:\Users\TESTINIUM\.m2\repository\com\github\docker-java\docker-java-transport\3.2.12\docker-java-transport-3.2.12.jar;C:\Users\TESTINIUM\.m2\repository\org\apache\httpcomponents\client5\httpclient5\5.0.3\httpclient5-5.0.3.jar;C:\Users\TESTINIUM\.m2\repository\org\apache\httpcomponents\core5\httpcore5\5.0.2\httpcore5-5.0.2.jar;C:\Users\TESTINIUM\.m2\repository\net\java\dev\jna\jna\5.8.0\jna-5.8.0.jar;C:\Users\TESTINIUM\.m2\repository\org\brotli\dec\0.1.2\dec-0.1.2.jar;C:\Users\TESTINIUM\.m2\repository\io\rest-assured\rest-assured\4.4.0\rest-assured-4.4.0.jar;C:\Users\TESTINIUM\.m2\repository\org\codehaus\groovy\groovy\3.0.8\groovy-3.0.8.jar;C:\Users\TESTINIUM\.m2\repository\org\codehaus\groovy\groovy-xml\3.0.8\groovy-xml-3.0.8.jar;C:\Users\TESTINIUM\.m2\repository\org\apache\httpcomponents\httpclient\4.5.13\httpclient-4.5.13.jar;C:\Users\TESTINIUM\.m2\repository\org\apache\httpcomponents\httpcore\4.4.13\httpcore-4.4.13.jar;C:\Users\TESTINIUM\.m2\repository\commons-logging\commons-logging\1.2\commons-logging-1.2.jar;C:\Users\TESTINIUM\.m2\repository\commons-codec\commons-codec\1.11\commons-codec-1.11.jar;C:\Users\TESTINIUM\.m2\repository\org\apache\httpcomponents\httpmime\4.5.13\httpmime-4.5.13.jar;C:\Users\TESTINIUM\.m2\repository\org\hamcrest\hamcrest\2.1\hamcrest-2.1.jar;C:\Users\TESTINIUM\.m2\repository\org\ccil\cowan\tagsoup\tagsoup\1.2.1\tagsoup-1.2.1.jar;C:\Users\TESTINIUM\.m2\repository\io\rest-assured\json-path\4.4.0\json-path-4.4.0.jar;C:\Users\TESTINIUM\.m2\repository\org\codehaus\groovy\groovy-json\3.0.8\groovy-json-3.0.8.jar;C:\Users\TESTINIUM\.m2\repository\io\rest-assured\rest-assured-common\4.4.0\rest-assured-common-4.4.0.jar;C:\Users\TESTINIUM\.m2\repository\io\rest-assured\xml-path\4.4.0\xml-path-4.4.0.jar;C:\Users\TESTINIUM\.m2\repository\org\apache\commons\commons-lang3\3.11\commons-lang3-3.11.jar;C:\Users\TESTINIUM\.m2\repository\jakarta\xml\bind\jakarta.xml.bind-api\2.3.3\jakarta.xml.bind-api-2.3.3.jar;C:\Users\TESTINIUM\.m2\repository\jakarta\activation\jakarta.activation-api\1.2.2\jakarta.activation-api-1.2.2.jar;C:\Users\TESTINIUM\.m2\repository\com\sun\xml\bind\jaxb-impl\2.3.3\jaxb-impl-2.3.3.jar
05-12-2021 23:28:29.859 [Gauge] [DEBUG] Checking updates...
05-12-2021 23:28:29.867 [Gauge] [DEBUG] Downloading https://downloads.gauge.org/plugin/html-report?l=java&p=html-report,java,screenshot,spectacle,xml-report&o=windows&a=amd64
05-12-2021 23:28:30.356 [java] [DEBUG] Connecting to port: 49752
05-12-2021 23:28:30.365 [Gauge] [DEBUG] Established connection to runner.
05-12-2021 23:28:30.365 [Gauge] [DEBUG] Validation started.
05-12-2021 23:28:30.366 [java] [DEBUG] Connected to 127.0.0.1:49752
05-12-2021 23:28:30.478 [Gauge] [DEBUG] Downloading https://downloads.gauge.org/plugin/java?l=java&p=html-report,java,screenshot,spectacle,xml-report&o=windows&a=amd64
05-12-2021 23:28:30.657 [Gauge] [DEBUG] Downloading https://downloads.gauge.org/plugin/screenshot?l=java&p=html-report,java,screenshot,spectacle,xml-report&o=windows&a=amd64
05-12-2021 23:28:30.888 [Gauge] [DEBUG] Downloading https://downloads.gauge.org/plugin/spectacle?l=java&p=html-report,java,screenshot,spectacle,xml-report&o=windows&a=amd64
05-12-2021 23:28:31.102 [Gauge] [DEBUG] Downloading https://downloads.gauge.org/plugin/xml-report?l=java&p=html-report,java,screenshot,spectacle,xml-report&o=windows&a=amd64
05-12-2021 23:28:40.184 [java] [DEBUG] Scanning packages for steps
05-12-2021 23:28:40.222 [java] [DEBUG] Scanning packages for hooks
05-12-2021 23:28:46.559 [Gauge] [DEBUG] Validation completed.
05-12-2021 23:28:46.560 [Gauge] [DEBUG] Run started
05-12-2021 23:28:46.563 [Gauge] [DEBUG] Starting Html Report plugin
05-12-2021 23:28:46.610 [Gauge] [DEBUG] Attempting to connect to grpc server at port: 61180
05-12-2021 23:28:46.612 [Gauge] [DEBUG] Successfully made the connection with plugin with port: 61180
05-12-2021 23:28:46.612 [Gauge] [DEBUG] Initialising suite data store.
05-12-2021 23:28:47.045 [java] [INFO] SLF4J: Failed to load class "org.slf4j.impl.StaticLoggerBinder".
05-12-2021 23:28:47.045 [java] [INFO] SLF4J: Defaulting to no-operation (NOP) logger implementation
05-12-2021 23:28:47.045 [java] [INFO] SLF4J: See http://www.slf4j.org/codes.html#StaticLoggerBinder for further details.
05-12-2021 23:28:52.019 [html-report] [DEBUG] Transformed SuiteResult to report structure
05-12-2021 23:28:52.057 [html-report] [INFO] Successfully generated html-report to => C:\Users\TESTINIUM\IdeaProjects\BitexenApiProject\reports\html-report\index.html
05-12-2021 23:28:52.057 [Gauge] [DEBUG] Sending kill message to Html Report plugin.
05-12-2021 23:28:52.057 [html-report] [DEBUG] Done generating HTML report using theme from C:\Users\TESTINIUM\AppData\Roaming\gauge\plugins\html-report\4.0.12\themes\default
05-12-2021 23:28:52.058 [Gauge] [DEBUG] Sending kill message to runner.
05-12-2021 23:28:52.060 [java] [DEBUG] Kill process request recieved
05-12-2021 23:28:52.367 [Gauge] [DEBUG] Runner with PID:7820 has exited
05-12-2021 23:28:52.369 [Gauge] [INFO] Specifications:	1 executed	0 passed	1 failed	0 skipped
05-12-2021 23:28:52.369 [Gauge] [INFO] Scenarios:	1 executed	0 passed	1 failed	0 skipped
05-12-2021 23:28:52.369 [Gauge] [INFO] 
Total time taken: 5.445s
05-12-2021 23:28:52.371 [Gauge] [INFO] Updates are available. Run `gauge update -c` for more info.
05-12-2021 23:29:15.991 [Gauge] [DEBUG] Created gauge_screenshots_dir at C:\Users\TESTINIUM\IdeaProjects\BitexenApiProject\.gauge\screenshots
05-12-2021 23:29:15.996 [Gauge] [DEBUG] Plugin java is already installed.
05-12-2021 23:29:15.997 [Gauge] [DEBUG] Plugin html-report is already installed.
05-12-2021 23:29:15.998 [Gauge] [DEBUG] Parsing started.
05-12-2021 23:29:15.998 [Gauge] [DEBUG] Started concepts parsing.
05-12-2021 23:29:16.008 [Gauge] [DEBUG] 1 concepts parsing completed.
05-12-2021 23:29:16.008 [Gauge] [DEBUG] Started specifications parsing.
05-12-2021 23:29:16.010 [Gauge] [DEBUG] 1 specifications parsing completed.
05-12-2021 23:29:16.010 [Gauge] [DEBUG] Parsing completed.
05-12-2021 23:29:16.014 [Gauge] [DEBUG] Staring java runner
05-12-2021 23:29:16.099 [java] [DEBUG] classpath set to C:\Program Files (x86)\Java\jdk1.8.0_271\jre\lib\charsets.jar;C:\Program Files (x86)\Java\jdk1.8.0_271\jre\lib\deploy.jar;C:\Program Files (x86)\Java\jdk1.8.0_271\jre\lib\ext\access-bridge-32.jar;C:\Program Files (x86)\Java\jdk1.8.0_271\jre\lib\ext\cldrdata.jar;C:\Program Files (x86)\Java\jdk1.8.0_271\jre\lib\ext\dnsns.jar;C:\Program Files (x86)\Java\jdk1.8.0_271\jre\lib\ext\jaccess.jar;C:\Program Files (x86)\Java\jdk1.8.0_271\jre\lib\ext\jfxrt.jar;C:\Program Files (x86)\Java\jdk1.8.0_271\jre\lib\ext\localedata.jar;C:\Program Files (x86)\Java\jdk1.8.0_271\jre\lib\ext\nashorn.jar;C:\Program Files (x86)\Java\jdk1.8.0_271\jre\lib\ext\sunec.jar;C:\Program Files (x86)\Java\jdk1.8.0_271\jre\lib\ext\sunjce_provider.jar;C:\Program Files (x86)\Java\jdk1.8.0_271\jre\lib\ext\sunmscapi.jar;C:\Program Files (x86)\Java\jdk1.8.0_271\jre\lib\ext\sunpkcs11.jar;C:\Program Files (x86)\Java\jdk1.8.0_271\jre\lib\ext\zipfs.jar;C:\Program Files (x86)\Java\jdk1.8.0_271\jre\lib\javaws.jar;C:\Program Files (x86)\Java\jdk1.8.0_271\jre\lib\jce.jar;C:\Program Files (x86)\Java\jdk1.8.0_271\jre\lib\jfr.jar;C:\Program Files (x86)\Java\jdk1.8.0_271\jre\lib\jfxswt.jar;C:\Program Files (x86)\Java\jdk1.8.0_271\jre\lib\jsse.jar;C:\Program Files (x86)\Java\jdk1.8.0_271\jre\lib\management-agent.jar;C:\Program Files (x86)\Java\jdk1.8.0_271\jre\lib\plugin.jar;C:\Program Files (x86)\Java\jdk1.8.0_271\jre\lib\resources.jar;C:\Program Files (x86)\Java\jdk1.8.0_271\jre\lib\rt.jar;C:\Users\TESTINIUM\IdeaProjects\BitexenApiProject\target\test-classes;C:\Users\TESTINIUM\.m2\repository\org\seleniumhq\selenium\selenium-java\3.141.59\selenium-java-3.141.59.jar;C:\Users\TESTINIUM\.m2\repository\org\seleniumhq\selenium\selenium-api\3.141.59\selenium-api-3.141.59.jar;C:\Users\TESTINIUM\.m2\repository\org\seleniumhq\selenium\selenium-edge-driver\3.141.59\selenium-edge-driver-3.141.59.jar;C:\Users\TESTINIUM\.m2\repository\org\seleniumhq\selenium\selenium-firefox-driver\3.141.59\selenium-firefox-driver-3.141.59.jar;C:\Users\TESTINIUM\.m2\repository\org\seleniumhq\selenium\selenium-ie-driver\3.141.59\selenium-ie-driver-3.141.59.jar;C:\Users\TESTINIUM\.m2\repository\org\seleniumhq\selenium\selenium-opera-driver\3.141.59\selenium-opera-driver-3.141.59.jar;C:\Users\TESTINIUM\.m2\repository\org\seleniumhq\selenium\selenium-remote-driver\3.141.59\selenium-remote-driver-3.141.59.jar;C:\Users\TESTINIUM\.m2\repository\org\seleniumhq\selenium\selenium-safari-driver\3.141.59\selenium-safari-driver-3.141.59.jar;C:\Users\TESTINIUM\.m2\repository\org\seleniumhq\selenium\selenium-support\3.141.59\selenium-support-3.141.59.jar;C:\Users\TESTINIUM\.m2\repository\net\bytebuddy\byte-buddy\1.8.15\byte-buddy-1.8.15.jar;C:\Users\TESTINIUM\.m2\repository\org\apache\commons\commons-exec\1.3\commons-exec-1.3.jar;C:\Users\TESTINIUM\.m2\repository\com\google\guava\guava\25.0-jre\guava-25.0-jre.jar;C:\Users\TESTINIUM\.m2\repository\com\google\code\findbugs\jsr305\1.3.9\jsr305-1.3.9.jar;C:\Users\TESTINIUM\.m2\repository\org\checkerframework\checker-compat-qual\2.0.0\checker-compat-qual-2.0.0.jar;C:\Users\TESTINIUM\.m2\repository\com\google\errorprone\error_prone_annotations\2.1.3\error_prone_annotations-2.1.3.jar;C:\Users\TESTINIUM\.m2\repository\com\google\j2objc\j2objc-annotations\1.1\j2objc-annotations-1.1.jar;C:\Users\TESTINIUM\.m2\repository\org\codehaus\mojo\animal-sniffer-annotations\1.14\animal-sniffer-annotations-1.14.jar;C:\Users\TESTINIUM\.m2\repository\com\squareup\okhttp3\okhttp\3.11.0\okhttp-3.11.0.jar;C:\Users\TESTINIUM\.m2\repository\com\squareup\okio\okio\1.14.0\okio-1.14.0.jar;C:\Users\TESTINIUM\.m2\repository\org\seleniumhq\selenium\selenium-chrome-driver\3.141.59\selenium-chrome-driver-3.141.59.jar;C:\Users\TESTINIUM\.m2\repository\org\junit\jupiter\junit-jupiter-api\5.7.0\junit-jupiter-api-5.7.0.jar;C:\Users\TESTINIUM\.m2\repository\org\apiguardian\apiguardian-api\1.1.0\apiguardian-api-1.1.0.jar;C:\Users\TESTINIUM\.m2\repository\org\opentest4j\opentest4j\1.2.0\opentest4j-1.2.0.jar;C:\Users\TESTINIUM\.m2\repository\org\junit\platform\junit-platform-commons\1.7.0\junit-platform-commons-1.7.0.jar;C:\Users\TESTINIUM\.m2\repository\com\thoughtworks\gauge\gauge-java\0.7.3\gauge-java-0.7.3.jar;C:\Users\TESTINIUM\.m2\repository\org\assertj\assertj-core\3.14.0\assertj-core-3.14.0.jar;C:\Users\TESTINIUM\.m2\repository\org\reflections\reflections\0.9.11\reflections-0.9.11.jar;C:\Users\TESTINIUM\.m2\repository\org\javassist\javassist\3.21.0-GA\javassist-3.21.0-GA.jar;C:\Users\TESTINIUM\.m2\repository\com\github\javaparser\javaparser-core\2.5.1\javaparser-core-2.5.1.jar;C:\Users\TESTINIUM\.m2\repository\commons-io\commons-io\2.6\commons-io-2.6.jar;C:\Users\TESTINIUM\.m2\repository\commons-lang\commons-lang\2.6\commons-lang-2.6.jar;C:\Users\TESTINIUM\.m2\repository\com\google\protobuf\protobuf-java\3.10.0\protobuf-java-3.10.0.jar;C:\Users\TESTINIUM\.m2\repository\io\grpc\grpc-netty-shaded\1.25.0\grpc-netty-shaded-1.25.0.jar;C:\Users\TESTINIUM\.m2\repository\io\grpc\grpc-core\1.25.0\grpc-core-1.25.0.jar;C:\Users\TESTINIUM\.m2\repository\io\grpc\grpc-api\1.25.0\grpc-api-1.25.0.jar;C:\Users\TESTINIUM\.m2\repository\io\grpc\grpc-context\1.25.0\grpc-context-1.25.0.jar;C:\Users\TESTINIUM\.m2\repository\com\google\android\annotations\4.1.1.4\annotations-4.1.1.4.jar;C:\Users\TESTINIUM\.m2\repository\io\perfmark\perfmark-api\0.19.0\perfmark-api-0.19.0.jar;C:\Users\TESTINIUM\.m2\repository\io\opencensus\opencensus-api\0.21.0\opencensus-api-0.21.0.jar;C:\Users\TESTINIUM\.m2\repository\io\opencensus\opencensus-contrib-grpc-metrics\0.21.0\opencensus-contrib-grpc-metrics-0.21.0.jar;C:\Users\TESTINIUM\.m2\repository\io\grpc\grpc-protobuf\1.24.1\grpc-protobuf-1.24.1.jar;C:\Users\TESTINIUM\.m2\repository\com\google\api\grpc\proto-google-common-protos\1.12.0\proto-google-common-protos-1.12.0.jar;C:\Users\TESTINIUM\.m2\repository\io\grpc\grpc-protobuf-lite\1.24.1\grpc-protobuf-lite-1.24.1.jar;C:\Users\TESTINIUM\.m2\repository\io\grpc\grpc-stub\1.24.1\grpc-stub-1.24.1.jar;C:\Users\TESTINIUM\.m2\repository\javax\annotation\javax.annotation-api\1.3.2\javax.annotation-api-1.3.2.jar;C:\Users\TESTINIUM\.m2\repository\junit\junit\4.13.2\junit-4.13.2.jar;C:\Users\TESTINIUM\.m2\repository\org\hamcrest\hamcrest-core\1.3\hamcrest-core-1.3.jar;C:\Users\TESTINIUM\.m2\repository\org\json\json\20210307\json-20210307.jar;C:\Users\TESTINIUM\.m2\repository\io\github\bonigarcia\webdrivermanager\5.0.3\webdrivermanager-5.0.3.jar;C:\Users\TESTINIUM\.m2\repository\org\slf4j\slf4j-api\1.7.32\slf4j-api-1.7.32.jar;C:\Users\TESTINIUM\.m2\repository\com\google\code\gson\gson\2.8.8\gson-2.8.8.jar;C:\Users\TESTINIUM\.m2\repository\org\jsoup\jsoup\1.14.2\jsoup-1.14.2.jar;C:\Users\TESTINIUM\.m2\repository\com\github\docker-java\docker-java\3.2.12\docker-java-3.2.12.jar;C:\Users\TESTINIUM\.m2\repository\com\github\docker-java\docker-java-core\3.2.12\docker-java-core-3.2.12.jar;C:\Users\TESTINIUM\.m2\repository\com\github\docker-java\docker-java-api\3.2.12\docker-java-api-3.2.12.jar;C:\Users\TESTINIUM\.m2\repository\com\fasterxml\jackson\core\jackson-annotations\2.10.3\jackson-annotations-2.10.3.jar;C:\Users\TESTINIUM\.m2\repository\org\apache\commons\commons-compress\1.21\commons-compress-1.21.jar;C:\Users\TESTINIUM\.m2\repository\com\fasterxml\jackson\core\jackson-databind\2.10.3\jackson-databind-2.10.3.jar;C:\Users\TESTINIUM\.m2\repository\com\fasterxml\jackson\core\jackson-core\2.10.3\jackson-core-2.10.3.jar;C:\Users\TESTINIUM\.m2\repository\org\bouncycastle\bcpkix-jdk15on\1.64\bcpkix-jdk15on-1.64.jar;C:\Users\TESTINIUM\.m2\repository\org\bouncycastle\bcprov-jdk15on\1.64\bcprov-jdk15on-1.64.jar;C:\Users\TESTINIUM\.m2\repository\org\slf4j\jcl-over-slf4j\1.7.30\jcl-over-slf4j-1.7.30.jar;C:\Users\TESTINIUM\.m2\repository\com\github\docker-java\docker-java-transport-httpclient5\3.2.12\docker-java-transport-httpclient5-3.2.12.jar;C:\Users\TESTINIUM\.m2\repository\com\github\docker-java\docker-java-transport\3.2.12\docker-java-transport-3.2.12.jar;C:\Users\TESTINIUM\.m2\repository\org\apache\httpcomponents\client5\httpclient5\5.0.3\httpclient5-5.0.3.jar;C:\Users\TESTINIUM\.m2\repository\org\apache\httpcomponents\core5\httpcore5\5.0.2\httpcore5-5.0.2.jar;C:\Users\TESTINIUM\.m2\repository\net\java\dev\jna\jna\5.8.0\jna-5.8.0.jar;C:\Users\TESTINIUM\.m2\repository\org\brotli\dec\0.1.2\dec-0.1.2.jar;C:\Users\TESTINIUM\.m2\repository\io\rest-assured\rest-assured\4.4.0\rest-assured-4.4.0.jar;C:\Users\TESTINIUM\.m2\repository\org\codehaus\groovy\groovy\3.0.8\groovy-3.0.8.jar;C:\Users\TESTINIUM\.m2\repository\org\codehaus\groovy\groovy-xml\3.0.8\groovy-xml-3.0.8.jar;C:\Users\TESTINIUM\.m2\repository\org\apache\httpcomponents\httpclient\4.5.13\httpclient-4.5.13.jar;C:\Users\TESTINIUM\.m2\repository\org\apache\httpcomponents\httpcore\4.4.13\httpcore-4.4.13.jar;C:\Users\TESTINIUM\.m2\repository\commons-logging\commons-logging\1.2\commons-logging-1.2.jar;C:\Users\TESTINIUM\.m2\repository\commons-codec\commons-codec\1.11\commons-codec-1.11.jar;C:\Users\TESTINIUM\.m2\repository\org\apache\httpcomponents\httpmime\4.5.13\httpmime-4.5.13.jar;C:\Users\TESTINIUM\.m2\repository\org\hamcrest\hamcrest\2.1\hamcrest-2.1.jar;C:\Users\TESTINIUM\.m2\repository\org\ccil\cowan\tagsoup\tagsoup\1.2.1\tagsoup-1.2.1.jar;C:\Users\TESTINIUM\.m2\repository\io\rest-assured\json-path\4.4.0\json-path-4.4.0.jar;C:\Users\TESTINIUM\.m2\repository\org\codehaus\groovy\groovy-json\3.0.8\groovy-json-3.0.8.jar;C:\Users\TESTINIUM\.m2\repository\io\rest-assured\rest-assured-common\4.4.0\rest-assured-common-4.4.0.jar;C:\Users\TESTINIUM\.m2\repository\io\rest-assured\xml-path\4.4.0\xml-path-4.4.0.jar;C:\Users\TESTINIUM\.m2\repository\org\apache\commons\commons-lang3\3.11\commons-lang3-3.11.jar;C:\Users\TESTINIUM\.m2\repository\jakarta\xml\bind\jakarta.xml.bind-api\2.3.3\jakarta.xml.bind-api-2.3.3.jar;C:\Users\TESTINIUM\.m2\repository\jakarta\activation\jakarta.activation-api\1.2.2\jakarta.activation-api-1.2.2.jar;C:\Users\TESTINIUM\.m2\repository\com\sun\xml\bind\jaxb-impl\2.3.3\jaxb-impl-2.3.3.jar
05-12-2021 23:29:16.437 [Gauge] [DEBUG] Checking updates...
05-12-2021 23:29:16.446 [Gauge] [DEBUG] Downloading https://downloads.gauge.org/plugin/html-report?l=java&p=html-report,java,screenshot,spectacle,xml-report&o=windows&a=amd64
05-12-2021 23:29:16.959 [Gauge] [DEBUG] Downloading https://downloads.gauge.org/plugin/java?l=java&p=html-report,java,screenshot,spectacle,xml-report&o=windows&a=amd64
05-12-2021 23:29:16.990 [java] [DEBUG] Connecting to port: 61187
05-12-2021 23:29:17.006 [Gauge] [DEBUG] Established connection to runner.
05-12-2021 23:29:17.006 [Gauge] [DEBUG] Validation started.
05-12-2021 23:29:17.006 [java] [DEBUG] Connected to 127.0.0.1:61187
05-12-2021 23:29:17.074 [Gauge] [DEBUG] Downloading https://downloads.gauge.org/plugin/screenshot?l=java&p=html-report,java,screenshot,spectacle,xml-report&o=windows&a=amd64
05-12-2021 23:29:17.246 [Gauge] [DEBUG] Downloading https://downloads.gauge.org/plugin/spectacle?l=java&p=html-report,java,screenshot,spectacle,xml-report&o=windows&a=amd64
05-12-2021 23:29:17.477 [Gauge] [DEBUG] Downloading https://downloads.gauge.org/plugin/xml-report?l=java&p=html-report,java,screenshot,spectacle,xml-report&o=windows&a=amd64
05-12-2021 23:29:28.135 [java] [DEBUG] Scanning packages for steps
05-12-2021 23:29:28.166 [java] [DEBUG] Scanning packages for hooks
05-12-2021 23:29:34.181 [Gauge] [DEBUG] Validation completed.
05-12-2021 23:29:34.182 [Gauge] [DEBUG] Run started
05-12-2021 23:29:34.184 [Gauge] [DEBUG] Starting Html Report plugin
05-12-2021 23:29:34.224 [Gauge] [DEBUG] Attempting to connect to grpc server at port: 61197
05-12-2021 23:29:34.225 [Gauge] [DEBUG] Successfully made the connection with plugin with port: 61197
05-12-2021 23:29:34.225 [Gauge] [DEBUG] Initialising suite data store.
05-12-2021 23:29:34.725 [java] [INFO] SLF4J: Failed to load class "org.slf4j.impl.StaticLoggerBinder".
05-12-2021 23:29:34.725 [java] [INFO] SLF4J: Defaulting to no-operation (NOP) logger implementation
05-12-2021 23:29:34.725 [java] [INFO] SLF4J: See http://www.slf4j.org/codes.html#StaticLoggerBinder for further details.
05-12-2021 23:29:39.109 [html-report] [DEBUG] Transformed SuiteResult to report structure
05-12-2021 23:29:39.134 [html-report] [INFO] Successfully generated html-report to => C:\Users\TESTINIUM\IdeaProjects\BitexenApiProject\reports\html-report\index.html
05-12-2021 23:29:39.134 [Gauge] [DEBUG] Sending kill message to Html Report plugin.
05-12-2021 23:29:39.134 [html-report] [DEBUG] Done generating HTML report using theme from C:\Users\TESTINIUM\AppData\Roaming\gauge\plugins\html-report\4.0.12\themes\default
05-12-2021 23:29:39.135 [Gauge] [DEBUG] Sending kill message to runner.
05-12-2021 23:29:39.138 [java] [DEBUG] Kill process request recieved
05-12-2021 23:29:39.460 [Gauge] [DEBUG] Runner with PID:1720 has exited
05-12-2021 23:29:39.460 [Gauge] [INFO] Specifications:	1 executed	0 passed	1 failed	0 skipped
05-12-2021 23:29:39.460 [Gauge] [INFO] Scenarios:	1 executed	0 passed	1 failed	0 skipped
05-12-2021 23:29:39.460 [Gauge] [INFO] 
Total time taken: 4.919s
05-12-2021 23:29:39.462 [Gauge] [INFO] Updates are available. Run `gauge update -c` for more info.
05-12-2021 23:31:13.350 [Gauge] [DEBUG] Created gauge_screenshots_dir at C:\Users\TESTINIUM\IdeaProjects\BitexenApiProject\.gauge\screenshots
05-12-2021 23:31:13.359 [Gauge] [DEBUG] Plugin java is already installed.
05-12-2021 23:31:13.362 [Gauge] [DEBUG] Plugin html-report is already installed.
05-12-2021 23:31:13.364 [Gauge] [DEBUG] Parsing started.
05-12-2021 23:31:13.364 [Gauge] [DEBUG] Started concepts parsing.
05-12-2021 23:31:13.376 [Gauge] [DEBUG] 1 concepts parsing completed.
05-12-2021 23:31:13.376 [Gauge] [DEBUG] Started specifications parsing.
05-12-2021 23:31:13.377 [Gauge] [DEBUG] 1 specifications parsing completed.
05-12-2021 23:31:13.377 [Gauge] [DEBUG] Parsing completed.
05-12-2021 23:31:13.381 [Gauge] [DEBUG] Staring java runner
05-12-2021 23:31:13.499 [java] [DEBUG] classpath set to C:\Program Files (x86)\Java\jdk1.8.0_271\jre\lib\charsets.jar;C:\Program Files (x86)\Java\jdk1.8.0_271\jre\lib\deploy.jar;C:\Program Files (x86)\Java\jdk1.8.0_271\jre\lib\ext\access-bridge-32.jar;C:\Program Files (x86)\Java\jdk1.8.0_271\jre\lib\ext\cldrdata.jar;C:\Program Files (x86)\Java\jdk1.8.0_271\jre\lib\ext\dnsns.jar;C:\Program Files (x86)\Java\jdk1.8.0_271\jre\lib\ext\jaccess.jar;C:\Program Files (x86)\Java\jdk1.8.0_271\jre\lib\ext\jfxrt.jar;C:\Program Files (x86)\Java\jdk1.8.0_271\jre\lib\ext\localedata.jar;C:\Program Files (x86)\Java\jdk1.8.0_271\jre\lib\ext\nashorn.jar;C:\Program Files (x86)\Java\jdk1.8.0_271\jre\lib\ext\sunec.jar;C:\Program Files (x86)\Java\jdk1.8.0_271\jre\lib\ext\sunjce_provider.jar;C:\Program Files (x86)\Java\jdk1.8.0_271\jre\lib\ext\sunmscapi.jar;C:\Program Files (x86)\Java\jdk1.8.0_271\jre\lib\ext\sunpkcs11.jar;C:\Program Files (x86)\Java\jdk1.8.0_271\jre\lib\ext\zipfs.jar;C:\Program Files (x86)\Java\jdk1.8.0_271\jre\lib\javaws.jar;C:\Program Files (x86)\Java\jdk1.8.0_271\jre\lib\jce.jar;C:\Program Files (x86)\Java\jdk1.8.0_271\jre\lib\jfr.jar;C:\Program Files (x86)\Java\jdk1.8.0_271\jre\lib\jfxswt.jar;C:\Program Files (x86)\Java\jdk1.8.0_271\jre\lib\jsse.jar;C:\Program Files (x86)\Java\jdk1.8.0_271\jre\lib\management-agent.jar;C:\Program Files (x86)\Java\jdk1.8.0_271\jre\lib\plugin.jar;C:\Program Files (x86)\Java\jdk1.8.0_271\jre\lib\resources.jar;C:\Program Files (x86)\Java\jdk1.8.0_271\jre\lib\rt.jar;C:\Users\TESTINIUM\IdeaProjects\BitexenApiProject\target\test-classes;C:\Users\TESTINIUM\.m2\repository\org\seleniumhq\selenium\selenium-java\3.141.59\selenium-java-3.141.59.jar;C:\Users\TESTINIUM\.m2\repository\org\seleniumhq\selenium\selenium-api\3.141.59\selenium-api-3.141.59.jar;C:\Users\TESTINIUM\.m2\repository\org\seleniumhq\selenium\selenium-edge-driver\3.141.59\selenium-edge-driver-3.141.59.jar;C:\Users\TESTINIUM\.m2\repository\org\seleniumhq\selenium\selenium-firefox-driver\3.141.59\selenium-firefox-driver-3.141.59.jar;C:\Users\TESTINIUM\.m2\repository\org\seleniumhq\selenium\selenium-ie-driver\3.141.59\selenium-ie-driver-3.141.59.jar;C:\Users\TESTINIUM\.m2\repository\org\seleniumhq\selenium\selenium-opera-driver\3.141.59\selenium-opera-driver-3.141.59.jar;C:\Users\TESTINIUM\.m2\repository\org\seleniumhq\selenium\selenium-remote-driver\3.141.59\selenium-remote-driver-3.141.59.jar;C:\Users\TESTINIUM\.m2\repository\org\seleniumhq\selenium\selenium-safari-driver\3.141.59\selenium-safari-driver-3.141.59.jar;C:\Users\TESTINIUM\.m2\repository\org\seleniumhq\selenium\selenium-support\3.141.59\selenium-support-3.141.59.jar;C:\Users\TESTINIUM\.m2\repository\net\bytebuddy\byte-buddy\1.8.15\byte-buddy-1.8.15.jar;C:\Users\TESTINIUM\.m2\repository\org\apache\commons\commons-exec\1.3\commons-exec-1.3.jar;C:\Users\TESTINIUM\.m2\repository\com\google\guava\guava\25.0-jre\guava-25.0-jre.jar;C:\Users\TESTINIUM\.m2\repository\com\google\code\findbugs\jsr305\1.3.9\jsr305-1.3.9.jar;C:\Users\TESTINIUM\.m2\repository\org\checkerframework\checker-compat-qual\2.0.0\checker-compat-qual-2.0.0.jar;C:\Users\TESTINIUM\.m2\repository\com\google\errorprone\error_prone_annotations\2.1.3\error_prone_annotations-2.1.3.jar;C:\Users\TESTINIUM\.m2\repository\com\google\j2objc\j2objc-annotations\1.1\j2objc-annotations-1.1.jar;C:\Users\TESTINIUM\.m2\repository\org\codehaus\mojo\animal-sniffer-annotations\1.14\animal-sniffer-annotations-1.14.jar;C:\Users\TESTINIUM\.m2\repository\com\squareup\okhttp3\okhttp\3.11.0\okhttp-3.11.0.jar;C:\Users\TESTINIUM\.m2\repository\com\squareup\okio\okio\1.14.0\okio-1.14.0.jar;C:\Users\TESTINIUM\.m2\repository\org\seleniumhq\selenium\selenium-chrome-driver\3.141.59\selenium-chrome-driver-3.141.59.jar;C:\Users\TESTINIUM\.m2\repository\org\junit\jupiter\junit-jupiter-api\5.7.0\junit-jupiter-api-5.7.0.jar;C:\Users\TESTINIUM\.m2\repository\org\apiguardian\apiguardian-api\1.1.0\apiguardian-api-1.1.0.jar;C:\Users\TESTINIUM\.m2\repository\org\opentest4j\opentest4j\1.2.0\opentest4j-1.2.0.jar;C:\Users\TESTINIUM\.m2\repository\org\junit\platform\junit-platform-commons\1.7.0\junit-platform-commons-1.7.0.jar;C:\Users\TESTINIUM\.m2\repository\com\thoughtworks\gauge\gauge-java\0.7.3\gauge-java-0.7.3.jar;C:\Users\TESTINIUM\.m2\repository\org\assertj\assertj-core\3.14.0\assertj-core-3.14.0.jar;C:\Users\TESTINIUM\.m2\repository\org\reflections\reflections\0.9.11\reflections-0.9.11.jar;C:\Users\TESTINIUM\.m2\repository\org\javassist\javassist\3.21.0-GA\javassist-3.21.0-GA.jar;C:\Users\TESTINIUM\.m2\repository\com\github\javaparser\javaparser-core\2.5.1\javaparser-core-2.5.1.jar;C:\Users\TESTINIUM\.m2\repository\commons-io\commons-io\2.6\commons-io-2.6.jar;C:\Users\TESTINIUM\.m2\repository\commons-lang\commons-lang\2.6\commons-lang-2.6.jar;C:\Users\TESTINIUM\.m2\repository\com\google\protobuf\protobuf-java\3.10.0\protobuf-java-3.10.0.jar;C:\Users\TESTINIUM\.m2\repository\io\grpc\grpc-netty-shaded\1.25.0\grpc-netty-shaded-1.25.0.jar;C:\Users\TESTINIUM\.m2\repository\io\grpc\grpc-core\1.25.0\grpc-core-1.25.0.jar;C:\Users\TESTINIUM\.m2\repository\io\grpc\grpc-api\1.25.0\grpc-api-1.25.0.jar;C:\Users\TESTINIUM\.m2\repository\io\grpc\grpc-context\1.25.0\grpc-context-1.25.0.jar;C:\Users\TESTINIUM\.m2\repository\com\google\android\annotations\4.1.1.4\annotations-4.1.1.4.jar;C:\Users\TESTINIUM\.m2\repository\io\perfmark\perfmark-api\0.19.0\perfmark-api-0.19.0.jar;C:\Users\TESTINIUM\.m2\repository\io\opencensus\opencensus-api\0.21.0\opencensus-api-0.21.0.jar;C:\Users\TESTINIUM\.m2\repository\io\opencensus\opencensus-contrib-grpc-metrics\0.21.0\opencensus-contrib-grpc-metrics-0.21.0.jar;C:\Users\TESTINIUM\.m2\repository\io\grpc\grpc-protobuf\1.24.1\grpc-protobuf-1.24.1.jar;C:\Users\TESTINIUM\.m2\repository\com\google\api\grpc\proto-google-common-protos\1.12.0\proto-google-common-protos-1.12.0.jar;C:\Users\TESTINIUM\.m2\repository\io\grpc\grpc-protobuf-lite\1.24.1\grpc-protobuf-lite-1.24.1.jar;C:\Users\TESTINIUM\.m2\repository\io\grpc\grpc-stub\1.24.1\grpc-stub-1.24.1.jar;C:\Users\TESTINIUM\.m2\repository\javax\annotation\javax.annotation-api\1.3.2\javax.annotation-api-1.3.2.jar;C:\Users\TESTINIUM\.m2\repository\junit\junit\4.13.2\junit-4.13.2.jar;C:\Users\TESTINIUM\.m2\repository\org\hamcrest\hamcrest-core\1.3\hamcrest-core-1.3.jar;C:\Users\TESTINIUM\.m2\repository\org\json\json\20210307\json-20210307.jar;C:\Users\TESTINIUM\.m2\repository\io\github\bonigarcia\webdrivermanager\5.0.3\webdrivermanager-5.0.3.jar;C:\Users\TESTINIUM\.m2\repository\org\slf4j\slf4j-api\1.7.32\slf4j-api-1.7.32.jar;C:\Users\TESTINIUM\.m2\repository\com\google\code\gson\gson\2.8.8\gson-2.8.8.jar;C:\Users\TESTINIUM\.m2\repository\org\jsoup\jsoup\1.14.2\jsoup-1.14.2.jar;C:\Users\TESTINIUM\.m2\repository\com\github\docker-java\docker-java\3.2.12\docker-java-3.2.12.jar;C:\Users\TESTINIUM\.m2\repository\com\github\docker-java\docker-java-core\3.2.12\docker-java-core-3.2.12.jar;C:\Users\TESTINIUM\.m2\repository\com\github\docker-java\docker-java-api\3.2.12\docker-java-api-3.2.12.jar;C:\Users\TESTINIUM\.m2\repository\com\fasterxml\jackson\core\jackson-annotations\2.10.3\jackson-annotations-2.10.3.jar;C:\Users\TESTINIUM\.m2\repository\org\apache\commons\commons-compress\1.21\commons-compress-1.21.jar;C:\Users\TESTINIUM\.m2\repository\com\fasterxml\jackson\core\jackson-databind\2.10.3\jackson-databind-2.10.3.jar;C:\Users\TESTINIUM\.m2\repository\com\fasterxml\jackson\core\jackson-core\2.10.3\jackson-core-2.10.3.jar;C:\Users\TESTINIUM\.m2\repository\org\bouncycastle\bcpkix-jdk15on\1.64\bcpkix-jdk15on-1.64.jar;C:\Users\TESTINIUM\.m2\repository\org\bouncycastle\bcprov-jdk15on\1.64\bcprov-jdk15on-1.64.jar;C:\Users\TESTINIUM\.m2\repository\org\slf4j\jcl-over-slf4j\1.7.30\jcl-over-slf4j-1.7.30.jar;C:\Users\TESTINIUM\.m2\repository\com\github\docker-java\docker-java-transport-httpclient5\3.2.12\docker-java-transport-httpclient5-3.2.12.jar;C:\Users\TESTINIUM\.m2\repository\com\github\docker-java\docker-java-transport\3.2.12\docker-java-transport-3.2.12.jar;C:\Users\TESTINIUM\.m2\repository\org\apache\httpcomponents\client5\httpclient5\5.0.3\httpclient5-5.0.3.jar;C:\Users\TESTINIUM\.m2\repository\org\apache\httpcomponents\core5\httpcore5\5.0.2\httpcore5-5.0.2.jar;C:\Users\TESTINIUM\.m2\repository\net\java\dev\jna\jna\5.8.0\jna-5.8.0.jar;C:\Users\TESTINIUM\.m2\repository\org\brotli\dec\0.1.2\dec-0.1.2.jar;C:\Users\TESTINIUM\.m2\repository\io\rest-assured\rest-assured\4.4.0\rest-assured-4.4.0.jar;C:\Users\TESTINIUM\.m2\repository\org\codehaus\groovy\groovy\3.0.8\groovy-3.0.8.jar;C:\Users\TESTINIUM\.m2\repository\org\codehaus\groovy\groovy-xml\3.0.8\groovy-xml-3.0.8.jar;C:\Users\TESTINIUM\.m2\repository\org\apache\httpcomponents\httpclient\4.5.13\httpclient-4.5.13.jar;C:\Users\TESTINIUM\.m2\repository\org\apache\httpcomponents\httpcore\4.4.13\httpcore-4.4.13.jar;C:\Users\TESTINIUM\.m2\repository\commons-logging\commons-logging\1.2\commons-logging-1.2.jar;C:\Users\TESTINIUM\.m2\repository\commons-codec\commons-codec\1.11\commons-codec-1.11.jar;C:\Users\TESTINIUM\.m2\repository\org\apache\httpcomponents\httpmime\4.5.13\httpmime-4.5.13.jar;C:\Users\TESTINIUM\.m2\repository\org\hamcrest\hamcrest\2.1\hamcrest-2.1.jar;C:\Users\TESTINIUM\.m2\repository\org\ccil\cowan\tagsoup\tagsoup\1.2.1\tagsoup-1.2.1.jar;C:\Users\TESTINIUM\.m2\repository\io\rest-assured\json-path\4.4.0\json-path-4.4.0.jar;C:\Users\TESTINIUM\.m2\repository\org\codehaus\groovy\groovy-json\3.0.8\groovy-json-3.0.8.jar;C:\Users\TESTINIUM\.m2\repository\io\rest-assured\rest-assured-common\4.4.0\rest-assured-common-4.4.0.jar;C:\Users\TESTINIUM\.m2\repository\io\rest-assured\xml-path\4.4.0\xml-path-4.4.0.jar;C:\Users\TESTINIUM\.m2\repository\org\apache\commons\commons-lang3\3.11\commons-lang3-3.11.jar;C:\Users\TESTINIUM\.m2\repository\jakarta\xml\bind\jakarta.xml.bind-api\2.3.3\jakarta.xml.bind-api-2.3.3.jar;C:\Users\TESTINIUM\.m2\repository\jakarta\activation\jakarta.activation-api\1.2.2\jakarta.activation-api-1.2.2.jar;C:\Users\TESTINIUM\.m2\repository\com\sun\xml\bind\jaxb-impl\2.3.3\jaxb-impl-2.3.3.jar
05-12-2021 23:31:13.715 [Gauge] [DEBUG] Checking updates...
05-12-2021 23:31:13.722 [Gauge] [DEBUG] Downloading https://downloads.gauge.org/plugin/html-report?l=java&p=html-report,java,screenshot,spectacle,xml-report&o=windows&a=amd64
05-12-2021 23:31:14.112 [Gauge] [DEBUG] Downloading https://downloads.gauge.org/plugin/java?l=java&p=html-report,java,screenshot,spectacle,xml-report&o=windows&a=amd64
05-12-2021 23:31:14.270 [Gauge] [DEBUG] Downloading https://downloads.gauge.org/plugin/screenshot?l=java&p=html-report,java,screenshot,spectacle,xml-report&o=windows&a=amd64
05-12-2021 23:31:14.314 [java] [DEBUG] Connecting to port: 57058
05-12-2021 23:31:14.322 [Gauge] [DEBUG] Established connection to runner.
05-12-2021 23:31:14.322 [Gauge] [DEBUG] Validation started.
05-12-2021 23:31:14.323 [java] [DEBUG] Connected to 127.0.0.1:57058
05-12-2021 23:31:14.470 [Gauge] [DEBUG] Downloading https://downloads.gauge.org/plugin/spectacle?l=java&p=html-report,java,screenshot,spectacle,xml-report&o=windows&a=amd64
05-12-2021 23:31:14.644 [Gauge] [DEBUG] Downloading https://downloads.gauge.org/plugin/xml-report?l=java&p=html-report,java,screenshot,spectacle,xml-report&o=windows&a=amd64
05-12-2021 23:31:25.877 [java] [DEBUG] Scanning packages for steps
05-12-2021 23:31:25.924 [java] [DEBUG] Scanning packages for hooks
05-12-2021 23:31:32.402 [Gauge] [DEBUG] Validation completed.
05-12-2021 23:31:32.406 [Gauge] [DEBUG] Run started
05-12-2021 23:31:32.408 [Gauge] [DEBUG] Starting Html Report plugin
05-12-2021 23:31:32.461 [Gauge] [DEBUG] Attempting to connect to grpc server at port: 64801
05-12-2021 23:31:32.465 [Gauge] [DEBUG] Successfully made the connection with plugin with port: 64801
05-12-2021 23:31:32.465 [Gauge] [DEBUG] Initialising suite data store.
05-12-2021 23:31:32.985 [java] [INFO] SLF4J: Failed to load class "org.slf4j.impl.StaticLoggerBinder".
05-12-2021 23:31:32.985 [java] [INFO] SLF4J: Defaulting to no-operation (NOP) logger implementation
05-12-2021 23:31:32.985 [java] [INFO] SLF4J: See http://www.slf4j.org/codes.html#StaticLoggerBinder for further details.
05-12-2021 23:31:38.447 [html-report] [DEBUG] Transformed SuiteResult to report structure
05-12-2021 23:31:38.486 [html-report] [INFO] Successfully generated html-report to => C:\Users\TESTINIUM\IdeaProjects\BitexenApiProject\reports\html-report\index.html
05-12-2021 23:31:38.486 [html-report] [DEBUG] Done generating HTML report using theme from C:\Users\TESTINIUM\AppData\Roaming\gauge\plugins\html-report\4.0.12\themes\default
05-12-2021 23:31:38.487 [Gauge] [DEBUG] Sending kill message to Html Report plugin.
05-12-2021 23:31:38.487 [Gauge] [DEBUG] Sending kill message to runner.
05-12-2021 23:31:38.497 [java] [DEBUG] Kill process request recieved
05-12-2021 23:31:38.807 [Gauge] [DEBUG] Runner with PID:11212 has exited
05-12-2021 23:31:38.808 [Gauge] [INFO] Specifications:	1 executed	0 passed	1 failed	0 skipped
05-12-2021 23:31:38.808 [Gauge] [INFO] Scenarios:	1 executed	0 passed	1 failed	0 skipped
05-12-2021 23:31:38.808 [Gauge] [INFO] 
Total time taken: 6.035s
05-12-2021 23:31:38.810 [Gauge] [INFO] Updates are available. Run `gauge update -c` for more info.
05-12-2021 23:34:32.007 [Gauge] [DEBUG] Attempting to connect to grpc server at port: 53876
05-12-2021 23:34:32.011 [Gauge] [DEBUG] Successfully made the connection with plugin with port: 53876
05-12-2021 23:34:32.016 [Gauge] [INFO] Initializing concepts cache with 1 concepts
05-12-2021 23:34:32.016 [Gauge] [DEBUG] Adding concepts from C:\Users\TESTINIUM\IdeaProjects\BitexenApiProject\specs\api.cpt
05-12-2021 23:34:32.017 [Gauge] [INFO] Initializing specs cache with 1 specs
05-12-2021 23:34:32.017 [Gauge] [DEBUG] Adding specs from C:\Users\TESTINIUM\IdeaProjects\BitexenApiProject\specs\api.spec
05-12-2021 23:34:32.017 [Gauge] [INFO] Initializing steps cache with 2 steps
05-12-2021 23:34:32.019 [Gauge] [ERROR] Unable to add directory C:\Users\TESTINIUM\IdeaProjects\BitexenApiProject\C:\Users\TESTINIUM\IdeaProjects\BitexenApiProject\specs\api.spec to file watcher: GetFileAttributes: Dosya ad, dizin ad veya birim etiketi szdizimi hatal.
05-12-2021 23:34:32.036 [spectacle] [INFO] Succesfully converted specs to html => C:\Users\TESTINIUM\AppData\Local\Temp\BitexenApiProject\docs\html\index.html
05-12-2021 23:34:33.360 [Gauge] [DEBUG] Attempting to connect to grpc server at port: 53880
05-12-2021 23:34:33.364 [Gauge] [DEBUG] Successfully made the connection with plugin with port: 53880
05-12-2021 23:34:33.379 [Gauge] [INFO] Initializing concepts cache with 1 concepts
05-12-2021 23:34:33.379 [Gauge] [DEBUG] Adding concepts from C:\Users\TESTINIUM\IdeaProjects\BitexenApiProject\specs\api.cpt
05-12-2021 23:34:33.380 [Gauge] [INFO] Initializing specs cache with 1 specs
05-12-2021 23:34:33.381 [Gauge] [DEBUG] Adding specs from C:\Users\TESTINIUM\IdeaProjects\BitexenApiProject\specs\api.spec
05-12-2021 23:34:33.381 [Gauge] [INFO] Initializing steps cache with 2 steps
05-12-2021 23:34:33.383 [Gauge] [ERROR] Unable to add directory C:\Users\TESTINIUM\IdeaProjects\BitexenApiProject\C:\Users\TESTINIUM\IdeaProjects\BitexenApiProject\specs\api.spec to file watcher: GetFileAttributes: Dosya ad, dizin ad veya birim etiketi szdizimi hatal.
05-12-2021 23:34:33.407 [spectacle] [INFO] Succesfully converted specs to html => C:\Users\TESTINIUM\AppData\Local\Temp\BitexenApiProject\docs\html\index.html
06-12-2021 11:52:10.159 [Gauge] [DEBUG] Created gauge_screenshots_dir at C:\Users\TESTINIUM\IdeaProjects\BitexenApiProject\.gauge\screenshots
06-12-2021 11:52:10.172 [Gauge] [DEBUG] Plugin java is already installed.
06-12-2021 11:52:10.173 [Gauge] [DEBUG] Plugin html-report is already installed.
06-12-2021 11:52:10.185 [Gauge] [DEBUG] Parsing started.
06-12-2021 11:52:10.185 [Gauge] [DEBUG] Started concepts parsing.
06-12-2021 11:52:10.195 [Gauge] [DEBUG] 1 concepts parsing completed.
06-12-2021 11:52:10.195 [Gauge] [DEBUG] Started specifications parsing.
06-12-2021 11:52:10.196 [Gauge] [DEBUG] 1 specifications parsing completed.
06-12-2021 11:52:10.196 [Gauge] [DEBUG] Parsing completed.
06-12-2021 11:52:10.200 [Gauge] [DEBUG] Staring java runner
06-12-2021 11:52:10.318 [java] [DEBUG] classpath set to C:\Program Files (x86)\Java\jdk1.8.0_271\jre\lib\charsets.jar;C:\Program Files (x86)\Java\jdk1.8.0_271\jre\lib\deploy.jar;C:\Program Files (x86)\Java\jdk1.8.0_271\jre\lib\ext\access-bridge-32.jar;C:\Program Files (x86)\Java\jdk1.8.0_271\jre\lib\ext\cldrdata.jar;C:\Program Files (x86)\Java\jdk1.8.0_271\jre\lib\ext\dnsns.jar;C:\Program Files (x86)\Java\jdk1.8.0_271\jre\lib\ext\jaccess.jar;C:\Program Files (x86)\Java\jdk1.8.0_271\jre\lib\ext\jfxrt.jar;C:\Program Files (x86)\Java\jdk1.8.0_271\jre\lib\ext\localedata.jar;C:\Program Files (x86)\Java\jdk1.8.0_271\jre\lib\ext\nashorn.jar;C:\Program Files (x86)\Java\jdk1.8.0_271\jre\lib\ext\sunec.jar;C:\Program Files (x86)\Java\jdk1.8.0_271\jre\lib\ext\sunjce_provider.jar;C:\Program Files (x86)\Java\jdk1.8.0_271\jre\lib\ext\sunmscapi.jar;C:\Program Files (x86)\Java\jdk1.8.0_271\jre\lib\ext\sunpkcs11.jar;C:\Program Files (x86)\Java\jdk1.8.0_271\jre\lib\ext\zipfs.jar;C:\Program Files (x86)\Java\jdk1.8.0_271\jre\lib\javaws.jar;C:\Program Files (x86)\Java\jdk1.8.0_271\jre\lib\jce.jar;C:\Program Files (x86)\Java\jdk1.8.0_271\jre\lib\jfr.jar;C:\Program Files (x86)\Java\jdk1.8.0_271\jre\lib\jfxswt.jar;C:\Program Files (x86)\Java\jdk1.8.0_271\jre\lib\jsse.jar;C:\Program Files (x86)\Java\jdk1.8.0_271\jre\lib\management-agent.jar;C:\Program Files (x86)\Java\jdk1.8.0_271\jre\lib\plugin.jar;C:\Program Files (x86)\Java\jdk1.8.0_271\jre\lib\resources.jar;C:\Program Files (x86)\Java\jdk1.8.0_271\jre\lib\rt.jar;C:\Users\TESTINIUM\IdeaProjects\BitexenApiProject\target\test-classes;C:\Users\TESTINIUM\.m2\repository\org\seleniumhq\selenium\selenium-java\3.141.59\selenium-java-3.141.59.jar;C:\Users\TESTINIUM\.m2\repository\org\seleniumhq\selenium\selenium-api\3.141.59\selenium-api-3.141.59.jar;C:\Users\TESTINIUM\.m2\repository\org\seleniumhq\selenium\selenium-edge-driver\3.141.59\selenium-edge-driver-3.141.59.jar;C:\Users\TESTINIUM\.m2\repository\org\seleniumhq\selenium\selenium-firefox-driver\3.141.59\selenium-firefox-driver-3.141.59.jar;C:\Users\TESTINIUM\.m2\repository\org\seleniumhq\selenium\selenium-ie-driver\3.141.59\selenium-ie-driver-3.141.59.jar;C:\Users\TESTINIUM\.m2\repository\org\seleniumhq\selenium\selenium-opera-driver\3.141.59\selenium-opera-driver-3.141.59.jar;C:\Users\TESTINIUM\.m2\repository\org\seleniumhq\selenium\selenium-remote-driver\3.141.59\selenium-remote-driver-3.141.59.jar;C:\Users\TESTINIUM\.m2\repository\org\seleniumhq\selenium\selenium-safari-driver\3.141.59\selenium-safari-driver-3.141.59.jar;C:\Users\TESTINIUM\.m2\repository\org\seleniumhq\selenium\selenium-support\3.141.59\selenium-support-3.141.59.jar;C:\Users\TESTINIUM\.m2\repository\net\bytebuddy\byte-buddy\1.8.15\byte-buddy-1.8.15.jar;C:\Users\TESTINIUM\.m2\repository\org\apache\commons\commons-exec\1.3\commons-exec-1.3.jar;C:\Users\TESTINIUM\.m2\repository\com\google\guava\guava\25.0-jre\guava-25.0-jre.jar;C:\Users\TESTINIUM\.m2\repository\com\google\code\findbugs\jsr305\1.3.9\jsr305-1.3.9.jar;C:\Users\TESTINIUM\.m2\repository\org\checkerframework\checker-compat-qual\2.0.0\checker-compat-qual-2.0.0.jar;C:\Users\TESTINIUM\.m2\repository\com\google\errorprone\error_prone_annotations\2.1.3\error_prone_annotations-2.1.3.jar;C:\Users\TESTINIUM\.m2\repository\com\google\j2objc\j2objc-annotations\1.1\j2objc-annotations-1.1.jar;C:\Users\TESTINIUM\.m2\repository\org\codehaus\mojo\animal-sniffer-annotations\1.14\animal-sniffer-annotations-1.14.jar;C:\Users\TESTINIUM\.m2\repository\com\squareup\okhttp3\okhttp\3.11.0\okhttp-3.11.0.jar;C:\Users\TESTINIUM\.m2\repository\com\squareup\okio\okio\1.14.0\okio-1.14.0.jar;C:\Users\TESTINIUM\.m2\repository\org\seleniumhq\selenium\selenium-chrome-driver\3.141.59\selenium-chrome-driver-3.141.59.jar;C:\Users\TESTINIUM\.m2\repository\org\junit\jupiter\junit-jupiter-api\5.7.0\junit-jupiter-api-5.7.0.jar;C:\Users\TESTINIUM\.m2\repository\org\apiguardian\apiguardian-api\1.1.0\apiguardian-api-1.1.0.jar;C:\Users\TESTINIUM\.m2\repository\org\opentest4j\opentest4j\1.2.0\opentest4j-1.2.0.jar;C:\Users\TESTINIUM\.m2\repository\org\junit\platform\junit-platform-commons\1.7.0\junit-platform-commons-1.7.0.jar;C:\Users\TESTINIUM\.m2\repository\com\thoughtworks\gauge\gauge-java\0.7.3\gauge-java-0.7.3.jar;C:\Users\TESTINIUM\.m2\repository\org\assertj\assertj-core\3.14.0\assertj-core-3.14.0.jar;C:\Users\TESTINIUM\.m2\repository\org\reflections\reflections\0.9.11\reflections-0.9.11.jar;C:\Users\TESTINIUM\.m2\repository\org\javassist\javassist\3.21.0-GA\javassist-3.21.0-GA.jar;C:\Users\TESTINIUM\.m2\repository\com\github\javaparser\javaparser-core\2.5.1\javaparser-core-2.5.1.jar;C:\Users\TESTINIUM\.m2\repository\commons-io\commons-io\2.6\commons-io-2.6.jar;C:\Users\TESTINIUM\.m2\repository\commons-lang\commons-lang\2.6\commons-lang-2.6.jar;C:\Users\TESTINIUM\.m2\repository\com\google\protobuf\protobuf-java\3.10.0\protobuf-java-3.10.0.jar;C:\Users\TESTINIUM\.m2\repository\io\grpc\grpc-netty-shaded\1.25.0\grpc-netty-shaded-1.25.0.jar;C:\Users\TESTINIUM\.m2\repository\io\grpc\grpc-core\1.25.0\grpc-core-1.25.0.jar;C:\Users\TESTINIUM\.m2\repository\io\grpc\grpc-api\1.25.0\grpc-api-1.25.0.jar;C:\Users\TESTINIUM\.m2\repository\io\grpc\grpc-context\1.25.0\grpc-context-1.25.0.jar;C:\Users\TESTINIUM\.m2\repository\com\google\android\annotations\4.1.1.4\annotations-4.1.1.4.jar;C:\Users\TESTINIUM\.m2\repository\io\perfmark\perfmark-api\0.19.0\perfmark-api-0.19.0.jar;C:\Users\TESTINIUM\.m2\repository\io\opencensus\opencensus-api\0.21.0\opencensus-api-0.21.0.jar;C:\Users\TESTINIUM\.m2\repository\io\opencensus\opencensus-contrib-grpc-metrics\0.21.0\opencensus-contrib-grpc-metrics-0.21.0.jar;C:\Users\TESTINIUM\.m2\repository\io\grpc\grpc-protobuf\1.24.1\grpc-protobuf-1.24.1.jar;C:\Users\TESTINIUM\.m2\repository\com\google\api\grpc\proto-google-common-protos\1.12.0\proto-google-common-protos-1.12.0.jar;C:\Users\TESTINIUM\.m2\repository\io\grpc\grpc-protobuf-lite\1.24.1\grpc-protobuf-lite-1.24.1.jar;C:\Users\TESTINIUM\.m2\repository\io\grpc\grpc-stub\1.24.1\grpc-stub-1.24.1.jar;C:\Users\TESTINIUM\.m2\repository\javax\annotation\javax.annotation-api\1.3.2\javax.annotation-api-1.3.2.jar;C:\Users\TESTINIUM\.m2\repository\junit\junit\4.13.2\junit-4.13.2.jar;C:\Users\TESTINIUM\.m2\repository\org\hamcrest\hamcrest-core\1.3\hamcrest-core-1.3.jar;C:\Users\TESTINIUM\.m2\repository\org\json\json\20210307\json-20210307.jar;C:\Users\TESTINIUM\.m2\repository\io\github\bonigarcia\webdrivermanager\5.0.3\webdrivermanager-5.0.3.jar;C:\Users\TESTINIUM\.m2\repository\org\slf4j\slf4j-api\1.7.32\slf4j-api-1.7.32.jar;C:\Users\TESTINIUM\.m2\repository\com\google\code\gson\gson\2.8.8\gson-2.8.8.jar;C:\Users\TESTINIUM\.m2\repository\org\jsoup\jsoup\1.14.2\jsoup-1.14.2.jar;C:\Users\TESTINIUM\.m2\repository\com\github\docker-java\docker-java\3.2.12\docker-java-3.2.12.jar;C:\Users\TESTINIUM\.m2\repository\com\github\docker-java\docker-java-core\3.2.12\docker-java-core-3.2.12.jar;C:\Users\TESTINIUM\.m2\repository\com\github\docker-java\docker-java-api\3.2.12\docker-java-api-3.2.12.jar;C:\Users\TESTINIUM\.m2\repository\com\fasterxml\jackson\core\jackson-annotations\2.10.3\jackson-annotations-2.10.3.jar;C:\Users\TESTINIUM\.m2\repository\org\apache\commons\commons-compress\1.21\commons-compress-1.21.jar;C:\Users\TESTINIUM\.m2\repository\com\fasterxml\jackson\core\jackson-databind\2.10.3\jackson-databind-2.10.3.jar;C:\Users\TESTINIUM\.m2\repository\com\fasterxml\jackson\core\jackson-core\2.10.3\jackson-core-2.10.3.jar;C:\Users\TESTINIUM\.m2\repository\org\bouncycastle\bcpkix-jdk15on\1.64\bcpkix-jdk15on-1.64.jar;C:\Users\TESTINIUM\.m2\repository\org\bouncycastle\bcprov-jdk15on\1.64\bcprov-jdk15on-1.64.jar;C:\Users\TESTINIUM\.m2\repository\org\slf4j\jcl-over-slf4j\1.7.30\jcl-over-slf4j-1.7.30.jar;C:\Users\TESTINIUM\.m2\repository\com\github\docker-java\docker-java-transport-httpclient5\3.2.12\docker-java-transport-httpclient5-3.2.12.jar;C:\Users\TESTINIUM\.m2\repository\com\github\docker-java\docker-java-transport\3.2.12\docker-java-transport-3.2.12.jar;C:\Users\TESTINIUM\.m2\repository\org\apache\httpcomponents\client5\httpclient5\5.0.3\httpclient5-5.0.3.jar;C:\Users\TESTINIUM\.m2\repository\org\apache\httpcomponents\core5\httpcore5\5.0.2\httpcore5-5.0.2.jar;C:\Users\TESTINIUM\.m2\repository\net\java\dev\jna\jna\5.8.0\jna-5.8.0.jar;C:\Users\TESTINIUM\.m2\repository\org\brotli\dec\0.1.2\dec-0.1.2.jar;C:\Users\TESTINIUM\.m2\repository\io\rest-assured\rest-assured\4.4.0\rest-assured-4.4.0.jar;C:\Users\TESTINIUM\.m2\repository\org\codehaus\groovy\groovy\3.0.8\groovy-3.0.8.jar;C:\Users\TESTINIUM\.m2\repository\org\codehaus\groovy\groovy-xml\3.0.8\groovy-xml-3.0.8.jar;C:\Users\TESTINIUM\.m2\repository\org\apache\httpcomponents\httpclient\4.5.13\httpclient-4.5.13.jar;C:\Users\TESTINIUM\.m2\repository\org\apache\httpcomponents\httpcore\4.4.13\httpcore-4.4.13.jar;C:\Users\TESTINIUM\.m2\repository\commons-logging\commons-logging\1.2\commons-logging-1.2.jar;C:\Users\TESTINIUM\.m2\repository\commons-codec\commons-codec\1.11\commons-codec-1.11.jar;C:\Users\TESTINIUM\.m2\repository\org\apache\httpcomponents\httpmime\4.5.13\httpmime-4.5.13.jar;C:\Users\TESTINIUM\.m2\repository\org\hamcrest\hamcrest\2.1\hamcrest-2.1.jar;C:\Users\TESTINIUM\.m2\repository\org\ccil\cowan\tagsoup\tagsoup\1.2.1\tagsoup-1.2.1.jar;C:\Users\TESTINIUM\.m2\repository\io\rest-assured\json-path\4.4.0\json-path-4.4.0.jar;C:\Users\TESTINIUM\.m2\repository\org\codehaus\groovy\groovy-json\3.0.8\groovy-json-3.0.8.jar;C:\Users\TESTINIUM\.m2\repository\io\rest-assured\rest-assured-common\4.4.0\rest-assured-common-4.4.0.jar;C:\Users\TESTINIUM\.m2\repository\io\rest-assured\xml-path\4.4.0\xml-path-4.4.0.jar;C:\Users\TESTINIUM\.m2\repository\org\apache\commons\commons-lang3\3.11\commons-lang3-3.11.jar;C:\Users\TESTINIUM\.m2\repository\jakarta\xml\bind\jakarta.xml.bind-api\2.3.3\jakarta.xml.bind-api-2.3.3.jar;C:\Users\TESTINIUM\.m2\repository\jakarta\activation\jakarta.activation-api\1.2.2\jakarta.activation-api-1.2.2.jar;C:\Users\TESTINIUM\.m2\repository\com\sun\xml\bind\jaxb-impl\2.3.3\jaxb-impl-2.3.3.jar
06-12-2021 11:52:10.555 [Gauge] [DEBUG] Checking updates...
06-12-2021 11:52:10.558 [Gauge] [DEBUG] Downloading https://downloads.gauge.org/plugin/html-report?l=java&p=html-report,java,screenshot,spectacle,xml-report&o=windows&a=amd64
06-12-2021 11:52:10.883 [Gauge] [DEBUG] Downloading https://downloads.gauge.org/plugin/java?l=java&p=html-report,java,screenshot,spectacle,xml-report&o=windows&a=amd64
06-12-2021 11:52:10.935 [java] [DEBUG] Connecting to port: 51475
06-12-2021 11:52:10.955 [Gauge] [DEBUG] Established connection to runner.
06-12-2021 11:52:10.955 [Gauge] [DEBUG] Validation started.
06-12-2021 11:52:10.956 [java] [DEBUG] Connected to 127.0.0.1:51475
06-12-2021 11:52:11.003 [Gauge] [DEBUG] Downloading https://downloads.gauge.org/plugin/screenshot?l=java&p=html-report,java,screenshot,spectacle,xml-report&o=windows&a=amd64
06-12-2021 11:52:11.176 [Gauge] [DEBUG] Downloading https://downloads.gauge.org/plugin/spectacle?l=java&p=html-report,java,screenshot,spectacle,xml-report&o=windows&a=amd64
06-12-2021 11:52:11.350 [Gauge] [DEBUG] Downloading https://downloads.gauge.org/plugin/xml-report?l=java&p=html-report,java,screenshot,spectacle,xml-report&o=windows&a=amd64
06-12-2021 11:52:17.798 [java] [DEBUG] Scanning packages for steps
06-12-2021 11:52:17.803 [java] [DEBUG] Scanning packages for hooks
06-12-2021 11:52:21.327 [Gauge] [ERROR] [ValidationError] C:\Users\TESTINIUM\IdeaProjects\BitexenApiProject\specs\api.cpt:7 Step implementation not found => 'Get request to endpoint'
06-12-2021 11:52:21.328 [Gauge] [DEBUG] Run started
06-12-2021 11:52:21.329 [Gauge] [DEBUG] Starting Html Report plugin
06-12-2021 11:52:21.365 [Gauge] [DEBUG] Attempting to connect to grpc server at port: 51484
06-12-2021 11:52:21.365 [Gauge] [DEBUG] Successfully made the connection with plugin with port: 51484
06-12-2021 11:52:21.365 [Gauge] [DEBUG] Initialising suite data store.
06-12-2021 11:52:21.387 [html-report] [DEBUG] Transformed SuiteResult to report structure
06-12-2021 11:52:21.413 [html-report] [INFO] Successfully generated html-report to => C:\Users\TESTINIUM\IdeaProjects\BitexenApiProject\reports\html-report\index.html
06-12-2021 11:52:21.413 [html-report] [DEBUG] Done generating HTML report using theme from C:\Users\TESTINIUM\AppData\Roaming\gauge\plugins\html-report\4.0.12\themes\default
06-12-2021 11:52:21.413 [Gauge] [DEBUG] Sending kill message to Html Report plugin.
06-12-2021 11:52:21.415 [Gauge] [DEBUG] Sending kill message to runner.
06-12-2021 11:52:21.416 [java] [DEBUG] Kill process request recieved
06-12-2021 11:52:21.530 [Gauge] [DEBUG] Runner with PID:13576 has exited
06-12-2021 11:52:21.530 [Gauge] [INFO] Specifications:	0 executed	0 passed	0 failed	1 skipped
06-12-2021 11:52:21.530 [Gauge] [INFO] Scenarios:	0 executed	0 passed	0 failed	1 skipped
06-12-2021 11:52:21.530 [Gauge] [INFO] 
Total time taken: 57ms
06-12-2021 11:52:21.530 [Gauge] [INFO] Updates are available. Run `gauge update -c` for more info.
06-12-2021 11:52:33.264 [Gauge] [DEBUG] Created gauge_screenshots_dir at C:\Users\TESTINIUM\IdeaProjects\BitexenApiProject\.gauge\screenshots
06-12-2021 11:52:33.267 [Gauge] [DEBUG] Plugin java is already installed.
06-12-2021 11:52:33.268 [Gauge] [DEBUG] Plugin html-report is already installed.
06-12-2021 11:52:33.268 [Gauge] [DEBUG] Parsing started.
06-12-2021 11:52:33.268 [Gauge] [DEBUG] Started concepts parsing.
06-12-2021 11:52:33.274 [Gauge] [DEBUG] 1 concepts parsing completed.
06-12-2021 11:52:33.274 [Gauge] [DEBUG] Started specifications parsing.
06-12-2021 11:52:33.274 [Gauge] [DEBUG] 1 specifications parsing completed.
06-12-2021 11:52:33.275 [Gauge] [DEBUG] Parsing completed.
06-12-2021 11:52:33.277 [Gauge] [DEBUG] Staring java runner
06-12-2021 11:52:33.320 [java] [DEBUG] classpath set to C:\Program Files (x86)\Java\jdk1.8.0_271\jre\lib\charsets.jar;C:\Program Files (x86)\Java\jdk1.8.0_271\jre\lib\deploy.jar;C:\Program Files (x86)\Java\jdk1.8.0_271\jre\lib\ext\access-bridge-32.jar;C:\Program Files (x86)\Java\jdk1.8.0_271\jre\lib\ext\cldrdata.jar;C:\Program Files (x86)\Java\jdk1.8.0_271\jre\lib\ext\dnsns.jar;C:\Program Files (x86)\Java\jdk1.8.0_271\jre\lib\ext\jaccess.jar;C:\Program Files (x86)\Java\jdk1.8.0_271\jre\lib\ext\jfxrt.jar;C:\Program Files (x86)\Java\jdk1.8.0_271\jre\lib\ext\localedata.jar;C:\Program Files (x86)\Java\jdk1.8.0_271\jre\lib\ext\nashorn.jar;C:\Program Files (x86)\Java\jdk1.8.0_271\jre\lib\ext\sunec.jar;C:\Program Files (x86)\Java\jdk1.8.0_271\jre\lib\ext\sunjce_provider.jar;C:\Program Files (x86)\Java\jdk1.8.0_271\jre\lib\ext\sunmscapi.jar;C:\Program Files (x86)\Java\jdk1.8.0_271\jre\lib\ext\sunpkcs11.jar;C:\Program Files (x86)\Java\jdk1.8.0_271\jre\lib\ext\zipfs.jar;C:\Program Files (x86)\Java\jdk1.8.0_271\jre\lib\javaws.jar;C:\Program Files (x86)\Java\jdk1.8.0_271\jre\lib\jce.jar;C:\Program Files (x86)\Java\jdk1.8.0_271\jre\lib\jfr.jar;C:\Program Files (x86)\Java\jdk1.8.0_271\jre\lib\jfxswt.jar;C:\Program Files (x86)\Java\jdk1.8.0_271\jre\lib\jsse.jar;C:\Program Files (x86)\Java\jdk1.8.0_271\jre\lib\management-agent.jar;C:\Program Files (x86)\Java\jdk1.8.0_271\jre\lib\plugin.jar;C:\Program Files (x86)\Java\jdk1.8.0_271\jre\lib\resources.jar;C:\Program Files (x86)\Java\jdk1.8.0_271\jre\lib\rt.jar;C:\Users\TESTINIUM\IdeaProjects\BitexenApiProject\target\test-classes;C:\Users\TESTINIUM\.m2\repository\org\seleniumhq\selenium\selenium-java\3.141.59\selenium-java-3.141.59.jar;C:\Users\TESTINIUM\.m2\repository\org\seleniumhq\selenium\selenium-api\3.141.59\selenium-api-3.141.59.jar;C:\Users\TESTINIUM\.m2\repository\org\seleniumhq\selenium\selenium-edge-driver\3.141.59\selenium-edge-driver-3.141.59.jar;C:\Users\TESTINIUM\.m2\repository\org\seleniumhq\selenium\selenium-firefox-driver\3.141.59\selenium-firefox-driver-3.141.59.jar;C:\Users\TESTINIUM\.m2\repository\org\seleniumhq\selenium\selenium-ie-driver\3.141.59\selenium-ie-driver-3.141.59.jar;C:\Users\TESTINIUM\.m2\repository\org\seleniumhq\selenium\selenium-opera-driver\3.141.59\selenium-opera-driver-3.141.59.jar;C:\Users\TESTINIUM\.m2\repository\org\seleniumhq\selenium\selenium-remote-driver\3.141.59\selenium-remote-driver-3.141.59.jar;C:\Users\TESTINIUM\.m2\repository\org\seleniumhq\selenium\selenium-safari-driver\3.141.59\selenium-safari-driver-3.141.59.jar;C:\Users\TESTINIUM\.m2\repository\org\seleniumhq\selenium\selenium-support\3.141.59\selenium-support-3.141.59.jar;C:\Users\TESTINIUM\.m2\repository\net\bytebuddy\byte-buddy\1.8.15\byte-buddy-1.8.15.jar;C:\Users\TESTINIUM\.m2\repository\org\apache\commons\commons-exec\1.3\commons-exec-1.3.jar;C:\Users\TESTINIUM\.m2\repository\com\google\guava\guava\25.0-jre\guava-25.0-jre.jar;C:\Users\TESTINIUM\.m2\repository\com\google\code\findbugs\jsr305\1.3.9\jsr305-1.3.9.jar;C:\Users\TESTINIUM\.m2\repository\org\checkerframework\checker-compat-qual\2.0.0\checker-compat-qual-2.0.0.jar;C:\Users\TESTINIUM\.m2\repository\com\google\errorprone\error_prone_annotations\2.1.3\error_prone_annotations-2.1.3.jar;C:\Users\TESTINIUM\.m2\repository\com\google\j2objc\j2objc-annotations\1.1\j2objc-annotations-1.1.jar;C:\Users\TESTINIUM\.m2\repository\org\codehaus\mojo\animal-sniffer-annotations\1.14\animal-sniffer-annotations-1.14.jar;C:\Users\TESTINIUM\.m2\repository\com\squareup\okhttp3\okhttp\3.11.0\okhttp-3.11.0.jar;C:\Users\TESTINIUM\.m2\repository\com\squareup\okio\okio\1.14.0\okio-1.14.0.jar;C:\Users\TESTINIUM\.m2\repository\org\seleniumhq\selenium\selenium-chrome-driver\3.141.59\selenium-chrome-driver-3.141.59.jar;C:\Users\TESTINIUM\.m2\repository\org\junit\jupiter\junit-jupiter-api\5.7.0\junit-jupiter-api-5.7.0.jar;C:\Users\TESTINIUM\.m2\repository\org\apiguardian\apiguardian-api\1.1.0\apiguardian-api-1.1.0.jar;C:\Users\TESTINIUM\.m2\repository\org\opentest4j\opentest4j\1.2.0\opentest4j-1.2.0.jar;C:\Users\TESTINIUM\.m2\repository\org\junit\platform\junit-platform-commons\1.7.0\junit-platform-commons-1.7.0.jar;C:\Users\TESTINIUM\.m2\repository\com\thoughtworks\gauge\gauge-java\0.7.3\gauge-java-0.7.3.jar;C:\Users\TESTINIUM\.m2\repository\org\assertj\assertj-core\3.14.0\assertj-core-3.14.0.jar;C:\Users\TESTINIUM\.m2\repository\org\reflections\reflections\0.9.11\reflections-0.9.11.jar;C:\Users\TESTINIUM\.m2\repository\org\javassist\javassist\3.21.0-GA\javassist-3.21.0-GA.jar;C:\Users\TESTINIUM\.m2\repository\com\github\javaparser\javaparser-core\2.5.1\javaparser-core-2.5.1.jar;C:\Users\TESTINIUM\.m2\repository\commons-io\commons-io\2.6\commons-io-2.6.jar;C:\Users\TESTINIUM\.m2\repository\commons-lang\commons-lang\2.6\commons-lang-2.6.jar;C:\Users\TESTINIUM\.m2\repository\com\google\protobuf\protobuf-java\3.10.0\protobuf-java-3.10.0.jar;C:\Users\TESTINIUM\.m2\repository\io\grpc\grpc-netty-shaded\1.25.0\grpc-netty-shaded-1.25.0.jar;C:\Users\TESTINIUM\.m2\repository\io\grpc\grpc-core\1.25.0\grpc-core-1.25.0.jar;C:\Users\TESTINIUM\.m2\repository\io\grpc\grpc-api\1.25.0\grpc-api-1.25.0.jar;C:\Users\TESTINIUM\.m2\repository\io\grpc\grpc-context\1.25.0\grpc-context-1.25.0.jar;C:\Users\TESTINIUM\.m2\repository\com\google\android\annotations\4.1.1.4\annotations-4.1.1.4.jar;C:\Users\TESTINIUM\.m2\repository\io\perfmark\perfmark-api\0.19.0\perfmark-api-0.19.0.jar;C:\Users\TESTINIUM\.m2\repository\io\opencensus\opencensus-api\0.21.0\opencensus-api-0.21.0.jar;C:\Users\TESTINIUM\.m2\repository\io\opencensus\opencensus-contrib-grpc-metrics\0.21.0\opencensus-contrib-grpc-metrics-0.21.0.jar;C:\Users\TESTINIUM\.m2\repository\io\grpc\grpc-protobuf\1.24.1\grpc-protobuf-1.24.1.jar;C:\Users\TESTINIUM\.m2\repository\com\google\api\grpc\proto-google-common-protos\1.12.0\proto-google-common-protos-1.12.0.jar;C:\Users\TESTINIUM\.m2\repository\io\grpc\grpc-protobuf-lite\1.24.1\grpc-protobuf-lite-1.24.1.jar;C:\Users\TESTINIUM\.m2\repository\io\grpc\grpc-stub\1.24.1\grpc-stub-1.24.1.jar;C:\Users\TESTINIUM\.m2\repository\javax\annotation\javax.annotation-api\1.3.2\javax.annotation-api-1.3.2.jar;C:\Users\TESTINIUM\.m2\repository\junit\junit\4.13.2\junit-4.13.2.jar;C:\Users\TESTINIUM\.m2\repository\org\hamcrest\hamcrest-core\1.3\hamcrest-core-1.3.jar;C:\Users\TESTINIUM\.m2\repository\org\json\json\20210307\json-20210307.jar;C:\Users\TESTINIUM\.m2\repository\io\github\bonigarcia\webdrivermanager\5.0.3\webdrivermanager-5.0.3.jar;C:\Users\TESTINIUM\.m2\repository\org\slf4j\slf4j-api\1.7.32\slf4j-api-1.7.32.jar;C:\Users\TESTINIUM\.m2\repository\com\google\code\gson\gson\2.8.8\gson-2.8.8.jar;C:\Users\TESTINIUM\.m2\repository\org\jsoup\jsoup\1.14.2\jsoup-1.14.2.jar;C:\Users\TESTINIUM\.m2\repository\com\github\docker-java\docker-java\3.2.12\docker-java-3.2.12.jar;C:\Users\TESTINIUM\.m2\repository\com\github\docker-java\docker-java-core\3.2.12\docker-java-core-3.2.12.jar;C:\Users\TESTINIUM\.m2\repository\com\github\docker-java\docker-java-api\3.2.12\docker-java-api-3.2.12.jar;C:\Users\TESTINIUM\.m2\repository\com\fasterxml\jackson\core\jackson-annotations\2.10.3\jackson-annotations-2.10.3.jar;C:\Users\TESTINIUM\.m2\repository\org\apache\commons\commons-compress\1.21\commons-compress-1.21.jar;C:\Users\TESTINIUM\.m2\repository\com\fasterxml\jackson\core\jackson-databind\2.10.3\jackson-databind-2.10.3.jar;C:\Users\TESTINIUM\.m2\repository\com\fasterxml\jackson\core\jackson-core\2.10.3\jackson-core-2.10.3.jar;C:\Users\TESTINIUM\.m2\repository\org\bouncycastle\bcpkix-jdk15on\1.64\bcpkix-jdk15on-1.64.jar;C:\Users\TESTINIUM\.m2\repository\org\bouncycastle\bcprov-jdk15on\1.64\bcprov-jdk15on-1.64.jar;C:\Users\TESTINIUM\.m2\repository\org\slf4j\jcl-over-slf4j\1.7.30\jcl-over-slf4j-1.7.30.jar;C:\Users\TESTINIUM\.m2\repository\com\github\docker-java\docker-java-transport-httpclient5\3.2.12\docker-java-transport-httpclient5-3.2.12.jar;C:\Users\TESTINIUM\.m2\repository\com\github\docker-java\docker-java-transport\3.2.12\docker-java-transport-3.2.12.jar;C:\Users\TESTINIUM\.m2\repository\org\apache\httpcomponents\client5\httpclient5\5.0.3\httpclient5-5.0.3.jar;C:\Users\TESTINIUM\.m2\repository\org\apache\httpcomponents\core5\httpcore5\5.0.2\httpcore5-5.0.2.jar;C:\Users\TESTINIUM\.m2\repository\net\java\dev\jna\jna\5.8.0\jna-5.8.0.jar;C:\Users\TESTINIUM\.m2\repository\org\brotli\dec\0.1.2\dec-0.1.2.jar;C:\Users\TESTINIUM\.m2\repository\io\rest-assured\rest-assured\4.4.0\rest-assured-4.4.0.jar;C:\Users\TESTINIUM\.m2\repository\org\codehaus\groovy\groovy\3.0.8\groovy-3.0.8.jar;C:\Users\TESTINIUM\.m2\repository\org\codehaus\groovy\groovy-xml\3.0.8\groovy-xml-3.0.8.jar;C:\Users\TESTINIUM\.m2\repository\org\apache\httpcomponents\httpclient\4.5.13\httpclient-4.5.13.jar;C:\Users\TESTINIUM\.m2\repository\org\apache\httpcomponents\httpcore\4.4.13\httpcore-4.4.13.jar;C:\Users\TESTINIUM\.m2\repository\commons-logging\commons-logging\1.2\commons-logging-1.2.jar;C:\Users\TESTINIUM\.m2\repository\commons-codec\commons-codec\1.11\commons-codec-1.11.jar;C:\Users\TESTINIUM\.m2\repository\org\apache\httpcomponents\httpmime\4.5.13\httpmime-4.5.13.jar;C:\Users\TESTINIUM\.m2\repository\org\hamcrest\hamcrest\2.1\hamcrest-2.1.jar;C:\Users\TESTINIUM\.m2\repository\org\ccil\cowan\tagsoup\tagsoup\1.2.1\tagsoup-1.2.1.jar;C:\Users\TESTINIUM\.m2\repository\io\rest-assured\json-path\4.4.0\json-path-4.4.0.jar;C:\Users\TESTINIUM\.m2\repository\org\codehaus\groovy\groovy-json\3.0.8\groovy-json-3.0.8.jar;C:\Users\TESTINIUM\.m2\repository\io\rest-assured\rest-assured-common\4.4.0\rest-assured-common-4.4.0.jar;C:\Users\TESTINIUM\.m2\repository\io\rest-assured\xml-path\4.4.0\xml-path-4.4.0.jar;C:\Users\TESTINIUM\.m2\repository\org\apache\commons\commons-lang3\3.11\commons-lang3-3.11.jar;C:\Users\TESTINIUM\.m2\repository\jakarta\xml\bind\jakarta.xml.bind-api\2.3.3\jakarta.xml.bind-api-2.3.3.jar;C:\Users\TESTINIUM\.m2\repository\jakarta\activation\jakarta.activation-api\1.2.2\jakarta.activation-api-1.2.2.jar;C:\Users\TESTINIUM\.m2\repository\com\sun\xml\bind\jaxb-impl\2.3.3\jaxb-impl-2.3.3.jar
06-12-2021 11:52:33.549 [Gauge] [DEBUG] Checking updates...
06-12-2021 11:52:33.552 [Gauge] [DEBUG] Downloading https://downloads.gauge.org/plugin/html-report?l=java&p=html-report,java,screenshot,spectacle,xml-report&o=windows&a=amd64
06-12-2021 11:52:33.616 [java] [DEBUG] Connecting to port: 51488
06-12-2021 11:52:33.625 [Gauge] [DEBUG] Established connection to runner.
06-12-2021 11:52:33.625 [Gauge] [DEBUG] Validation started.
06-12-2021 11:52:33.625 [java] [DEBUG] Connected to 127.0.0.1:51488
06-12-2021 11:52:33.825 [Gauge] [DEBUG] Downloading https://downloads.gauge.org/plugin/java?l=java&p=html-report,java,screenshot,spectacle,xml-report&o=windows&a=amd64
06-12-2021 11:52:33.918 [Gauge] [DEBUG] Downloading https://downloads.gauge.org/plugin/screenshot?l=java&p=html-report,java,screenshot,spectacle,xml-report&o=windows&a=amd64
06-12-2021 11:52:34.072 [Gauge] [DEBUG] Downloading https://downloads.gauge.org/plugin/spectacle?l=java&p=html-report,java,screenshot,spectacle,xml-report&o=windows&a=amd64
06-12-2021 11:52:34.232 [Gauge] [DEBUG] Downloading https://downloads.gauge.org/plugin/xml-report?l=java&p=html-report,java,screenshot,spectacle,xml-report&o=windows&a=amd64
06-12-2021 11:52:39.868 [java] [DEBUG] Scanning packages for steps
06-12-2021 11:52:39.876 [java] [DEBUG] Scanning packages for hooks
06-12-2021 11:52:43.861 [Gauge] [ERROR] [ValidationError] C:\Users\TESTINIUM\IdeaProjects\BitexenApiProject\specs\api.cpt:7 Step implementation not found => 'Get request to endpoint'
06-12-2021 11:52:43.861 [Gauge] [DEBUG] Run started
06-12-2021 11:52:43.862 [Gauge] [DEBUG] Starting Html Report plugin
06-12-2021 11:52:43.895 [Gauge] [DEBUG] Attempting to connect to grpc server at port: 51498
06-12-2021 11:52:43.896 [Gauge] [DEBUG] Successfully made the connection with plugin with port: 51498
06-12-2021 11:52:43.896 [Gauge] [DEBUG] Initialising suite data store.
06-12-2021 11:52:43.918 [html-report] [DEBUG] Transformed SuiteResult to report structure
06-12-2021 11:52:43.933 [html-report] [INFO] Successfully generated html-report to => C:\Users\TESTINIUM\IdeaProjects\BitexenApiProject\reports\html-report\index.html
06-12-2021 11:52:43.934 [html-report] [DEBUG] Done generating HTML report using theme from C:\Users\TESTINIUM\AppData\Roaming\gauge\plugins\html-report\4.0.12\themes\default
06-12-2021 11:52:43.934 [Gauge] [DEBUG] Sending kill message to Html Report plugin.
06-12-2021 11:52:43.934 [Gauge] [DEBUG] Sending kill message to runner.
06-12-2021 11:52:43.935 [java] [DEBUG] Kill process request recieved
06-12-2021 11:52:44.038 [Gauge] [DEBUG] Runner with PID:11708 has exited
06-12-2021 11:52:44.038 [Gauge] [INFO] Specifications:	0 executed	0 passed	0 failed	1 skipped
06-12-2021 11:52:44.038 [Gauge] [INFO] Scenarios:	0 executed	0 passed	0 failed	1 skipped
06-12-2021 11:52:44.038 [Gauge] [INFO] 
Total time taken: 56ms
06-12-2021 11:52:44.038 [Gauge] [INFO] Updates are available. Run `gauge update -c` for more info.
06-12-2021 15:13:49.461 [Gauge] [DEBUG] Created gauge_screenshots_dir at C:\Users\TESTINIUM\IdeaProjects\BitexenApiProject\.gauge\screenshots
06-12-2021 15:13:49.474 [Gauge] [DEBUG] Plugin java is already installed.
06-12-2021 15:13:49.481 [Gauge] [DEBUG] Plugin html-report is already installed.
06-12-2021 15:13:49.484 [Gauge] [DEBUG] Parsing started.
06-12-2021 15:13:49.484 [Gauge] [DEBUG] Started concepts parsing.
06-12-2021 15:13:49.495 [Gauge] [DEBUG] 2 concepts parsing completed.
06-12-2021 15:13:49.495 [Gauge] [DEBUG] Started specifications parsing.
06-12-2021 15:13:49.496 [Gauge] [DEBUG] 1 specifications parsing completed.
06-12-2021 15:13:49.497 [Gauge] [DEBUG] Parsing completed.
06-12-2021 15:13:49.500 [Gauge] [DEBUG] Staring java runner
06-12-2021 15:13:49.563 [java] [DEBUG] classpath set to C:\Program Files (x86)\Java\jdk1.8.0_271\jre\lib\charsets.jar;C:\Program Files (x86)\Java\jdk1.8.0_271\jre\lib\deploy.jar;C:\Program Files (x86)\Java\jdk1.8.0_271\jre\lib\ext\access-bridge-32.jar;C:\Program Files (x86)\Java\jdk1.8.0_271\jre\lib\ext\cldrdata.jar;C:\Program Files (x86)\Java\jdk1.8.0_271\jre\lib\ext\dnsns.jar;C:\Program Files (x86)\Java\jdk1.8.0_271\jre\lib\ext\jaccess.jar;C:\Program Files (x86)\Java\jdk1.8.0_271\jre\lib\ext\jfxrt.jar;C:\Program Files (x86)\Java\jdk1.8.0_271\jre\lib\ext\localedata.jar;C:\Program Files (x86)\Java\jdk1.8.0_271\jre\lib\ext\nashorn.jar;C:\Program Files (x86)\Java\jdk1.8.0_271\jre\lib\ext\sunec.jar;C:\Program Files (x86)\Java\jdk1.8.0_271\jre\lib\ext\sunjce_provider.jar;C:\Program Files (x86)\Java\jdk1.8.0_271\jre\lib\ext\sunmscapi.jar;C:\Program Files (x86)\Java\jdk1.8.0_271\jre\lib\ext\sunpkcs11.jar;C:\Program Files (x86)\Java\jdk1.8.0_271\jre\lib\ext\zipfs.jar;C:\Program Files (x86)\Java\jdk1.8.0_271\jre\lib\javaws.jar;C:\Program Files (x86)\Java\jdk1.8.0_271\jre\lib\jce.jar;C:\Program Files (x86)\Java\jdk1.8.0_271\jre\lib\jfr.jar;C:\Program Files (x86)\Java\jdk1.8.0_271\jre\lib\jfxswt.jar;C:\Program Files (x86)\Java\jdk1.8.0_271\jre\lib\jsse.jar;C:\Program Files (x86)\Java\jdk1.8.0_271\jre\lib\management-agent.jar;C:\Program Files (x86)\Java\jdk1.8.0_271\jre\lib\plugin.jar;C:\Program Files (x86)\Java\jdk1.8.0_271\jre\lib\resources.jar;C:\Program Files (x86)\Java\jdk1.8.0_271\jre\lib\rt.jar;C:\Users\TESTINIUM\IdeaProjects\BitexenApiProject\target\test-classes;C:\Users\TESTINIUM\.m2\repository\org\seleniumhq\selenium\selenium-java\3.141.59\selenium-java-3.141.59.jar;C:\Users\TESTINIUM\.m2\repository\org\seleniumhq\selenium\selenium-api\3.141.59\selenium-api-3.141.59.jar;C:\Users\TESTINIUM\.m2\repository\org\seleniumhq\selenium\selenium-edge-driver\3.141.59\selenium-edge-driver-3.141.59.jar;C:\Users\TESTINIUM\.m2\repository\org\seleniumhq\selenium\selenium-firefox-driver\3.141.59\selenium-firefox-driver-3.141.59.jar;C:\Users\TESTINIUM\.m2\repository\org\seleniumhq\selenium\selenium-ie-driver\3.141.59\selenium-ie-driver-3.141.59.jar;C:\Users\TESTINIUM\.m2\repository\org\seleniumhq\selenium\selenium-opera-driver\3.141.59\selenium-opera-driver-3.141.59.jar;C:\Users\TESTINIUM\.m2\repository\org\seleniumhq\selenium\selenium-remote-driver\3.141.59\selenium-remote-driver-3.141.59.jar;C:\Users\TESTINIUM\.m2\repository\org\seleniumhq\selenium\selenium-safari-driver\3.141.59\selenium-safari-driver-3.141.59.jar;C:\Users\TESTINIUM\.m2\repository\org\seleniumhq\selenium\selenium-support\3.141.59\selenium-support-3.141.59.jar;C:\Users\TESTINIUM\.m2\repository\net\bytebuddy\byte-buddy\1.8.15\byte-buddy-1.8.15.jar;C:\Users\TESTINIUM\.m2\repository\org\apache\commons\commons-exec\1.3\commons-exec-1.3.jar;C:\Users\TESTINIUM\.m2\repository\com\google\guava\guava\25.0-jre\guava-25.0-jre.jar;C:\Users\TESTINIUM\.m2\repository\com\google\code\findbugs\jsr305\1.3.9\jsr305-1.3.9.jar;C:\Users\TESTINIUM\.m2\repository\org\checkerframework\checker-compat-qual\2.0.0\checker-compat-qual-2.0.0.jar;C:\Users\TESTINIUM\.m2\repository\com\google\errorprone\error_prone_annotations\2.1.3\error_prone_annotations-2.1.3.jar;C:\Users\TESTINIUM\.m2\repository\com\google\j2objc\j2objc-annotations\1.1\j2objc-annotations-1.1.jar;C:\Users\TESTINIUM\.m2\repository\org\codehaus\mojo\animal-sniffer-annotations\1.14\animal-sniffer-annotations-1.14.jar;C:\Users\TESTINIUM\.m2\repository\com\squareup\okhttp3\okhttp\3.11.0\okhttp-3.11.0.jar;C:\Users\TESTINIUM\.m2\repository\com\squareup\okio\okio\1.14.0\okio-1.14.0.jar;C:\Users\TESTINIUM\.m2\repository\org\seleniumhq\selenium\selenium-chrome-driver\3.141.59\selenium-chrome-driver-3.141.59.jar;C:\Users\TESTINIUM\.m2\repository\org\junit\jupiter\junit-jupiter-api\5.7.0\junit-jupiter-api-5.7.0.jar;C:\Users\TESTINIUM\.m2\repository\org\apiguardian\apiguardian-api\1.1.0\apiguardian-api-1.1.0.jar;C:\Users\TESTINIUM\.m2\repository\org\opentest4j\opentest4j\1.2.0\opentest4j-1.2.0.jar;C:\Users\TESTINIUM\.m2\repository\org\junit\platform\junit-platform-commons\1.7.0\junit-platform-commons-1.7.0.jar;C:\Users\TESTINIUM\.m2\repository\com\thoughtworks\gauge\gauge-java\0.7.3\gauge-java-0.7.3.jar;C:\Users\TESTINIUM\.m2\repository\org\assertj\assertj-core\3.14.0\assertj-core-3.14.0.jar;C:\Users\TESTINIUM\.m2\repository\org\reflections\reflections\0.9.11\reflections-0.9.11.jar;C:\Users\TESTINIUM\.m2\repository\org\javassist\javassist\3.21.0-GA\javassist-3.21.0-GA.jar;C:\Users\TESTINIUM\.m2\repository\com\github\javaparser\javaparser-core\2.5.1\javaparser-core-2.5.1.jar;C:\Users\TESTINIUM\.m2\repository\commons-io\commons-io\2.6\commons-io-2.6.jar;C:\Users\TESTINIUM\.m2\repository\commons-lang\commons-lang\2.6\commons-lang-2.6.jar;C:\Users\TESTINIUM\.m2\repository\com\google\protobuf\protobuf-java\3.10.0\protobuf-java-3.10.0.jar;C:\Users\TESTINIUM\.m2\repository\io\grpc\grpc-netty-shaded\1.25.0\grpc-netty-shaded-1.25.0.jar;C:\Users\TESTINIUM\.m2\repository\io\grpc\grpc-core\1.25.0\grpc-core-1.25.0.jar;C:\Users\TESTINIUM\.m2\repository\io\grpc\grpc-api\1.25.0\grpc-api-1.25.0.jar;C:\Users\TESTINIUM\.m2\repository\io\grpc\grpc-context\1.25.0\grpc-context-1.25.0.jar;C:\Users\TESTINIUM\.m2\repository\com\google\android\annotations\4.1.1.4\annotations-4.1.1.4.jar;C:\Users\TESTINIUM\.m2\repository\io\perfmark\perfmark-api\0.19.0\perfmark-api-0.19.0.jar;C:\Users\TESTINIUM\.m2\repository\io\opencensus\opencensus-api\0.21.0\opencensus-api-0.21.0.jar;C:\Users\TESTINIUM\.m2\repository\io\opencensus\opencensus-contrib-grpc-metrics\0.21.0\opencensus-contrib-grpc-metrics-0.21.0.jar;C:\Users\TESTINIUM\.m2\repository\io\grpc\grpc-protobuf\1.24.1\grpc-protobuf-1.24.1.jar;C:\Users\TESTINIUM\.m2\repository\com\google\api\grpc\proto-google-common-protos\1.12.0\proto-google-common-protos-1.12.0.jar;C:\Users\TESTINIUM\.m2\repository\io\grpc\grpc-protobuf-lite\1.24.1\grpc-protobuf-lite-1.24.1.jar;C:\Users\TESTINIUM\.m2\repository\io\grpc\grpc-stub\1.24.1\grpc-stub-1.24.1.jar;C:\Users\TESTINIUM\.m2\repository\javax\annotation\javax.annotation-api\1.3.2\javax.annotation-api-1.3.2.jar;C:\Users\TESTINIUM\.m2\repository\junit\junit\4.13.2\junit-4.13.2.jar;C:\Users\TESTINIUM\.m2\repository\org\hamcrest\hamcrest-core\1.3\hamcrest-core-1.3.jar;C:\Users\TESTINIUM\.m2\repository\org\json\json\20210307\json-20210307.jar;C:\Users\TESTINIUM\.m2\repository\io\github\bonigarcia\webdrivermanager\5.0.3\webdrivermanager-5.0.3.jar;C:\Users\TESTINIUM\.m2\repository\org\slf4j\slf4j-api\1.7.32\slf4j-api-1.7.32.jar;C:\Users\TESTINIUM\.m2\repository\com\google\code\gson\gson\2.8.8\gson-2.8.8.jar;C:\Users\TESTINIUM\.m2\repository\org\jsoup\jsoup\1.14.2\jsoup-1.14.2.jar;C:\Users\TESTINIUM\.m2\repository\com\github\docker-java\docker-java\3.2.12\docker-java-3.2.12.jar;C:\Users\TESTINIUM\.m2\repository\com\github\docker-java\docker-java-core\3.2.12\docker-java-core-3.2.12.jar;C:\Users\TESTINIUM\.m2\repository\com\github\docker-java\docker-java-api\3.2.12\docker-java-api-3.2.12.jar;C:\Users\TESTINIUM\.m2\repository\com\fasterxml\jackson\core\jackson-annotations\2.10.3\jackson-annotations-2.10.3.jar;C:\Users\TESTINIUM\.m2\repository\org\apache\commons\commons-compress\1.21\commons-compress-1.21.jar;C:\Users\TESTINIUM\.m2\repository\com\fasterxml\jackson\core\jackson-databind\2.10.3\jackson-databind-2.10.3.jar;C:\Users\TESTINIUM\.m2\repository\com\fasterxml\jackson\core\jackson-core\2.10.3\jackson-core-2.10.3.jar;C:\Users\TESTINIUM\.m2\repository\org\bouncycastle\bcpkix-jdk15on\1.64\bcpkix-jdk15on-1.64.jar;C:\Users\TESTINIUM\.m2\repository\org\bouncycastle\bcprov-jdk15on\1.64\bcprov-jdk15on-1.64.jar;C:\Users\TESTINIUM\.m2\repository\org\slf4j\jcl-over-slf4j\1.7.30\jcl-over-slf4j-1.7.30.jar;C:\Users\TESTINIUM\.m2\repository\com\github\docker-java\docker-java-transport-httpclient5\3.2.12\docker-java-transport-httpclient5-3.2.12.jar;C:\Users\TESTINIUM\.m2\repository\com\github\docker-java\docker-java-transport\3.2.12\docker-java-transport-3.2.12.jar;C:\Users\TESTINIUM\.m2\repository\org\apache\httpcomponents\client5\httpclient5\5.0.3\httpclient5-5.0.3.jar;C:\Users\TESTINIUM\.m2\repository\org\apache\httpcomponents\core5\httpcore5\5.0.2\httpcore5-5.0.2.jar;C:\Users\TESTINIUM\.m2\repository\net\java\dev\jna\jna\5.8.0\jna-5.8.0.jar;C:\Users\TESTINIUM\.m2\repository\org\brotli\dec\0.1.2\dec-0.1.2.jar;C:\Users\TESTINIUM\.m2\repository\io\rest-assured\rest-assured\4.4.0\rest-assured-4.4.0.jar;C:\Users\TESTINIUM\.m2\repository\org\codehaus\groovy\groovy\3.0.8\groovy-3.0.8.jar;C:\Users\TESTINIUM\.m2\repository\org\codehaus\groovy\groovy-xml\3.0.8\groovy-xml-3.0.8.jar;C:\Users\TESTINIUM\.m2\repository\org\apache\httpcomponents\httpclient\4.5.13\httpclient-4.5.13.jar;C:\Users\TESTINIUM\.m2\repository\org\apache\httpcomponents\httpcore\4.4.13\httpcore-4.4.13.jar;C:\Users\TESTINIUM\.m2\repository\commons-logging\commons-logging\1.2\commons-logging-1.2.jar;C:\Users\TESTINIUM\.m2\repository\commons-codec\commons-codec\1.11\commons-codec-1.11.jar;C:\Users\TESTINIUM\.m2\repository\org\apache\httpcomponents\httpmime\4.5.13\httpmime-4.5.13.jar;C:\Users\TESTINIUM\.m2\repository\org\hamcrest\hamcrest\2.1\hamcrest-2.1.jar;C:\Users\TESTINIUM\.m2\repository\org\ccil\cowan\tagsoup\tagsoup\1.2.1\tagsoup-1.2.1.jar;C:\Users\TESTINIUM\.m2\repository\io\rest-assured\json-path\4.4.0\json-path-4.4.0.jar;C:\Users\TESTINIUM\.m2\repository\org\codehaus\groovy\groovy-json\3.0.8\groovy-json-3.0.8.jar;C:\Users\TESTINIUM\.m2\repository\io\rest-assured\rest-assured-common\4.4.0\rest-assured-common-4.4.0.jar;C:\Users\TESTINIUM\.m2\repository\io\rest-assured\xml-path\4.4.0\xml-path-4.4.0.jar;C:\Users\TESTINIUM\.m2\repository\org\apache\commons\commons-lang3\3.11\commons-lang3-3.11.jar;C:\Users\TESTINIUM\.m2\repository\jakarta\xml\bind\jakarta.xml.bind-api\2.3.3\jakarta.xml.bind-api-2.3.3.jar;C:\Users\TESTINIUM\.m2\repository\jakarta\activation\jakarta.activation-api\1.2.2\jakarta.activation-api-1.2.2.jar;C:\Users\TESTINIUM\.m2\repository\com\sun\xml\bind\jaxb-impl\2.3.3\jaxb-impl-2.3.3.jar
06-12-2021 15:13:49.928 [Gauge] [DEBUG] Checking updates...
06-12-2021 15:13:49.931 [Gauge] [DEBUG] Downloading https://downloads.gauge.org/plugin/html-report?l=java&p=html-report,java,screenshot,spectacle,xml-report&o=windows&a=amd64
06-12-2021 15:13:50.328 [Gauge] [DEBUG] Downloading https://downloads.gauge.org/plugin/java?l=java&p=html-report,java,screenshot,spectacle,xml-report&o=windows&a=amd64
06-12-2021 15:13:50.489 [Gauge] [DEBUG] Downloading https://downloads.gauge.org/plugin/screenshot?l=java&p=html-report,java,screenshot,spectacle,xml-report&o=windows&a=amd64
06-12-2021 15:13:50.632 [java] [DEBUG] Connecting to port: 53886
06-12-2021 15:13:50.690 [Gauge] [DEBUG] Downloading https://downloads.gauge.org/plugin/spectacle?l=java&p=html-report,java,screenshot,spectacle,xml-report&o=windows&a=amd64
06-12-2021 15:13:50.750 [Gauge] [DEBUG] Established connection to runner.
06-12-2021 15:13:50.750 [Gauge] [DEBUG] Validation started.
06-12-2021 15:13:50.750 [java] [DEBUG] Connected to 127.0.0.1:53886
06-12-2021 15:13:50.888 [Gauge] [DEBUG] Downloading https://downloads.gauge.org/plugin/xml-report?l=java&p=html-report,java,screenshot,spectacle,xml-report&o=windows&a=amd64
06-12-2021 15:13:56.824 [java] [DEBUG] Scanning packages for steps
06-12-2021 15:13:56.845 [java] [DEBUG] Scanning packages for hooks
06-12-2021 15:14:00.506 [Gauge] [DEBUG] Validation completed.
06-12-2021 15:14:00.511 [Gauge] [DEBUG] Run started
06-12-2021 15:14:00.512 [Gauge] [DEBUG] Starting Html Report plugin
06-12-2021 15:14:00.548 [Gauge] [DEBUG] Attempting to connect to grpc server at port: 56784
06-12-2021 15:14:00.557 [Gauge] [DEBUG] Successfully made the connection with plugin with port: 56784
06-12-2021 15:14:00.557 [Gauge] [DEBUG] Initialising suite data store.
06-12-2021 15:14:00.874 [java] [INFO] SLF4J: Failed to load class "org.slf4j.impl.StaticLoggerBinder".
06-12-2021 15:14:00.874 [java] [INFO] SLF4J: Defaulting to no-operation (NOP) logger implementation
06-12-2021 15:14:00.874 [java] [INFO] SLF4J: See http://www.slf4j.org/codes.html#StaticLoggerBinder for further details.
06-12-2021 15:14:04.341 [html-report] [DEBUG] Transformed SuiteResult to report structure
06-12-2021 15:14:04.404 [html-report] [INFO] Successfully generated html-report to => C:\Users\TESTINIUM\IdeaProjects\BitexenApiProject\reports\html-report\index.html
06-12-2021 15:14:04.404 [html-report] [DEBUG] Done generating HTML report using theme from C:\Users\TESTINIUM\AppData\Roaming\gauge\plugins\html-report\4.0.12\themes\default
06-12-2021 15:14:04.404 [Gauge] [DEBUG] Sending kill message to Html Report plugin.
06-12-2021 15:14:04.405 [Gauge] [DEBUG] Sending kill message to runner.
06-12-2021 15:14:04.407 [java] [DEBUG] Kill process request recieved
06-12-2021 15:14:04.516 [Gauge] [DEBUG] Runner with PID:20560 has exited
06-12-2021 15:14:04.516 [Gauge] [INFO] Specifications:	1 executed	1 passed	0 failed	0 skipped
06-12-2021 15:14:04.516 [Gauge] [INFO] Scenarios:	1 executed	1 passed	0 failed	0 skipped
06-12-2021 15:14:04.523 [Gauge] [INFO] 
Total time taken: 3.823s
06-12-2021 15:14:04.524 [Gauge] [INFO] Updates are available. Run `gauge update -c` for more info.
06-12-2021 23:18:19.472 [Gauge] [DEBUG] Created gauge_screenshots_dir at C:\Users\TESTINIUM\IdeaProjects\BitexenApiProject\.gauge\screenshots
06-12-2021 23:18:19.484 [Gauge] [DEBUG] Plugin java is already installed.
06-12-2021 23:18:19.491 [Gauge] [DEBUG] Plugin html-report is already installed.
06-12-2021 23:18:19.493 [Gauge] [DEBUG] Parsing started.
06-12-2021 23:18:19.493 [Gauge] [DEBUG] Started concepts parsing.
06-12-2021 23:18:19.498 [Gauge] [DEBUG] 2 concepts parsing completed.
06-12-2021 23:18:19.498 [Gauge] [DEBUG] Started specifications parsing.
06-12-2021 23:18:19.499 [Gauge] [DEBUG] 1 specifications parsing completed.
06-12-2021 23:18:19.501 [Gauge] [DEBUG] Parsing completed.
06-12-2021 23:18:19.506 [Gauge] [DEBUG] Staring java runner
06-12-2021 23:18:19.605 [java] [DEBUG] classpath set to C:\Program Files (x86)\Java\jdk1.8.0_271\jre\lib\charsets.jar;C:\Program Files (x86)\Java\jdk1.8.0_271\jre\lib\deploy.jar;C:\Program Files (x86)\Java\jdk1.8.0_271\jre\lib\ext\access-bridge-32.jar;C:\Program Files (x86)\Java\jdk1.8.0_271\jre\lib\ext\cldrdata.jar;C:\Program Files (x86)\Java\jdk1.8.0_271\jre\lib\ext\dnsns.jar;C:\Program Files (x86)\Java\jdk1.8.0_271\jre\lib\ext\jaccess.jar;C:\Program Files (x86)\Java\jdk1.8.0_271\jre\lib\ext\jfxrt.jar;C:\Program Files (x86)\Java\jdk1.8.0_271\jre\lib\ext\localedata.jar;C:\Program Files (x86)\Java\jdk1.8.0_271\jre\lib\ext\nashorn.jar;C:\Program Files (x86)\Java\jdk1.8.0_271\jre\lib\ext\sunec.jar;C:\Program Files (x86)\Java\jdk1.8.0_271\jre\lib\ext\sunjce_provider.jar;C:\Program Files (x86)\Java\jdk1.8.0_271\jre\lib\ext\sunmscapi.jar;C:\Program Files (x86)\Java\jdk1.8.0_271\jre\lib\ext\sunpkcs11.jar;C:\Program Files (x86)\Java\jdk1.8.0_271\jre\lib\ext\zipfs.jar;C:\Program Files (x86)\Java\jdk1.8.0_271\jre\lib\javaws.jar;C:\Program Files (x86)\Java\jdk1.8.0_271\jre\lib\jce.jar;C:\Program Files (x86)\Java\jdk1.8.0_271\jre\lib\jfr.jar;C:\Program Files (x86)\Java\jdk1.8.0_271\jre\lib\jfxswt.jar;C:\Program Files (x86)\Java\jdk1.8.0_271\jre\lib\jsse.jar;C:\Program Files (x86)\Java\jdk1.8.0_271\jre\lib\management-agent.jar;C:\Program Files (x86)\Java\jdk1.8.0_271\jre\lib\plugin.jar;C:\Program Files (x86)\Java\jdk1.8.0_271\jre\lib\resources.jar;C:\Program Files (x86)\Java\jdk1.8.0_271\jre\lib\rt.jar;C:\Users\TESTINIUM\IdeaProjects\BitexenApiProject\target\test-classes;C:\Users\TESTINIUM\.m2\repository\org\seleniumhq\selenium\selenium-java\3.141.59\selenium-java-3.141.59.jar;C:\Users\TESTINIUM\.m2\repository\org\seleniumhq\selenium\selenium-api\3.141.59\selenium-api-3.141.59.jar;C:\Users\TESTINIUM\.m2\repository\org\seleniumhq\selenium\selenium-edge-driver\3.141.59\selenium-edge-driver-3.141.59.jar;C:\Users\TESTINIUM\.m2\repository\org\seleniumhq\selenium\selenium-firefox-driver\3.141.59\selenium-firefox-driver-3.141.59.jar;C:\Users\TESTINIUM\.m2\repository\org\seleniumhq\selenium\selenium-ie-driver\3.141.59\selenium-ie-driver-3.141.59.jar;C:\Users\TESTINIUM\.m2\repository\org\seleniumhq\selenium\selenium-opera-driver\3.141.59\selenium-opera-driver-3.141.59.jar;C:\Users\TESTINIUM\.m2\repository\org\seleniumhq\selenium\selenium-remote-driver\3.141.59\selenium-remote-driver-3.141.59.jar;C:\Users\TESTINIUM\.m2\repository\org\seleniumhq\selenium\selenium-safari-driver\3.141.59\selenium-safari-driver-3.141.59.jar;C:\Users\TESTINIUM\.m2\repository\org\seleniumhq\selenium\selenium-support\3.141.59\selenium-support-3.141.59.jar;C:\Users\TESTINIUM\.m2\repository\net\bytebuddy\byte-buddy\1.8.15\byte-buddy-1.8.15.jar;C:\Users\TESTINIUM\.m2\repository\org\apache\commons\commons-exec\1.3\commons-exec-1.3.jar;C:\Users\TESTINIUM\.m2\repository\com\google\guava\guava\25.0-jre\guava-25.0-jre.jar;C:\Users\TESTINIUM\.m2\repository\com\google\code\findbugs\jsr305\1.3.9\jsr305-1.3.9.jar;C:\Users\TESTINIUM\.m2\repository\org\checkerframework\checker-compat-qual\2.0.0\checker-compat-qual-2.0.0.jar;C:\Users\TESTINIUM\.m2\repository\com\google\errorprone\error_prone_annotations\2.1.3\error_prone_annotations-2.1.3.jar;C:\Users\TESTINIUM\.m2\repository\com\google\j2objc\j2objc-annotations\1.1\j2objc-annotations-1.1.jar;C:\Users\TESTINIUM\.m2\repository\org\codehaus\mojo\animal-sniffer-annotations\1.14\animal-sniffer-annotations-1.14.jar;C:\Users\TESTINIUM\.m2\repository\com\squareup\okhttp3\okhttp\3.11.0\okhttp-3.11.0.jar;C:\Users\TESTINIUM\.m2\repository\com\squareup\okio\okio\1.14.0\okio-1.14.0.jar;C:\Users\TESTINIUM\.m2\repository\org\seleniumhq\selenium\selenium-chrome-driver\3.141.59\selenium-chrome-driver-3.141.59.jar;C:\Users\TESTINIUM\.m2\repository\org\junit\jupiter\junit-jupiter-api\5.7.0\junit-jupiter-api-5.7.0.jar;C:\Users\TESTINIUM\.m2\repository\org\apiguardian\apiguardian-api\1.1.0\apiguardian-api-1.1.0.jar;C:\Users\TESTINIUM\.m2\repository\org\opentest4j\opentest4j\1.2.0\opentest4j-1.2.0.jar;C:\Users\TESTINIUM\.m2\repository\org\junit\platform\junit-platform-commons\1.7.0\junit-platform-commons-1.7.0.jar;C:\Users\TESTINIUM\.m2\repository\com\thoughtworks\gauge\gauge-java\0.7.3\gauge-java-0.7.3.jar;C:\Users\TESTINIUM\.m2\repository\org\assertj\assertj-core\3.14.0\assertj-core-3.14.0.jar;C:\Users\TESTINIUM\.m2\repository\org\reflections\reflections\0.9.11\reflections-0.9.11.jar;C:\Users\TESTINIUM\.m2\repository\org\javassist\javassist\3.21.0-GA\javassist-3.21.0-GA.jar;C:\Users\TESTINIUM\.m2\repository\com\github\javaparser\javaparser-core\2.5.1\javaparser-core-2.5.1.jar;C:\Users\TESTINIUM\.m2\repository\commons-io\commons-io\2.6\commons-io-2.6.jar;C:\Users\TESTINIUM\.m2\repository\commons-lang\commons-lang\2.6\commons-lang-2.6.jar;C:\Users\TESTINIUM\.m2\repository\com\google\protobuf\protobuf-java\3.10.0\protobuf-java-3.10.0.jar;C:\Users\TESTINIUM\.m2\repository\io\grpc\grpc-netty-shaded\1.25.0\grpc-netty-shaded-1.25.0.jar;C:\Users\TESTINIUM\.m2\repository\io\grpc\grpc-core\1.25.0\grpc-core-1.25.0.jar;C:\Users\TESTINIUM\.m2\repository\io\grpc\grpc-api\1.25.0\grpc-api-1.25.0.jar;C:\Users\TESTINIUM\.m2\repository\io\grpc\grpc-context\1.25.0\grpc-context-1.25.0.jar;C:\Users\TESTINIUM\.m2\repository\com\google\android\annotations\4.1.1.4\annotations-4.1.1.4.jar;C:\Users\TESTINIUM\.m2\repository\io\perfmark\perfmark-api\0.19.0\perfmark-api-0.19.0.jar;C:\Users\TESTINIUM\.m2\repository\io\opencensus\opencensus-api\0.21.0\opencensus-api-0.21.0.jar;C:\Users\TESTINIUM\.m2\repository\io\opencensus\opencensus-contrib-grpc-metrics\0.21.0\opencensus-contrib-grpc-metrics-0.21.0.jar;C:\Users\TESTINIUM\.m2\repository\io\grpc\grpc-protobuf\1.24.1\grpc-protobuf-1.24.1.jar;C:\Users\TESTINIUM\.m2\repository\com\google\api\grpc\proto-google-common-protos\1.12.0\proto-google-common-protos-1.12.0.jar;C:\Users\TESTINIUM\.m2\repository\io\grpc\grpc-protobuf-lite\1.24.1\grpc-protobuf-lite-1.24.1.jar;C:\Users\TESTINIUM\.m2\repository\io\grpc\grpc-stub\1.24.1\grpc-stub-1.24.1.jar;C:\Users\TESTINIUM\.m2\repository\javax\annotation\javax.annotation-api\1.3.2\javax.annotation-api-1.3.2.jar;C:\Users\TESTINIUM\.m2\repository\junit\junit\4.13.2\junit-4.13.2.jar;C:\Users\TESTINIUM\.m2\repository\org\hamcrest\hamcrest-core\1.3\hamcrest-core-1.3.jar;C:\Users\TESTINIUM\.m2\repository\org\json\json\20210307\json-20210307.jar;C:\Users\TESTINIUM\.m2\repository\io\github\bonigarcia\webdrivermanager\5.0.3\webdrivermanager-5.0.3.jar;C:\Users\TESTINIUM\.m2\repository\org\slf4j\slf4j-api\1.7.32\slf4j-api-1.7.32.jar;C:\Users\TESTINIUM\.m2\repository\com\google\code\gson\gson\2.8.8\gson-2.8.8.jar;C:\Users\TESTINIUM\.m2\repository\org\jsoup\jsoup\1.14.2\jsoup-1.14.2.jar;C:\Users\TESTINIUM\.m2\repository\com\github\docker-java\docker-java\3.2.12\docker-java-3.2.12.jar;C:\Users\TESTINIUM\.m2\repository\com\github\docker-java\docker-java-core\3.2.12\docker-java-core-3.2.12.jar;C:\Users\TESTINIUM\.m2\repository\com\github\docker-java\docker-java-api\3.2.12\docker-java-api-3.2.12.jar;C:\Users\TESTINIUM\.m2\repository\com\fasterxml\jackson\core\jackson-annotations\2.10.3\jackson-annotations-2.10.3.jar;C:\Users\TESTINIUM\.m2\repository\org\apache\commons\commons-compress\1.21\commons-compress-1.21.jar;C:\Users\TESTINIUM\.m2\repository\com\fasterxml\jackson\core\jackson-databind\2.10.3\jackson-databind-2.10.3.jar;C:\Users\TESTINIUM\.m2\repository\com\fasterxml\jackson\core\jackson-core\2.10.3\jackson-core-2.10.3.jar;C:\Users\TESTINIUM\.m2\repository\org\bouncycastle\bcpkix-jdk15on\1.64\bcpkix-jdk15on-1.64.jar;C:\Users\TESTINIUM\.m2\repository\org\bouncycastle\bcprov-jdk15on\1.64\bcprov-jdk15on-1.64.jar;C:\Users\TESTINIUM\.m2\repository\org\slf4j\jcl-over-slf4j\1.7.30\jcl-over-slf4j-1.7.30.jar;C:\Users\TESTINIUM\.m2\repository\com\github\docker-java\docker-java-transport-httpclient5\3.2.12\docker-java-transport-httpclient5-3.2.12.jar;C:\Users\TESTINIUM\.m2\repository\com\github\docker-java\docker-java-transport\3.2.12\docker-java-transport-3.2.12.jar;C:\Users\TESTINIUM\.m2\repository\org\apache\httpcomponents\client5\httpclient5\5.0.3\httpclient5-5.0.3.jar;C:\Users\TESTINIUM\.m2\repository\org\apache\httpcomponents\core5\httpcore5\5.0.2\httpcore5-5.0.2.jar;C:\Users\TESTINIUM\.m2\repository\net\java\dev\jna\jna\5.8.0\jna-5.8.0.jar;C:\Users\TESTINIUM\.m2\repository\org\brotli\dec\0.1.2\dec-0.1.2.jar;C:\Users\TESTINIUM\.m2\repository\io\rest-assured\rest-assured\4.4.0\rest-assured-4.4.0.jar;C:\Users\TESTINIUM\.m2\repository\org\codehaus\groovy\groovy\3.0.8\groovy-3.0.8.jar;C:\Users\TESTINIUM\.m2\repository\org\codehaus\groovy\groovy-xml\3.0.8\groovy-xml-3.0.8.jar;C:\Users\TESTINIUM\.m2\repository\org\apache\httpcomponents\httpclient\4.5.13\httpclient-4.5.13.jar;C:\Users\TESTINIUM\.m2\repository\org\apache\httpcomponents\httpcore\4.4.13\httpcore-4.4.13.jar;C:\Users\TESTINIUM\.m2\repository\commons-logging\commons-logging\1.2\commons-logging-1.2.jar;C:\Users\TESTINIUM\.m2\repository\commons-codec\commons-codec\1.11\commons-codec-1.11.jar;C:\Users\TESTINIUM\.m2\repository\org\apache\httpcomponents\httpmime\4.5.13\httpmime-4.5.13.jar;C:\Users\TESTINIUM\.m2\repository\org\hamcrest\hamcrest\2.1\hamcrest-2.1.jar;C:\Users\TESTINIUM\.m2\repository\org\ccil\cowan\tagsoup\tagsoup\1.2.1\tagsoup-1.2.1.jar;C:\Users\TESTINIUM\.m2\repository\io\rest-assured\json-path\4.4.0\json-path-4.4.0.jar;C:\Users\TESTINIUM\.m2\repository\org\codehaus\groovy\groovy-json\3.0.8\groovy-json-3.0.8.jar;C:\Users\TESTINIUM\.m2\repository\io\rest-assured\rest-assured-common\4.4.0\rest-assured-common-4.4.0.jar;C:\Users\TESTINIUM\.m2\repository\io\rest-assured\xml-path\4.4.0\xml-path-4.4.0.jar;C:\Users\TESTINIUM\.m2\repository\org\apache\commons\commons-lang3\3.11\commons-lang3-3.11.jar;C:\Users\TESTINIUM\.m2\repository\jakarta\xml\bind\jakarta.xml.bind-api\2.3.3\jakarta.xml.bind-api-2.3.3.jar;C:\Users\TESTINIUM\.m2\repository\jakarta\activation\jakarta.activation-api\1.2.2\jakarta.activation-api-1.2.2.jar;C:\Users\TESTINIUM\.m2\repository\com\sun\xml\bind\jaxb-impl\2.3.3\jaxb-impl-2.3.3.jar
06-12-2021 23:18:19.879 [Gauge] [DEBUG] Checking updates...
06-12-2021 23:18:19.882 [Gauge] [DEBUG] Downloading https://downloads.gauge.org/plugin/html-report?l=java&p=html-report,java,screenshot,spectacle,xml-report&o=windows&a=amd64
06-12-2021 23:18:20.157 [java] [DEBUG] Connecting to port: 51547
06-12-2021 23:18:20.178 [Gauge] [DEBUG] Established connection to runner.
06-12-2021 23:18:20.178 [Gauge] [DEBUG] Validation started.
06-12-2021 23:18:20.178 [java] [DEBUG] Connected to 127.0.0.1:51547
06-12-2021 23:18:20.475 [Gauge] [DEBUG] Downloading https://downloads.gauge.org/plugin/java?l=java&p=html-report,java,screenshot,spectacle,xml-report&o=windows&a=amd64
06-12-2021 23:18:20.667 [Gauge] [DEBUG] Downloading https://downloads.gauge.org/plugin/screenshot?l=java&p=html-report,java,screenshot,spectacle,xml-report&o=windows&a=amd64
06-12-2021 23:18:20.970 [Gauge] [DEBUG] Downloading https://downloads.gauge.org/plugin/spectacle?l=java&p=html-report,java,screenshot,spectacle,xml-report&o=windows&a=amd64
06-12-2021 23:18:21.288 [Gauge] [DEBUG] Downloading https://downloads.gauge.org/plugin/xml-report?l=java&p=html-report,java,screenshot,spectacle,xml-report&o=windows&a=amd64
06-12-2021 23:18:26.359 [java] [DEBUG] Scanning packages for steps
06-12-2021 23:18:26.386 [java] [DEBUG] Scanning packages for hooks
06-12-2021 23:18:31.027 [Gauge] [DEBUG] Validation completed.
06-12-2021 23:18:31.031 [Gauge] [DEBUG] Run started
06-12-2021 23:18:31.032 [Gauge] [DEBUG] Starting Html Report plugin
06-12-2021 23:18:31.146 [Gauge] [DEBUG] Attempting to connect to grpc server at port: 51558
06-12-2021 23:18:31.159 [Gauge] [DEBUG] Successfully made the connection with plugin with port: 51558
06-12-2021 23:18:31.159 [Gauge] [DEBUG] Initialising suite data store.
06-12-2021 23:18:31.463 [java] [INFO] SLF4J: Failed to load class "org.slf4j.impl.StaticLoggerBinder".
06-12-2021 23:18:31.463 [java] [INFO] SLF4J: Defaulting to no-operation (NOP) logger implementation
06-12-2021 23:18:31.463 [java] [INFO] SLF4J: See http://www.slf4j.org/codes.html#StaticLoggerBinder for further details.
06-12-2021 23:18:35.549 [html-report] [DEBUG] Transformed SuiteResult to report structure
06-12-2021 23:18:35.611 [html-report] [INFO] Successfully generated html-report to => C:\Users\TESTINIUM\IdeaProjects\BitexenApiProject\reports\html-report\index.html
06-12-2021 23:18:35.611 [html-report] [DEBUG] Done generating HTML report using theme from C:\Users\TESTINIUM\AppData\Roaming\gauge\plugins\html-report\4.0.12\themes\default
06-12-2021 23:18:35.611 [Gauge] [DEBUG] Sending kill message to Html Report plugin.
06-12-2021 23:18:35.614 [Gauge] [DEBUG] Sending kill message to runner.
06-12-2021 23:18:35.615 [java] [DEBUG] Kill process request recieved
06-12-2021 23:18:35.944 [Gauge] [DEBUG] Runner with PID:8416 has exited
06-12-2021 23:18:35.944 [Gauge] [INFO] Specifications:	1 executed	0 passed	1 failed	0 skipped
06-12-2021 23:18:35.944 [Gauge] [INFO] Scenarios:	1 executed	0 passed	1 failed	0 skipped
06-12-2021 23:18:35.945 [Gauge] [INFO] 
Total time taken: 4.488s
06-12-2021 23:18:35.946 [Gauge] [INFO] Updates are available. Run `gauge update -c` for more info.
